dghubble@LMercury:~$ git clone https://github.com/dghubble/6863-final-project.git
Cloning into '6863-final-project'...
remote: Counting objects: 483, done.
remote: Compressing objects: 100% (133/133), done.
remote: Total 483 (delta 339), reused 483 (delta 339)
Receiving objects: 100% (483/483), 230.52 KiB | 120 KiB/s, done.
Resolving deltas: 100% (339/339), done.

dghubble@LMercury:~$ cd 6863-final-project/

dghubble@LMercury:~/6863-final-project$ ls
catalogs.py     event_models.py    query_models.py       texts
config.py       find_temporals.py  README.md             timex.py
datastores.py   pip-env-reqs.txt   shelved_data          util.py
date_models.py  queries            temporal_analyzer.py

dghubble@LMercury:~/6863-final-project$ virtualenv 6863-env
New python executable in 6863-env/bin/python
Installing distribute.............................................................................................................................................................................................done.
Installing pip...............done.
dghubble@LMercury:~/6863-final-project$ source 6863-env/bin/activate
(6863-env)dghubble@LMercury:~/6863-final-project$ pip install nltk
Downloading/unpacking nltk
  Downloading nltk-2.0.4.tar.gz (955Kb): 955Kb downloaded
  Running setup.py egg_info for package nltk
    
    warning: no previously-included files matching '*~' found anywhere in distribution
Downloading/unpacking PyYAML>=3.09 (from nltk)
  Downloading PyYAML-3.10.tar.gz (241Kb): 241Kb downloaded
  Running setup.py egg_info for package PyYAML
    
Installing collected packages: nltk, PyYAML
  Running setup.py install for nltk
    
    warning: no previously-included files matching '*~' found anywhere in distribution
  Running setup.py install for PyYAML
    checking if libyaml is compilable
    gcc -pthread -fno-strict-aliasing -DNDEBUG -g -fwrapv -O2 -Wall -Wstrict-prototypes -fPIC -I/usr/include/python2.7 -c build/temp.linux-x86_64-2.7/check_libyaml.c -o build/temp.linux-x86_64-2.7/check_libyaml.o
    build/temp.linux-x86_64-2.7/check_libyaml.c:2:18: fatal error: yaml.h: No such file or directory
    compilation terminated.
    
    libyaml is not found or a compiler error: forcing --without-libyaml
    (if libyaml is installed correctly, you may need to
     specify the option --include-dirs or uncomment and
     modify the parameter include_dirs in setup.cfg)
    
Successfully installed nltk PyYAML
Cleaning up...
(6863-env)dghubble@LMercury:~/6863-final-project$ pip install -r pip-env-reqs.txt 
Downloading/unpacking BeautifulSoup==3.2.1 (from -r pip-env-reqs.txt (line 1))
  Downloading BeautifulSoup-3.2.1.tar.gz
  Running setup.py egg_info for package BeautifulSoup
    
Requirement already satisfied (use --upgrade to upgrade): PyYAML==3.10 in ./6863-env/lib/python2.7/site-packages (from -r pip-env-reqs.txt (line 2))
Requirement already satisfied (use --upgrade to upgrade): argparse==1.2.1 in /usr/lib/python2.7 (from -r pip-env-reqs.txt (line 3))
Requirement already satisfied (use --upgrade to upgrade): distribute==0.6.24 in ./6863-env/lib/python2.7/site-packages/distribute-0.6.24-py2.7.egg (from -r pip-env-reqs.txt (line 4))
Downloading/unpacking ipython==0.13.1 (from -r pip-env-reqs.txt (line 5))
  Downloading ipython-0.13.1.zip (6.3Mb): 6.3Mb downloaded
  Running setup.py egg_info for package ipython
    
Requirement already satisfied (use --upgrade to upgrade): nltk==2.0.4 in ./6863-env/lib/python2.7/site-packages (from -r pip-env-reqs.txt (line 6))
Downloading/unpacking numpy==1.6.2 (from -r pip-env-reqs.txt (line 7))
  Downloading numpy-1.6.2.tar.gz (2.6Mb): 2.6Mb downloaded
  Running setup.py egg_info for package numpy
    Running from numpy source directory./bin/sh: 1: svnversion: not found
    non-existing path in 'numpy/distutils': 'site.cfg'
    F2PY Version 2
    blas_opt_info:
    blas_mkl_info:
      libraries mkl,vml,guide not found in /home/dghubble/6863-final-project/6863-env/lib
      libraries mkl,vml,guide not found in /usr/local/lib
      libraries mkl,vml,guide not found in /usr/lib
      NOT AVAILABLE
    
    atlas_blas_threads_info:
    Setting PTATLAS=ATLAS
      libraries ptf77blas,ptcblas,atlas not found in /home/dghubble/6863-final-project/6863-env/lib
      libraries ptf77blas,ptcblas,atlas not found in /usr/local/lib
      libraries ptf77blas,ptcblas,atlas not found in /usr/lib
      NOT AVAILABLE
    
    atlas_blas_info:
      libraries f77blas,cblas,atlas not found in /home/dghubble/6863-final-project/6863-env/lib
      libraries f77blas,cblas,atlas not found in /usr/local/lib
      libraries f77blas,cblas,atlas not found in /usr/lib
      NOT AVAILABLE
    
    /home/dghubble/6863-final-project/6863-env/build/numpy/numpy/distutils/system_info.py:1425: UserWarning:
        Atlas (http://math-atlas.sourceforge.net/) libraries not found.
        Directories to search for the libraries can be specified in the
        numpy/distutils/site.cfg file (section [atlas]) or by setting
        the ATLAS environment variable.
      warnings.warn(AtlasNotFoundError.__doc__)
    blas_info:
      libraries blas not found in /home/dghubble/6863-final-project/6863-env/lib
      libraries blas not found in /usr/local/lib
      libraries blas not found in /usr/lib
      NOT AVAILABLE
    
    /home/dghubble/6863-final-project/6863-env/build/numpy/numpy/distutils/system_info.py:1434: UserWarning:
        Blas (http://www.netlib.org/blas/) libraries not found.
        Directories to search for the libraries can be specified in the
        numpy/distutils/site.cfg file (section [blas]) or by setting
        the BLAS environment variable.
      warnings.warn(BlasNotFoundError.__doc__)
    blas_src_info:
      NOT AVAILABLE
    
    /home/dghubble/6863-final-project/6863-env/build/numpy/numpy/distutils/system_info.py:1437: UserWarning:
        Blas (http://www.netlib.org/blas/) sources not found.
        Directories to search for the sources can be specified in the
        numpy/distutils/site.cfg file (section [blas_src]) or by setting
        the BLAS_SRC environment variable.
      warnings.warn(BlasSrcNotFoundError.__doc__)
      NOT AVAILABLE
    
    /bin/sh: 1: svnversion: not found
    lapack_opt_info:
    lapack_mkl_info:
    mkl_info:
      libraries mkl,vml,guide not found in /home/dghubble/6863-final-project/6863-env/lib
      libraries mkl,vml,guide not found in /usr/local/lib
      libraries mkl,vml,guide not found in /usr/lib
      NOT AVAILABLE
    
      NOT AVAILABLE
    
    atlas_threads_info:
    Setting PTATLAS=ATLAS
      libraries ptf77blas,ptcblas,atlas not found in /home/dghubble/6863-final-project/6863-env/lib
      libraries lapack_atlas not found in /home/dghubble/6863-final-project/6863-env/lib
      libraries ptf77blas,ptcblas,atlas not found in /usr/local/lib
      libraries lapack_atlas not found in /usr/local/lib
      libraries ptf77blas,ptcblas,atlas not found in /usr/lib
      libraries lapack_atlas not found in /usr/lib
    numpy.distutils.system_info.atlas_threads_info
      NOT AVAILABLE
    
    atlas_info:
      libraries f77blas,cblas,atlas not found in /home/dghubble/6863-final-project/6863-env/lib
      libraries lapack_atlas not found in /home/dghubble/6863-final-project/6863-env/lib
      libraries f77blas,cblas,atlas not found in /usr/local/lib
      libraries lapack_atlas not found in /usr/local/lib
      libraries f77blas,cblas,atlas not found in /usr/lib
      libraries lapack_atlas not found in /usr/lib
    numpy.distutils.system_info.atlas_info
      NOT AVAILABLE
    
    /home/dghubble/6863-final-project/6863-env/build/numpy/numpy/distutils/system_info.py:1340: UserWarning:
        Atlas (http://math-atlas.sourceforge.net/) libraries not found.
        Directories to search for the libraries can be specified in the
        numpy/distutils/site.cfg file (section [atlas]) or by setting
        the ATLAS environment variable.
      warnings.warn(AtlasNotFoundError.__doc__)
    lapack_info:
      libraries lapack not found in /home/dghubble/6863-final-project/6863-env/lib
      libraries lapack not found in /usr/local/lib
      libraries lapack not found in /usr/lib
      NOT AVAILABLE
    
    /home/dghubble/6863-final-project/6863-env/build/numpy/numpy/distutils/system_info.py:1351: UserWarning:
        Lapack (http://www.netlib.org/lapack/) libraries not found.
        Directories to search for the libraries can be specified in the
        numpy/distutils/site.cfg file (section [lapack]) or by setting
        the LAPACK environment variable.
      warnings.warn(LapackNotFoundError.__doc__)
    lapack_src_info:
      NOT AVAILABLE
    
    /home/dghubble/6863-final-project/6863-env/build/numpy/numpy/distutils/system_info.py:1354: UserWarning:
        Lapack (http://www.netlib.org/lapack/) sources not found.
        Directories to search for the sources can be specified in the
        numpy/distutils/site.cfg file (section [lapack_src]) or by setting
        the LAPACK_SRC environment variable.
      warnings.warn(LapackSrcNotFoundError.__doc__)
      NOT AVAILABLE
    
    build_src
    building py_modules sources
    building library "npymath" sources
    customize GnuFCompiler
    Could not locate executable g77
    Could not locate executable f77
    customize IntelFCompiler
    Could not locate executable ifort
    Could not locate executable ifc
    customize LaheyFCompiler
    Could not locate executable lf95
    customize PGroupFCompiler
    Could not locate executable pgfortran
    customize AbsoftFCompiler
    Could not locate executable f90
    customize NAGFCompiler
    Could not locate executable f95
    customize VastFCompiler
    customize CompaqFCompiler
    Could not locate executable fort
    customize IntelItaniumFCompiler
    Could not locate executable efort
    Could not locate executable efc
    customize IntelEM64TFCompiler
    customize Gnu95FCompiler
    Could not locate executable gfortran
    customize G95FCompiler
    Could not locate executable g95
    customize PathScaleFCompiler
    Could not locate executable pathf95
    don't know how to compile Fortran code on platform 'posix'
    C compiler: gcc -pthread -fno-strict-aliasing -DNDEBUG -g -fwrapv -O2 -Wall -Wstrict-prototypes -fPIC
    
    compile options: '-Inumpy/core/src/private -Inumpy/core/src -Inumpy/core -Inumpy/core/src/npymath -Inumpy/core/src/multiarray -Inumpy/core/src/umath -Inumpy/core/include -I/usr/include/python2.7 -c'
    gcc: _configtest.c
    gcc -pthread _configtest.o -o _configtest
    success!
    removing: _configtest.c _configtest.o _configtest
    customize GnuFCompiler
    customize IntelFCompiler
    customize LaheyFCompiler
    customize PGroupFCompiler
    customize AbsoftFCompiler
    customize NAGFCompiler
    customize VastFCompiler
    customize CompaqFCompiler
    customize IntelItaniumFCompiler
    customize IntelEM64TFCompiler
    customize Gnu95FCompiler
    customize G95FCompiler
    customize PathScaleFCompiler
    don't know how to compile Fortran code on platform 'posix'
    customize GnuFCompiler
    customize IntelFCompiler
    customize LaheyFCompiler
    customize PGroupFCompiler
    customize AbsoftFCompiler
    customize NAGFCompiler
    customize VastFCompiler
    customize CompaqFCompiler
    customize IntelItaniumFCompiler
    customize IntelEM64TFCompiler
    customize Gnu95FCompiler
    customize G95FCompiler
    customize PathScaleFCompiler
    don't know how to compile Fortran code on platform 'posix'
    C compiler: gcc -pthread -fno-strict-aliasing -DNDEBUG -g -fwrapv -O2 -Wall -Wstrict-prototypes -fPIC
    
    compile options: '-Inumpy/core/src/private -Inumpy/core/src -Inumpy/core -Inumpy/core/src/npymath -Inumpy/core/src/multiarray -Inumpy/core/src/umath -Inumpy/core/include -I/usr/include/python2.7 -c'
    gcc: _configtest.c
    _configtest.c:1:5: warning: conflicting types for built-in function ‘exp’ [enabled by default]
    gcc -pthread _configtest.o -o _configtest
    _configtest.o: In function `main':
    /home/dghubble/6863-final-project/6863-env/build/numpy/_configtest.c:6: undefined reference to `exp'
    collect2: ld returned 1 exit status
    _configtest.o: In function `main':
    /home/dghubble/6863-final-project/6863-env/build/numpy/_configtest.c:6: undefined reference to `exp'
    collect2: ld returned 1 exit status
    failure.
    removing: _configtest.c _configtest.o
    customize GnuFCompiler
    customize IntelFCompiler
    customize LaheyFCompiler
    customize PGroupFCompiler
    customize AbsoftFCompiler
    customize NAGFCompiler
    customize VastFCompiler
    customize CompaqFCompiler
    customize IntelItaniumFCompiler
    customize IntelEM64TFCompiler
    customize Gnu95FCompiler
    customize G95FCompiler
    customize PathScaleFCompiler
    don't know how to compile Fortran code on platform 'posix'
    customize GnuFCompiler
    customize IntelFCompiler
    customize LaheyFCompiler
    customize PGroupFCompiler
    customize AbsoftFCompiler
    customize NAGFCompiler
    customize VastFCompiler
    customize CompaqFCompiler
    customize IntelItaniumFCompiler
    customize IntelEM64TFCompiler
    customize Gnu95FCompiler
    customize G95FCompiler
    customize PathScaleFCompiler
    don't know how to compile Fortran code on platform 'posix'
    C compiler: gcc -pthread -fno-strict-aliasing -DNDEBUG -g -fwrapv -O2 -Wall -Wstrict-prototypes -fPIC
    
    compile options: '-Inumpy/core/src/private -Inumpy/core/src -Inumpy/core -Inumpy/core/src/npymath -Inumpy/core/src/multiarray -Inumpy/core/src/umath -Inumpy/core/include -I/usr/include/python2.7 -c'
    gcc: _configtest.c
    _configtest.c:1:5: warning: conflicting types for built-in function ‘exp’ [enabled by default]
    gcc -pthread _configtest.o -lm -o _configtest
    success!
    removing: _configtest.c _configtest.o _configtest
    conv_template:> build/src.linux-x86_64-2.7/numpy/core/src/npymath/npy_math.c
    conv_template:> build/src.linux-x86_64-2.7/numpy/core/src/npymath/ieee754.c
    conv_template:> build/src.linux-x86_64-2.7/numpy/core/src/npymath/npy_math_complex.c
    building extension "numpy.core._sort" sources
    Generating build/src.linux-x86_64-2.7/numpy/core/include/numpy/config.h
    customize GnuFCompiler
    customize IntelFCompiler
    customize LaheyFCompiler
    customize PGroupFCompiler
    customize AbsoftFCompiler
    customize NAGFCompiler
    customize VastFCompiler
    customize CompaqFCompiler
    customize IntelItaniumFCompiler
    customize IntelEM64TFCompiler
    customize Gnu95FCompiler
    customize G95FCompiler
    customize PathScaleFCompiler
    don't know how to compile Fortran code on platform 'posix'
    customize GnuFCompiler
    customize IntelFCompiler
    customize LaheyFCompiler
    customize PGroupFCompiler
    customize AbsoftFCompiler
    customize NAGFCompiler
    customize VastFCompiler
    customize CompaqFCompiler
    customize IntelItaniumFCompiler
    customize IntelEM64TFCompiler
    customize Gnu95FCompiler
    customize G95FCompiler
    customize PathScaleFCompiler
    don't know how to compile Fortran code on platform 'posix'
    C compiler: gcc -pthread -fno-strict-aliasing -DNDEBUG -g -fwrapv -O2 -Wall -Wstrict-prototypes -fPIC
    
    compile options: '-Inumpy/core/src/private -Inumpy/core/src -Inumpy/core -Inumpy/core/src/npymath -Inumpy/core/src/multiarray -Inumpy/core/src/umath -Inumpy/core/include -I/usr/include/python2.7 -c'
    gcc: _configtest.c
    success!
    removing: _configtest.c _configtest.o
    customize GnuFCompiler
    customize IntelFCompiler
    customize LaheyFCompiler
    customize PGroupFCompiler
    customize AbsoftFCompiler
    customize NAGFCompiler
    customize VastFCompiler
    customize CompaqFCompiler
    customize IntelItaniumFCompiler
    customize IntelEM64TFCompiler
    customize Gnu95FCompiler
    customize G95FCompiler
    customize PathScaleFCompiler
    don't know how to compile Fortran code on platform 'posix'
    customize GnuFCompiler
    customize IntelFCompiler
    customize LaheyFCompiler
    customize PGroupFCompiler
    customize AbsoftFCompiler
    customize NAGFCompiler
    customize VastFCompiler
    customize CompaqFCompiler
    customize IntelItaniumFCompiler
    customize IntelEM64TFCompiler
    customize Gnu95FCompiler
    customize G95FCompiler
    customize PathScaleFCompiler
    don't know how to compile Fortran code on platform 'posix'
    C compiler: gcc -pthread -fno-strict-aliasing -DNDEBUG -g -fwrapv -O2 -Wall -Wstrict-prototypes -fPIC
    
    compile options: '-Inumpy/core/src/private -Inumpy/core/src -Inumpy/core -Inumpy/core/src/npymath -Inumpy/core/src/multiarray -Inumpy/core/src/umath -Inumpy/core/include -I/usr/include/python2.7 -c'
    gcc: _configtest.c
    success!
    removing: _configtest.c _configtest.o
    customize GnuFCompiler
    customize IntelFCompiler
    customize LaheyFCompiler
    customize PGroupFCompiler
    customize AbsoftFCompiler
    customize NAGFCompiler
    customize VastFCompiler
    customize CompaqFCompiler
    customize IntelItaniumFCompiler
    customize IntelEM64TFCompiler
    customize Gnu95FCompiler
    customize G95FCompiler
    customize PathScaleFCompiler
    don't know how to compile Fortran code on platform 'posix'
    customize GnuFCompiler
    customize IntelFCompiler
    customize LaheyFCompiler
    customize PGroupFCompiler
    customize AbsoftFCompiler
    customize NAGFCompiler
    customize VastFCompiler
    customize CompaqFCompiler
    customize IntelItaniumFCompiler
    customize IntelEM64TFCompiler
    customize Gnu95FCompiler
    customize G95FCompiler
    customize PathScaleFCompiler
    don't know how to compile Fortran code on platform 'posix'
    C compiler: gcc -pthread -fno-strict-aliasing -DNDEBUG -g -fwrapv -O2 -Wall -Wstrict-prototypes -fPIC
    
    compile options: '-Inumpy/core/src/private -Inumpy/core/src -Inumpy/core -Inumpy/core/src/npymath -Inumpy/core/src/multiarray -Inumpy/core/src/umath -Inumpy/core/include -I/usr/include/python2.7 -c'
    gcc: _configtest.c
    _configtest.c:4:5: warning: function declaration isn’t a prototype [-Wstrict-prototypes]
    success!
    removing: _configtest.c _configtest.o
    customize GnuFCompiler
    customize IntelFCompiler
    customize LaheyFCompiler
    customize PGroupFCompiler
    customize AbsoftFCompiler
    customize NAGFCompiler
    customize VastFCompiler
    customize CompaqFCompiler
    customize IntelItaniumFCompiler
    customize IntelEM64TFCompiler
    customize Gnu95FCompiler
    customize G95FCompiler
    customize PathScaleFCompiler
    don't know how to compile Fortran code on platform 'posix'
    customize GnuFCompiler
    customize IntelFCompiler
    customize LaheyFCompiler
    customize PGroupFCompiler
    customize AbsoftFCompiler
    customize NAGFCompiler
    customize VastFCompiler
    customize CompaqFCompiler
    customize IntelItaniumFCompiler
    customize IntelEM64TFCompiler
    customize Gnu95FCompiler
    customize G95FCompiler
    customize PathScaleFCompiler
    don't know how to compile Fortran code on platform 'posix'
    C compiler: gcc -pthread -fno-strict-aliasing -DNDEBUG -g -fwrapv -O2 -Wall -Wstrict-prototypes -fPIC
    
    compile options: '-Inumpy/core/src/private -Inumpy/core/src -Inumpy/core -Inumpy/core/src/npymath -Inumpy/core/src/multiarray -Inumpy/core/src/umath -Inumpy/core/include -I/usr/include/python2.7 -c'
    gcc: _configtest.c
    _configtest.c:4:5: warning: function declaration isn’t a prototype [-Wstrict-prototypes]
    success!
    removing: _configtest.c _configtest.o
    customize GnuFCompiler
    customize IntelFCompiler
    customize LaheyFCompiler
    customize PGroupFCompiler
    customize AbsoftFCompiler
    customize NAGFCompiler
    customize VastFCompiler
    customize CompaqFCompiler
    customize IntelItaniumFCompiler
    customize IntelEM64TFCompiler
    customize Gnu95FCompiler
    customize G95FCompiler
    customize PathScaleFCompiler
    don't know how to compile Fortran code on platform 'posix'
    customize GnuFCompiler
    customize IntelFCompiler
    customize LaheyFCompiler
    customize PGroupFCompiler
    customize AbsoftFCompiler
    customize NAGFCompiler
    customize VastFCompiler
    customize CompaqFCompiler
    customize IntelItaniumFCompiler
    customize IntelEM64TFCompiler
    customize Gnu95FCompiler
    customize G95FCompiler
    customize PathScaleFCompiler
    don't know how to compile Fortran code on platform 'posix'
    C compiler: gcc -pthread -fno-strict-aliasing -DNDEBUG -g -fwrapv -O2 -Wall -Wstrict-prototypes -fPIC
    
    compile options: '-Inumpy/core/src/private -Inumpy/core/src -Inumpy/core -Inumpy/core/src/npymath -Inumpy/core/src/multiarray -Inumpy/core/src/umath -Inumpy/core/include -I/usr/include/python2.7 -c'
    gcc: _configtest.c
    _configtest.c:4:5: warning: function declaration isn’t a prototype [-Wstrict-prototypes]
    success!
    removing: _configtest.c _configtest.o
    customize GnuFCompiler
    customize IntelFCompiler
    customize LaheyFCompiler
    customize PGroupFCompiler
    customize AbsoftFCompiler
    customize NAGFCompiler
    customize VastFCompiler
    customize CompaqFCompiler
    customize IntelItaniumFCompiler
    customize IntelEM64TFCompiler
    customize Gnu95FCompiler
    customize G95FCompiler
    customize PathScaleFCompiler
    don't know how to compile Fortran code on platform 'posix'
    customize GnuFCompiler
    customize IntelFCompiler
    customize LaheyFCompiler
    customize PGroupFCompiler
    customize AbsoftFCompiler
    customize NAGFCompiler
    customize VastFCompiler
    customize CompaqFCompiler
    customize IntelItaniumFCompiler
    customize IntelEM64TFCompiler
    customize Gnu95FCompiler
    customize G95FCompiler
    customize PathScaleFCompiler
    don't know how to compile Fortran code on platform 'posix'
    C compiler: gcc -pthread -fno-strict-aliasing -DNDEBUG -g -fwrapv -O2 -Wall -Wstrict-prototypes -fPIC
    
    compile options: '-Inumpy/core/src/private -Inumpy/core/src -Inumpy/core -Inumpy/core/src/npymath -Inumpy/core/src/multiarray -Inumpy/core/src/umath -Inumpy/core/include -I/usr/include/python2.7 -c'
    gcc: _configtest.c
    _configtest.c:4:5: warning: function declaration isn’t a prototype [-Wstrict-prototypes]
    success!
    removing: _configtest.c _configtest.o
    customize GnuFCompiler
    customize IntelFCompiler
    customize LaheyFCompiler
    customize PGroupFCompiler
    customize AbsoftFCompiler
    customize NAGFCompiler
    customize VastFCompiler
    customize CompaqFCompiler
    customize IntelItaniumFCompiler
    customize IntelEM64TFCompiler
    customize Gnu95FCompiler
    customize G95FCompiler
    customize PathScaleFCompiler
    don't know how to compile Fortran code on platform 'posix'
    C compiler: gcc -pthread -fno-strict-aliasing -DNDEBUG -g -fwrapv -O2 -Wall -Wstrict-prototypes -fPIC
    
    compile options: '-Inumpy/core/src/private -Inumpy/core/src -Inumpy/core -Inumpy/core/src/npymath -Inumpy/core/src/multiarray -Inumpy/core/src/umath -Inumpy/core/include -I/usr/include/python2.7 -c'
    gcc: _configtest.c
    _configtest.c:3:5: warning: function declaration isn’t a prototype [-Wstrict-prototypes]
    _configtest.c: In function ‘main’:
    _configtest.c:5:16: warning: variable ‘test_array’ set but not used [-Wunused-but-set-variable]
    removing: _configtest.c _configtest.o
    C compiler: gcc -pthread -fno-strict-aliasing -DNDEBUG -g -fwrapv -O2 -Wall -Wstrict-prototypes -fPIC
    
    compile options: '-Inumpy/core/src/private -Inumpy/core/src -Inumpy/core -Inumpy/core/src/npymath -Inumpy/core/src/multiarray -Inumpy/core/src/umath -Inumpy/core/include -I/usr/include/python2.7 -c'
    gcc: _configtest.c
    _configtest.c:3:5: warning: function declaration isn’t a prototype [-Wstrict-prototypes]
    _configtest.c: In function ‘main’:
    _configtest.c:5:16: warning: variable ‘test_array’ set but not used [-Wunused-but-set-variable]
    removing: _configtest.c _configtest.o
    customize GnuFCompiler
    customize IntelFCompiler
    customize LaheyFCompiler
    customize PGroupFCompiler
    customize AbsoftFCompiler
    customize NAGFCompiler
    customize VastFCompiler
    customize CompaqFCompiler
    customize IntelItaniumFCompiler
    customize IntelEM64TFCompiler
    customize Gnu95FCompiler
    customize G95FCompiler
    customize PathScaleFCompiler
    don't know how to compile Fortran code on platform 'posix'
    C compiler: gcc -pthread -fno-strict-aliasing -DNDEBUG -g -fwrapv -O2 -Wall -Wstrict-prototypes -fPIC
    
    compile options: '-Inumpy/core/src/private -Inumpy/core/src -Inumpy/core -Inumpy/core/src/npymath -Inumpy/core/src/multiarray -Inumpy/core/src/umath -Inumpy/core/include -I/usr/include/python2.7 -c'
    gcc: _configtest.c
    _configtest.c:3:5: warning: function declaration isn’t a prototype [-Wstrict-prototypes]
    _configtest.c: In function ‘main’:
    _configtest.c:5:16: warning: variable ‘test_array’ set but not used [-Wunused-but-set-variable]
    removing: _configtest.c _configtest.o
    C compiler: gcc -pthread -fno-strict-aliasing -DNDEBUG -g -fwrapv -O2 -Wall -Wstrict-prototypes -fPIC
    
    compile options: '-Inumpy/core/src/private -Inumpy/core/src -Inumpy/core -Inumpy/core/src/npymath -Inumpy/core/src/multiarray -Inumpy/core/src/umath -Inumpy/core/include -I/usr/include/python2.7 -c'
    gcc: _configtest.c
    _configtest.c:3:5: warning: function declaration isn’t a prototype [-Wstrict-prototypes]
    _configtest.c: In function ‘main’:
    _configtest.c:5:16: error: size of array ‘test_array’ is negative
    _configtest.c:5:16: warning: variable ‘test_array’ set but not used [-Wunused-but-set-variable]
    _configtest.c:3:5: warning: function declaration isn’t a prototype [-Wstrict-prototypes]
    _configtest.c: In function ‘main’:
    _configtest.c:5:16: error: size of array ‘test_array’ is negative
    _configtest.c:5:16: warning: variable ‘test_array’ set but not used [-Wunused-but-set-variable]
    C compiler: gcc -pthread -fno-strict-aliasing -DNDEBUG -g -fwrapv -O2 -Wall -Wstrict-prototypes -fPIC
    
    compile options: '-Inumpy/core/src/private -Inumpy/core/src -Inumpy/core -Inumpy/core/src/npymath -Inumpy/core/src/multiarray -Inumpy/core/src/umath -Inumpy/core/include -I/usr/include/python2.7 -c'
    gcc: _configtest.c
    _configtest.c:3:5: warning: function declaration isn’t a prototype [-Wstrict-prototypes]
    _configtest.c: In function ‘main’:
    _configtest.c:5:16: error: size of array ‘test_array’ is negative
    _configtest.c:5:16: warning: variable ‘test_array’ set but not used [-Wunused-but-set-variable]
    _configtest.c:3:5: warning: function declaration isn’t a prototype [-Wstrict-prototypes]
    _configtest.c: In function ‘main’:
    _configtest.c:5:16: error: size of array ‘test_array’ is negative
    _configtest.c:5:16: warning: variable ‘test_array’ set but not used [-Wunused-but-set-variable]
    C compiler: gcc -pthread -fno-strict-aliasing -DNDEBUG -g -fwrapv -O2 -Wall -Wstrict-prototypes -fPIC
    
    compile options: '-Inumpy/core/src/private -Inumpy/core/src -Inumpy/core -Inumpy/core/src/npymath -Inumpy/core/src/multiarray -Inumpy/core/src/umath -Inumpy/core/include -I/usr/include/python2.7 -c'
    gcc: _configtest.c
    _configtest.c:3:5: warning: function declaration isn’t a prototype [-Wstrict-prototypes]
    _configtest.c: In function ‘main’:
    _configtest.c:5:16: error: size of array ‘test_array’ is negative
    _configtest.c:5:16: warning: variable ‘test_array’ set but not used [-Wunused-but-set-variable]
    _configtest.c:3:5: warning: function declaration isn’t a prototype [-Wstrict-prototypes]
    _configtest.c: In function ‘main’:
    _configtest.c:5:16: error: size of array ‘test_array’ is negative
    _configtest.c:5:16: warning: variable ‘test_array’ set but not used [-Wunused-but-set-variable]
    C compiler: gcc -pthread -fno-strict-aliasing -DNDEBUG -g -fwrapv -O2 -Wall -Wstrict-prototypes -fPIC
    
    compile options: '-Inumpy/core/src/private -Inumpy/core/src -Inumpy/core -Inumpy/core/src/npymath -Inumpy/core/src/multiarray -Inumpy/core/src/umath -Inumpy/core/include -I/usr/include/python2.7 -c'
    gcc: _configtest.c
    _configtest.c:3:5: warning: function declaration isn’t a prototype [-Wstrict-prototypes]
    _configtest.c: In function ‘main’:
    _configtest.c:5:16: error: size of array ‘test_array’ is negative
    _configtest.c:5:16: warning: variable ‘test_array’ set but not used [-Wunused-but-set-variable]
    _configtest.c:3:5: warning: function declaration isn’t a prototype [-Wstrict-prototypes]
    _configtest.c: In function ‘main’:
    _configtest.c:5:16: error: size of array ‘test_array’ is negative
    _configtest.c:5:16: warning: variable ‘test_array’ set but not used [-Wunused-but-set-variable]
    C compiler: gcc -pthread -fno-strict-aliasing -DNDEBUG -g -fwrapv -O2 -Wall -Wstrict-prototypes -fPIC
    
    compile options: '-Inumpy/core/src/private -Inumpy/core/src -Inumpy/core -Inumpy/core/src/npymath -Inumpy/core/src/multiarray -Inumpy/core/src/umath -Inumpy/core/include -I/usr/include/python2.7 -c'
    gcc: _configtest.c
    _configtest.c:3:5: warning: function declaration isn’t a prototype [-Wstrict-prototypes]
    _configtest.c: In function ‘main’:
    _configtest.c:5:16: error: size of array ‘test_array’ is negative
    _configtest.c:5:16: warning: variable ‘test_array’ set but not used [-Wunused-but-set-variable]
    _configtest.c:3:5: warning: function declaration isn’t a prototype [-Wstrict-prototypes]
    _configtest.c: In function ‘main’:
    _configtest.c:5:16: error: size of array ‘test_array’ is negative
    _configtest.c:5:16: warning: variable ‘test_array’ set but not used [-Wunused-but-set-variable]
    C compiler: gcc -pthread -fno-strict-aliasing -DNDEBUG -g -fwrapv -O2 -Wall -Wstrict-prototypes -fPIC
    
    compile options: '-Inumpy/core/src/private -Inumpy/core/src -Inumpy/core -Inumpy/core/src/npymath -Inumpy/core/src/multiarray -Inumpy/core/src/umath -Inumpy/core/include -I/usr/include/python2.7 -c'
    gcc: _configtest.c
    _configtest.c:3:5: warning: function declaration isn’t a prototype [-Wstrict-prototypes]
    _configtest.c: In function ‘main’:
    _configtest.c:5:16: error: size of array ‘test_array’ is negative
    _configtest.c:5:16: warning: variable ‘test_array’ set but not used [-Wunused-but-set-variable]
    _configtest.c:3:5: warning: function declaration isn’t a prototype [-Wstrict-prototypes]
    _configtest.c: In function ‘main’:
    _configtest.c:5:16: error: size of array ‘test_array’ is negative
    _configtest.c:5:16: warning: variable ‘test_array’ set but not used [-Wunused-but-set-variable]
    C compiler: gcc -pthread -fno-strict-aliasing -DNDEBUG -g -fwrapv -O2 -Wall -Wstrict-prototypes -fPIC
    
    compile options: '-Inumpy/core/src/private -Inumpy/core/src -Inumpy/core -Inumpy/core/src/npymath -Inumpy/core/src/multiarray -Inumpy/core/src/umath -Inumpy/core/include -I/usr/include/python2.7 -c'
    gcc: _configtest.c
    _configtest.c:3:5: warning: function declaration isn’t a prototype [-Wstrict-prototypes]
    _configtest.c: In function ‘main’:
    _configtest.c:5:16: warning: variable ‘test_array’ set but not used [-Wunused-but-set-variable]
    removing: _configtest.c _configtest.o _configtest.c _configtest.o _configtest.c _configtest.o _configtest.c _configtest.o _configtest.c _configtest.o _configtest.c _configtest.o _configtest.c _configtest.o
    C compiler: gcc -pthread -fno-strict-aliasing -DNDEBUG -g -fwrapv -O2 -Wall -Wstrict-prototypes -fPIC
    
    compile options: '-Inumpy/core/src/private -Inumpy/core/src -Inumpy/core -Inumpy/core/src/npymath -Inumpy/core/src/multiarray -Inumpy/core/src/umath -Inumpy/core/include -I/usr/include/python2.7 -c'
    gcc: _configtest.c
    _configtest.c:3:5: warning: function declaration isn’t a prototype [-Wstrict-prototypes]
    _configtest.c: In function ‘main’:
    _configtest.c:5:16: warning: variable ‘test_array’ set but not used [-Wunused-but-set-variable]
    removing: _configtest.c _configtest.o
    C compiler: gcc -pthread -fno-strict-aliasing -DNDEBUG -g -fwrapv -O2 -Wall -Wstrict-prototypes -fPIC
    
    compile options: '-Inumpy/core/src/private -Inumpy/core/src -Inumpy/core -Inumpy/core/src/npymath -Inumpy/core/src/multiarray -Inumpy/core/src/umath -Inumpy/core/include -I/usr/include/python2.7 -c'
    gcc: _configtest.c
    _configtest.c:3:5: warning: function declaration isn’t a prototype [-Wstrict-prototypes]
    _configtest.c: In function ‘main’:
    _configtest.c:5:16: warning: variable ‘test_array’ set but not used [-Wunused-but-set-variable]
    removing: _configtest.c _configtest.o
    C compiler: gcc -pthread -fno-strict-aliasing -DNDEBUG -g -fwrapv -O2 -Wall -Wstrict-prototypes -fPIC
    
    compile options: '-Inumpy/core/src/private -Inumpy/core/src -Inumpy/core -Inumpy/core/src/npymath -Inumpy/core/src/multiarray -Inumpy/core/src/umath -Inumpy/core/include -I/usr/include/python2.7 -c'
    gcc: _configtest.c
    _configtest.c:3:5: warning: function declaration isn’t a prototype [-Wstrict-prototypes]
    _configtest.c: In function ‘main’:
    _configtest.c:5:16: warning: variable ‘test_array’ set but not used [-Wunused-but-set-variable]
    removing: _configtest.c _configtest.o
    customize GnuFCompiler
    customize IntelFCompiler
    customize LaheyFCompiler
    customize PGroupFCompiler
    customize AbsoftFCompiler
    customize NAGFCompiler
    customize VastFCompiler
    customize CompaqFCompiler
    customize IntelItaniumFCompiler
    customize IntelEM64TFCompiler
    customize Gnu95FCompiler
    customize G95FCompiler
    customize PathScaleFCompiler
    don't know how to compile Fortran code on platform 'posix'
    customize GnuFCompiler
    customize IntelFCompiler
    customize LaheyFCompiler
    customize PGroupFCompiler
    customize AbsoftFCompiler
    customize NAGFCompiler
    customize VastFCompiler
    customize CompaqFCompiler
    customize IntelItaniumFCompiler
    customize IntelEM64TFCompiler
    customize Gnu95FCompiler
    customize G95FCompiler
    customize PathScaleFCompiler
    don't know how to compile Fortran code on platform 'posix'
    C compiler: gcc -pthread -fno-strict-aliasing -DNDEBUG -g -fwrapv -O2 -Wall -Wstrict-prototypes -fPIC
    
    compile options: '-Inumpy/core/src/private -Inumpy/core/src -Inumpy/core -Inumpy/core/src/npymath -Inumpy/core/src/multiarray -Inumpy/core/src/umath -Inumpy/core/include -I/usr/include/python2.7 -c'
    gcc: _configtest.c
    _configtest.c:4:5: warning: function declaration isn’t a prototype [-Wstrict-prototypes]
    success!
    removing: _configtest.c _configtest.o
    customize GnuFCompiler
    customize IntelFCompiler
    customize LaheyFCompiler
    customize PGroupFCompiler
    customize AbsoftFCompiler
    customize NAGFCompiler
    customize VastFCompiler
    customize CompaqFCompiler
    customize IntelItaniumFCompiler
    customize IntelEM64TFCompiler
    customize Gnu95FCompiler
    customize G95FCompiler
    customize PathScaleFCompiler
    don't know how to compile Fortran code on platform 'posix'
    C compiler: gcc -pthread -fno-strict-aliasing -DNDEBUG -g -fwrapv -O2 -Wall -Wstrict-prototypes -fPIC
    
    compile options: '-Inumpy/core/src/private -Inumpy/core/src -Inumpy/core -Inumpy/core/src/npymath -Inumpy/core/src/multiarray -Inumpy/core/src/umath -Inumpy/core/include -I/usr/include/python2.7 -c'
    gcc: _configtest.c
    _configtest.c:3:5: warning: function declaration isn’t a prototype [-Wstrict-prototypes]
    _configtest.c: In function ‘main’:
    _configtest.c:5:16: warning: variable ‘test_array’ set but not used [-Wunused-but-set-variable]
    removing: _configtest.c _configtest.o
    C compiler: gcc -pthread -fno-strict-aliasing -DNDEBUG -g -fwrapv -O2 -Wall -Wstrict-prototypes -fPIC
    
    compile options: '-Inumpy/core/src/private -Inumpy/core/src -Inumpy/core -Inumpy/core/src/npymath -Inumpy/core/src/multiarray -Inumpy/core/src/umath -Inumpy/core/include -I/usr/include/python2.7 -c'
    gcc: _configtest.c
    _configtest.c:3:5: warning: function declaration isn’t a prototype [-Wstrict-prototypes]
    _configtest.c: In function ‘main’:
    _configtest.c:5:16: warning: variable ‘test_array’ set but not used [-Wunused-but-set-variable]
    removing: _configtest.c _configtest.o
    customize GnuFCompiler
    customize IntelFCompiler
    customize LaheyFCompiler
    customize PGroupFCompiler
    customize AbsoftFCompiler
    customize NAGFCompiler
    customize VastFCompiler
    customize CompaqFCompiler
    customize IntelItaniumFCompiler
    customize IntelEM64TFCompiler
    customize Gnu95FCompiler
    customize G95FCompiler
    customize PathScaleFCompiler
    don't know how to compile Fortran code on platform 'posix'
    C compiler: gcc -pthread -fno-strict-aliasing -DNDEBUG -g -fwrapv -O2 -Wall -Wstrict-prototypes -fPIC
    
    compile options: '-Inumpy/core/src/private -Inumpy/core/src -Inumpy/core -Inumpy/core/src/npymath -Inumpy/core/src/multiarray -Inumpy/core/src/umath -Inumpy/core/include -I/usr/include/python2.7 -c'
    gcc: _configtest.c
    _configtest.c:3:5: warning: function declaration isn’t a prototype [-Wstrict-prototypes]
    _configtest.c: In function ‘main’:
    _configtest.c:5:16: warning: variable ‘test_array’ set but not used [-Wunused-but-set-variable]
    removing: _configtest.c _configtest.o
    C compiler: gcc -pthread -fno-strict-aliasing -DNDEBUG -g -fwrapv -O2 -Wall -Wstrict-prototypes -fPIC
    
    compile options: '-Inumpy/core/src/private -Inumpy/core/src -Inumpy/core -Inumpy/core/src/npymath -Inumpy/core/src/multiarray -Inumpy/core/src/umath -Inumpy/core/include -I/usr/include/python2.7 -c'
    gcc: _configtest.c
    _configtest.c:3:5: warning: function declaration isn’t a prototype [-Wstrict-prototypes]
    _configtest.c: In function ‘main’:
    _configtest.c:5:16: error: size of array ‘test_array’ is negative
    _configtest.c:5:16: warning: variable ‘test_array’ set but not used [-Wunused-but-set-variable]
    _configtest.c:3:5: warning: function declaration isn’t a prototype [-Wstrict-prototypes]
    _configtest.c: In function ‘main’:
    _configtest.c:5:16: error: size of array ‘test_array’ is negative
    _configtest.c:5:16: warning: variable ‘test_array’ set but not used [-Wunused-but-set-variable]
    C compiler: gcc -pthread -fno-strict-aliasing -DNDEBUG -g -fwrapv -O2 -Wall -Wstrict-prototypes -fPIC
    
    compile options: '-Inumpy/core/src/private -Inumpy/core/src -Inumpy/core -Inumpy/core/src/npymath -Inumpy/core/src/multiarray -Inumpy/core/src/umath -Inumpy/core/include -I/usr/include/python2.7 -c'
    gcc: _configtest.c
    _configtest.c:3:5: warning: function declaration isn’t a prototype [-Wstrict-prototypes]
    _configtest.c: In function ‘main’:
    _configtest.c:5:16: error: size of array ‘test_array’ is negative
    _configtest.c:5:16: warning: variable ‘test_array’ set but not used [-Wunused-but-set-variable]
    _configtest.c:3:5: warning: function declaration isn’t a prototype [-Wstrict-prototypes]
    _configtest.c: In function ‘main’:
    _configtest.c:5:16: error: size of array ‘test_array’ is negative
    _configtest.c:5:16: warning: variable ‘test_array’ set but not used [-Wunused-but-set-variable]
    C compiler: gcc -pthread -fno-strict-aliasing -DNDEBUG -g -fwrapv -O2 -Wall -Wstrict-prototypes -fPIC
    
    compile options: '-Inumpy/core/src/private -Inumpy/core/src -Inumpy/core -Inumpy/core/src/npymath -Inumpy/core/src/multiarray -Inumpy/core/src/umath -Inumpy/core/include -I/usr/include/python2.7 -c'
    gcc: _configtest.c
    _configtest.c:3:5: warning: function declaration isn’t a prototype [-Wstrict-prototypes]
    _configtest.c: In function ‘main’:
    _configtest.c:5:16: error: size of array ‘test_array’ is negative
    _configtest.c:5:16: warning: variable ‘test_array’ set but not used [-Wunused-but-set-variable]
    _configtest.c:3:5: warning: function declaration isn’t a prototype [-Wstrict-prototypes]
    _configtest.c: In function ‘main’:
    _configtest.c:5:16: error: size of array ‘test_array’ is negative
    _configtest.c:5:16: warning: variable ‘test_array’ set but not used [-Wunused-but-set-variable]
    C compiler: gcc -pthread -fno-strict-aliasing -DNDEBUG -g -fwrapv -O2 -Wall -Wstrict-prototypes -fPIC
    
    compile options: '-Inumpy/core/src/private -Inumpy/core/src -Inumpy/core -Inumpy/core/src/npymath -Inumpy/core/src/multiarray -Inumpy/core/src/umath -Inumpy/core/include -I/usr/include/python2.7 -c'
    gcc: _configtest.c
    _configtest.c:3:5: warning: function declaration isn’t a prototype [-Wstrict-prototypes]
    _configtest.c: In function ‘main’:
    _configtest.c:5:16: error: size of array ‘test_array’ is negative
    _configtest.c:5:16: warning: variable ‘test_array’ set but not used [-Wunused-but-set-variable]
    _configtest.c:3:5: warning: function declaration isn’t a prototype [-Wstrict-prototypes]
    _configtest.c: In function ‘main’:
    _configtest.c:5:16: error: size of array ‘test_array’ is negative
    _configtest.c:5:16: warning: variable ‘test_array’ set but not used [-Wunused-but-set-variable]
    C compiler: gcc -pthread -fno-strict-aliasing -DNDEBUG -g -fwrapv -O2 -Wall -Wstrict-prototypes -fPIC
    
    compile options: '-Inumpy/core/src/private -Inumpy/core/src -Inumpy/core -Inumpy/core/src/npymath -Inumpy/core/src/multiarray -Inumpy/core/src/umath -Inumpy/core/include -I/usr/include/python2.7 -c'
    gcc: _configtest.c
    _configtest.c:3:5: warning: function declaration isn’t a prototype [-Wstrict-prototypes]
    _configtest.c: In function ‘main’:
    _configtest.c:5:16: error: size of array ‘test_array’ is negative
    _configtest.c:5:16: warning: variable ‘test_array’ set but not used [-Wunused-but-set-variable]
    _configtest.c:3:5: warning: function declaration isn’t a prototype [-Wstrict-prototypes]
    _configtest.c: In function ‘main’:
    _configtest.c:5:16: error: size of array ‘test_array’ is negative
    _configtest.c:5:16: warning: variable ‘test_array’ set but not used [-Wunused-but-set-variable]
    C compiler: gcc -pthread -fno-strict-aliasing -DNDEBUG -g -fwrapv -O2 -Wall -Wstrict-prototypes -fPIC
    
    compile options: '-Inumpy/core/src/private -Inumpy/core/src -Inumpy/core -Inumpy/core/src/npymath -Inumpy/core/src/multiarray -Inumpy/core/src/umath -Inumpy/core/include -I/usr/include/python2.7 -c'
    gcc: _configtest.c
    _configtest.c:3:5: warning: function declaration isn’t a prototype [-Wstrict-prototypes]
    _configtest.c: In function ‘main’:
    _configtest.c:5:16: error: size of array ‘test_array’ is negative
    _configtest.c:5:16: warning: variable ‘test_array’ set but not used [-Wunused-but-set-variable]
    _configtest.c:3:5: warning: function declaration isn’t a prototype [-Wstrict-prototypes]
    _configtest.c: In function ‘main’:
    _configtest.c:5:16: error: size of array ‘test_array’ is negative
    _configtest.c:5:16: warning: variable ‘test_array’ set but not used [-Wunused-but-set-variable]
    C compiler: gcc -pthread -fno-strict-aliasing -DNDEBUG -g -fwrapv -O2 -Wall -Wstrict-prototypes -fPIC
    
    compile options: '-Inumpy/core/src/private -Inumpy/core/src -Inumpy/core -Inumpy/core/src/npymath -Inumpy/core/src/multiarray -Inumpy/core/src/umath -Inumpy/core/include -I/usr/include/python2.7 -c'
    gcc: _configtest.c
    _configtest.c:3:5: warning: function declaration isn’t a prototype [-Wstrict-prototypes]
    _configtest.c: In function ‘main’:
    _configtest.c:5:16: error: size of array ‘test_array’ is negative
    _configtest.c:5:16: warning: variable ‘test_array’ set but not used [-Wunused-but-set-variable]
    _configtest.c:3:5: warning: function declaration isn’t a prototype [-Wstrict-prototypes]
    _configtest.c: In function ‘main’:
    _configtest.c:5:16: error: size of array ‘test_array’ is negative
    _configtest.c:5:16: warning: variable ‘test_array’ set but not used [-Wunused-but-set-variable]
    C compiler: gcc -pthread -fno-strict-aliasing -DNDEBUG -g -fwrapv -O2 -Wall -Wstrict-prototypes -fPIC
    
    compile options: '-Inumpy/core/src/private -Inumpy/core/src -Inumpy/core -Inumpy/core/src/npymath -Inumpy/core/src/multiarray -Inumpy/core/src/umath -Inumpy/core/include -I/usr/include/python2.7 -c'
    gcc: _configtest.c
    _configtest.c:3:5: warning: function declaration isn’t a prototype [-Wstrict-prototypes]
    _configtest.c: In function ‘main’:
    _configtest.c:5:16: warning: variable ‘test_array’ set but not used [-Wunused-but-set-variable]
    removing: _configtest.c _configtest.o _configtest.c _configtest.o _configtest.c _configtest.o _configtest.c _configtest.o _configtest.c _configtest.o _configtest.c _configtest.o _configtest.c _configtest.o _configtest.c _configtest.o
    C compiler: gcc -pthread -fno-strict-aliasing -DNDEBUG -g -fwrapv -O2 -Wall -Wstrict-prototypes -fPIC
    
    compile options: '-Inumpy/core/src/private -Inumpy/core/src -Inumpy/core -Inumpy/core/src/npymath -Inumpy/core/src/multiarray -Inumpy/core/src/umath -Inumpy/core/include -I/usr/include/python2.7 -c'
    gcc: _configtest.c
    _configtest.c:3:5: warning: function declaration isn’t a prototype [-Wstrict-prototypes]
    _configtest.c: In function ‘main’:
    _configtest.c:5:16: warning: variable ‘test_array’ set but not used [-Wunused-but-set-variable]
    removing: _configtest.c _configtest.o
    C compiler: gcc -pthread -fno-strict-aliasing -DNDEBUG -g -fwrapv -O2 -Wall -Wstrict-prototypes -fPIC
    
    compile options: '-Inumpy/core/src/private -Inumpy/core/src -Inumpy/core -Inumpy/core/src/npymath -Inumpy/core/src/multiarray -Inumpy/core/src/umath -Inumpy/core/include -I/usr/include/python2.7 -c'
    gcc: _configtest.c
    _configtest.c:3:5: warning: function declaration isn’t a prototype [-Wstrict-prototypes]
    _configtest.c: In function ‘main’:
    _configtest.c:5:16: warning: variable ‘test_array’ set but not used [-Wunused-but-set-variable]
    removing: _configtest.c _configtest.o
    C compiler: gcc -pthread -fno-strict-aliasing -DNDEBUG -g -fwrapv -O2 -Wall -Wstrict-prototypes -fPIC
    
    compile options: '-Inumpy/core/src/private -Inumpy/core/src -Inumpy/core -Inumpy/core/src/npymath -Inumpy/core/src/multiarray -Inumpy/core/src/umath -Inumpy/core/include -I/usr/include/python2.7 -c'
    gcc: _configtest.c
    _configtest.c:3:5: warning: function declaration isn’t a prototype [-Wstrict-prototypes]
    _configtest.c: In function ‘main’:
    _configtest.c:5:16: warning: variable ‘test_array’ set but not used [-Wunused-but-set-variable]
    removing: _configtest.c _configtest.o
    C compiler: gcc -pthread -fno-strict-aliasing -DNDEBUG -g -fwrapv -O2 -Wall -Wstrict-prototypes -fPIC
    
    compile options: '-Inumpy/core/src/private -Inumpy/core/src -Inumpy/core -Inumpy/core/src/npymath -Inumpy/core/src/multiarray -Inumpy/core/src/umath -Inumpy/core/include -I/usr/include/python2.7 -c'
    gcc: _configtest.c
    _configtest.c:3:5: warning: function declaration isn’t a prototype [-Wstrict-prototypes]
    _configtest.c: In function ‘main’:
    _configtest.c:5:16: warning: variable ‘test_array’ set but not used [-Wunused-but-set-variable]
    removing: _configtest.c _configtest.o
    customize GnuFCompiler
    customize IntelFCompiler
    customize LaheyFCompiler
    customize PGroupFCompiler
    customize AbsoftFCompiler
    customize NAGFCompiler
    customize VastFCompiler
    customize CompaqFCompiler
    customize IntelItaniumFCompiler
    customize IntelEM64TFCompiler
    customize Gnu95FCompiler
    customize G95FCompiler
    customize PathScaleFCompiler
    don't know how to compile Fortran code on platform 'posix'
    customize GnuFCompiler
    customize IntelFCompiler
    customize LaheyFCompiler
    customize PGroupFCompiler
    customize AbsoftFCompiler
    customize NAGFCompiler
    customize VastFCompiler
    customize CompaqFCompiler
    customize IntelItaniumFCompiler
    customize IntelEM64TFCompiler
    customize Gnu95FCompiler
    customize G95FCompiler
    customize PathScaleFCompiler
    don't know how to compile Fortran code on platform 'posix'
    C compiler: gcc -pthread -fno-strict-aliasing -DNDEBUG -g -fwrapv -O2 -Wall -Wstrict-prototypes -fPIC
    
    compile options: '-Inumpy/core/src/private -Inumpy/core/src -Inumpy/core -Inumpy/core/src/npymath -Inumpy/core/src/multiarray -Inumpy/core/src/umath -Inumpy/core/include -I/usr/include/python2.7 -c'
    gcc: _configtest.c
    _configtest.c:4:5: warning: function declaration isn’t a prototype [-Wstrict-prototypes]
    _configtest.c: In function ‘main’:
    _configtest.c:7:12: error: ‘SIZEOF_LONGDOUBLE’ undeclared (first use in this function)
    _configtest.c:7:12: note: each undeclared identifier is reported only once for each function it appears in
    _configtest.c:4:5: warning: function declaration isn’t a prototype [-Wstrict-prototypes]
    _configtest.c: In function ‘main’:
    _configtest.c:7:12: error: ‘SIZEOF_LONGDOUBLE’ undeclared (first use in this function)
    _configtest.c:7:12: note: each undeclared identifier is reported only once for each function it appears in
    failure.
    removing: _configtest.c _configtest.o
    customize GnuFCompiler
    customize IntelFCompiler
    customize LaheyFCompiler
    customize PGroupFCompiler
    customize AbsoftFCompiler
    customize NAGFCompiler
    customize VastFCompiler
    customize CompaqFCompiler
    customize IntelItaniumFCompiler
    customize IntelEM64TFCompiler
    customize Gnu95FCompiler
    customize G95FCompiler
    customize PathScaleFCompiler
    don't know how to compile Fortran code on platform 'posix'
    C compiler: gcc -pthread -fno-strict-aliasing -DNDEBUG -g -fwrapv -O2 -Wall -Wstrict-prototypes -fPIC
    
    compile options: '-Inumpy/core/src/private -Inumpy/core/src -Inumpy/core -Inumpy/core/src/npymath -Inumpy/core/src/multiarray -Inumpy/core/src/umath -Inumpy/core/include -I/usr/include/python2.7 -c'
    gcc: _configtest.c
    _configtest.c:3:5: warning: function declaration isn’t a prototype [-Wstrict-prototypes]
    _configtest.c: In function ‘main’:
    _configtest.c:5:16: warning: variable ‘test_array’ set but not used [-Wunused-but-set-variable]
    removing: _configtest.c _configtest.o
    C compiler: gcc -pthread -fno-strict-aliasing -DNDEBUG -g -fwrapv -O2 -Wall -Wstrict-prototypes -fPIC
    
    compile options: '-Inumpy/core/src/private -Inumpy/core/src -Inumpy/core -Inumpy/core/src/npymath -Inumpy/core/src/multiarray -Inumpy/core/src/umath -Inumpy/core/include -I/usr/include/python2.7 -c'
    gcc: _configtest.c
    _configtest.c:3:5: warning: function declaration isn’t a prototype [-Wstrict-prototypes]
    _configtest.c: In function ‘main’:
    _configtest.c:5:16: error: size of array ‘test_array’ is negative
    _configtest.c:5:16: warning: variable ‘test_array’ set but not used [-Wunused-but-set-variable]
    _configtest.c:3:5: warning: function declaration isn’t a prototype [-Wstrict-prototypes]
    _configtest.c: In function ‘main’:
    _configtest.c:5:16: error: size of array ‘test_array’ is negative
    _configtest.c:5:16: warning: variable ‘test_array’ set but not used [-Wunused-but-set-variable]
    C compiler: gcc -pthread -fno-strict-aliasing -DNDEBUG -g -fwrapv -O2 -Wall -Wstrict-prototypes -fPIC
    
    compile options: '-Inumpy/core/src/private -Inumpy/core/src -Inumpy/core -Inumpy/core/src/npymath -Inumpy/core/src/multiarray -Inumpy/core/src/umath -Inumpy/core/include -I/usr/include/python2.7 -c'
    gcc: _configtest.c
    _configtest.c:3:5: warning: function declaration isn’t a prototype [-Wstrict-prototypes]
    _configtest.c: In function ‘main’:
    _configtest.c:5:16: error: size of array ‘test_array’ is negative
    _configtest.c:5:16: warning: variable ‘test_array’ set but not used [-Wunused-but-set-variable]
    _configtest.c:3:5: warning: function declaration isn’t a prototype [-Wstrict-prototypes]
    _configtest.c: In function ‘main’:
    _configtest.c:5:16: error: size of array ‘test_array’ is negative
    _configtest.c:5:16: warning: variable ‘test_array’ set but not used [-Wunused-but-set-variable]
    C compiler: gcc -pthread -fno-strict-aliasing -DNDEBUG -g -fwrapv -O2 -Wall -Wstrict-prototypes -fPIC
    
    compile options: '-Inumpy/core/src/private -Inumpy/core/src -Inumpy/core -Inumpy/core/src/npymath -Inumpy/core/src/multiarray -Inumpy/core/src/umath -Inumpy/core/include -I/usr/include/python2.7 -c'
    gcc: _configtest.c
    _configtest.c:3:5: warning: function declaration isn’t a prototype [-Wstrict-prototypes]
    _configtest.c: In function ‘main’:
    _configtest.c:5:16: warning: variable ‘test_array’ set but not used [-Wunused-but-set-variable]
    removing: _configtest.c _configtest.o _configtest.c _configtest.o _configtest.c _configtest.o
    customize GnuFCompiler
    customize IntelFCompiler
    customize LaheyFCompiler
    customize PGroupFCompiler
    customize AbsoftFCompiler
    customize NAGFCompiler
    customize VastFCompiler
    customize CompaqFCompiler
    customize IntelItaniumFCompiler
    customize IntelEM64TFCompiler
    customize Gnu95FCompiler
    customize G95FCompiler
    customize PathScaleFCompiler
    don't know how to compile Fortran code on platform 'posix'
    C compiler: gcc -pthread -fno-strict-aliasing -DNDEBUG -g -fwrapv -O2 -Wall -Wstrict-prototypes -fPIC
    
    compile options: '-Inumpy/core/src/private -Inumpy/core/src -Inumpy/core -Inumpy/core/src/npymath -Inumpy/core/src/multiarray -Inumpy/core/src/umath -Inumpy/core/include -I/usr/include/python2.7 -c'
    gcc: _configtest.c
    _configtest.c:3:5: warning: function declaration isn’t a prototype [-Wstrict-prototypes]
    _configtest.c: In function ‘main’:
    _configtest.c:5:16: warning: variable ‘test_array’ set but not used [-Wunused-but-set-variable]
    removing: _configtest.c _configtest.o
    C compiler: gcc -pthread -fno-strict-aliasing -DNDEBUG -g -fwrapv -O2 -Wall -Wstrict-prototypes -fPIC
    
    compile options: '-Inumpy/core/src/private -Inumpy/core/src -Inumpy/core -Inumpy/core/src/npymath -Inumpy/core/src/multiarray -Inumpy/core/src/umath -Inumpy/core/include -I/usr/include/python2.7 -c'
    gcc: _configtest.c
    _configtest.c:3:5: warning: function declaration isn’t a prototype [-Wstrict-prototypes]
    _configtest.c: In function ‘main’:
    _configtest.c:5:16: error: size of array ‘test_array’ is negative
    _configtest.c:5:16: warning: variable ‘test_array’ set but not used [-Wunused-but-set-variable]
    _configtest.c:3:5: warning: function declaration isn’t a prototype [-Wstrict-prototypes]
    _configtest.c: In function ‘main’:
    _configtest.c:5:16: error: size of array ‘test_array’ is negative
    _configtest.c:5:16: warning: variable ‘test_array’ set but not used [-Wunused-but-set-variable]
    C compiler: gcc -pthread -fno-strict-aliasing -DNDEBUG -g -fwrapv -O2 -Wall -Wstrict-prototypes -fPIC
    
    compile options: '-Inumpy/core/src/private -Inumpy/core/src -Inumpy/core -Inumpy/core/src/npymath -Inumpy/core/src/multiarray -Inumpy/core/src/umath -Inumpy/core/include -I/usr/include/python2.7 -c'
    gcc: _configtest.c
    _configtest.c:3:5: warning: function declaration isn’t a prototype [-Wstrict-prototypes]
    _configtest.c: In function ‘main’:
    _configtest.c:5:16: error: size of array ‘test_array’ is negative
    _configtest.c:5:16: warning: variable ‘test_array’ set but not used [-Wunused-but-set-variable]
    _configtest.c:3:5: warning: function declaration isn’t a prototype [-Wstrict-prototypes]
    _configtest.c: In function ‘main’:
    _configtest.c:5:16: error: size of array ‘test_array’ is negative
    _configtest.c:5:16: warning: variable ‘test_array’ set but not used [-Wunused-but-set-variable]
    C compiler: gcc -pthread -fno-strict-aliasing -DNDEBUG -g -fwrapv -O2 -Wall -Wstrict-prototypes -fPIC
    
    compile options: '-Inumpy/core/src/private -Inumpy/core/src -Inumpy/core -Inumpy/core/src/npymath -Inumpy/core/src/multiarray -Inumpy/core/src/umath -Inumpy/core/include -I/usr/include/python2.7 -c'
    gcc: _configtest.c
    _configtest.c:3:5: warning: function declaration isn’t a prototype [-Wstrict-prototypes]
    _configtest.c: In function ‘main’:
    _configtest.c:5:16: error: size of array ‘test_array’ is negative
    _configtest.c:5:16: warning: variable ‘test_array’ set but not used [-Wunused-but-set-variable]
    _configtest.c:3:5: warning: function declaration isn’t a prototype [-Wstrict-prototypes]
    _configtest.c: In function ‘main’:
    _configtest.c:5:16: error: size of array ‘test_array’ is negative
    _configtest.c:5:16: warning: variable ‘test_array’ set but not used [-Wunused-but-set-variable]
    C compiler: gcc -pthread -fno-strict-aliasing -DNDEBUG -g -fwrapv -O2 -Wall -Wstrict-prototypes -fPIC
    
    compile options: '-Inumpy/core/src/private -Inumpy/core/src -Inumpy/core -Inumpy/core/src/npymath -Inumpy/core/src/multiarray -Inumpy/core/src/umath -Inumpy/core/include -I/usr/include/python2.7 -c'
    gcc: _configtest.c
    _configtest.c:3:5: warning: function declaration isn’t a prototype [-Wstrict-prototypes]
    _configtest.c: In function ‘main’:
    _configtest.c:5:16: error: size of array ‘test_array’ is negative
    _configtest.c:5:16: warning: variable ‘test_array’ set but not used [-Wunused-but-set-variable]
    _configtest.c:3:5: warning: function declaration isn’t a prototype [-Wstrict-prototypes]
    _configtest.c: In function ‘main’:
    _configtest.c:5:16: error: size of array ‘test_array’ is negative
    _configtest.c:5:16: warning: variable ‘test_array’ set but not used [-Wunused-but-set-variable]
    C compiler: gcc -pthread -fno-strict-aliasing -DNDEBUG -g -fwrapv -O2 -Wall -Wstrict-prototypes -fPIC
    
    compile options: '-Inumpy/core/src/private -Inumpy/core/src -Inumpy/core -Inumpy/core/src/npymath -Inumpy/core/src/multiarray -Inumpy/core/src/umath -Inumpy/core/include -I/usr/include/python2.7 -c'
    gcc: _configtest.c
    _configtest.c:3:5: warning: function declaration isn’t a prototype [-Wstrict-prototypes]
    _configtest.c: In function ‘main’:
    _configtest.c:5:16: error: size of array ‘test_array’ is negative
    _configtest.c:5:16: warning: variable ‘test_array’ set but not used [-Wunused-but-set-variable]
    _configtest.c:3:5: warning: function declaration isn’t a prototype [-Wstrict-prototypes]
    _configtest.c: In function ‘main’:
    _configtest.c:5:16: error: size of array ‘test_array’ is negative
    _configtest.c:5:16: warning: variable ‘test_array’ set but not used [-Wunused-but-set-variable]
    C compiler: gcc -pthread -fno-strict-aliasing -DNDEBUG -g -fwrapv -O2 -Wall -Wstrict-prototypes -fPIC
    
    compile options: '-Inumpy/core/src/private -Inumpy/core/src -Inumpy/core -Inumpy/core/src/npymath -Inumpy/core/src/multiarray -Inumpy/core/src/umath -Inumpy/core/include -I/usr/include/python2.7 -c'
    gcc: _configtest.c
    _configtest.c:3:5: warning: function declaration isn’t a prototype [-Wstrict-prototypes]
    _configtest.c: In function ‘main’:
    _configtest.c:5:16: error: size of array ‘test_array’ is negative
    _configtest.c:5:16: warning: variable ‘test_array’ set but not used [-Wunused-but-set-variable]
    _configtest.c:3:5: warning: function declaration isn’t a prototype [-Wstrict-prototypes]
    _configtest.c: In function ‘main’:
    _configtest.c:5:16: error: size of array ‘test_array’ is negative
    _configtest.c:5:16: warning: variable ‘test_array’ set but not used [-Wunused-but-set-variable]
    C compiler: gcc -pthread -fno-strict-aliasing -DNDEBUG -g -fwrapv -O2 -Wall -Wstrict-prototypes -fPIC
    
    compile options: '-Inumpy/core/src/private -Inumpy/core/src -Inumpy/core -Inumpy/core/src/npymath -Inumpy/core/src/multiarray -Inumpy/core/src/umath -Inumpy/core/include -I/usr/include/python2.7 -c'
    gcc: _configtest.c
    _configtest.c:3:5: warning: function declaration isn’t a prototype [-Wstrict-prototypes]
    _configtest.c: In function ‘main’:
    _configtest.c:5:16: error: size of array ‘test_array’ is negative
    _configtest.c:5:16: warning: variable ‘test_array’ set but not used [-Wunused-but-set-variable]
    _configtest.c:3:5: warning: function declaration isn’t a prototype [-Wstrict-prototypes]
    _configtest.c: In function ‘main’:
    _configtest.c:5:16: error: size of array ‘test_array’ is negative
    _configtest.c:5:16: warning: variable ‘test_array’ set but not used [-Wunused-but-set-variable]
    C compiler: gcc -pthread -fno-strict-aliasing -DNDEBUG -g -fwrapv -O2 -Wall -Wstrict-prototypes -fPIC
    
    compile options: '-Inumpy/core/src/private -Inumpy/core/src -Inumpy/core -Inumpy/core/src/npymath -Inumpy/core/src/multiarray -Inumpy/core/src/umath -Inumpy/core/include -I/usr/include/python2.7 -c'
    gcc: _configtest.c
    _configtest.c:3:5: warning: function declaration isn’t a prototype [-Wstrict-prototypes]
    _configtest.c: In function ‘main’:
    _configtest.c:5:16: error: size of array ‘test_array’ is negative
    _configtest.c:5:16: warning: variable ‘test_array’ set but not used [-Wunused-but-set-variable]
    _configtest.c:3:5: warning: function declaration isn’t a prototype [-Wstrict-prototypes]
    _configtest.c: In function ‘main’:
    _configtest.c:5:16: error: size of array ‘test_array’ is negative
    _configtest.c:5:16: warning: variable ‘test_array’ set but not used [-Wunused-but-set-variable]
    C compiler: gcc -pthread -fno-strict-aliasing -DNDEBUG -g -fwrapv -O2 -Wall -Wstrict-prototypes -fPIC
    
    compile options: '-Inumpy/core/src/private -Inumpy/core/src -Inumpy/core -Inumpy/core/src/npymath -Inumpy/core/src/multiarray -Inumpy/core/src/umath -Inumpy/core/include -I/usr/include/python2.7 -c'
    gcc: _configtest.c
    _configtest.c:3:5: warning: function declaration isn’t a prototype [-Wstrict-prototypes]
    _configtest.c: In function ‘main’:
    _configtest.c:5:16: error: size of array ‘test_array’ is negative
    _configtest.c:5:16: warning: variable ‘test_array’ set but not used [-Wunused-but-set-variable]
    _configtest.c:3:5: warning: function declaration isn’t a prototype [-Wstrict-prototypes]
    _configtest.c: In function ‘main’:
    _configtest.c:5:16: error: size of array ‘test_array’ is negative
    _configtest.c:5:16: warning: variable ‘test_array’ set but not used [-Wunused-but-set-variable]
    C compiler: gcc -pthread -fno-strict-aliasing -DNDEBUG -g -fwrapv -O2 -Wall -Wstrict-prototypes -fPIC
    
    compile options: '-Inumpy/core/src/private -Inumpy/core/src -Inumpy/core -Inumpy/core/src/npymath -Inumpy/core/src/multiarray -Inumpy/core/src/umath -Inumpy/core/include -I/usr/include/python2.7 -c'
    gcc: _configtest.c
    _configtest.c:3:5: warning: function declaration isn’t a prototype [-Wstrict-prototypes]
    _configtest.c: In function ‘main’:
    _configtest.c:5:16: error: size of array ‘test_array’ is negative
    _configtest.c:5:16: warning: variable ‘test_array’ set but not used [-Wunused-but-set-variable]
    _configtest.c:3:5: warning: function declaration isn’t a prototype [-Wstrict-prototypes]
    _configtest.c: In function ‘main’:
    _configtest.c:5:16: error: size of array ‘test_array’ is negative
    _configtest.c:5:16: warning: variable ‘test_array’ set but not used [-Wunused-but-set-variable]
    C compiler: gcc -pthread -fno-strict-aliasing -DNDEBUG -g -fwrapv -O2 -Wall -Wstrict-prototypes -fPIC
    
    compile options: '-Inumpy/core/src/private -Inumpy/core/src -Inumpy/core -Inumpy/core/src/npymath -Inumpy/core/src/multiarray -Inumpy/core/src/umath -Inumpy/core/include -I/usr/include/python2.7 -c'
    gcc: _configtest.c
    _configtest.c:3:5: warning: function declaration isn’t a prototype [-Wstrict-prototypes]
    _configtest.c: In function ‘main’:
    _configtest.c:5:16: error: size of array ‘test_array’ is negative
    _configtest.c:5:16: warning: variable ‘test_array’ set but not used [-Wunused-but-set-variable]
    _configtest.c:3:5: warning: function declaration isn’t a prototype [-Wstrict-prototypes]
    _configtest.c: In function ‘main’:
    _configtest.c:5:16: error: size of array ‘test_array’ is negative
    _configtest.c:5:16: warning: variable ‘test_array’ set but not used [-Wunused-but-set-variable]
    C compiler: gcc -pthread -fno-strict-aliasing -DNDEBUG -g -fwrapv -O2 -Wall -Wstrict-prototypes -fPIC
    
    compile options: '-Inumpy/core/src/private -Inumpy/core/src -Inumpy/core -Inumpy/core/src/npymath -Inumpy/core/src/multiarray -Inumpy/core/src/umath -Inumpy/core/include -I/usr/include/python2.7 -c'
    gcc: _configtest.c
    _configtest.c:3:5: warning: function declaration isn’t a prototype [-Wstrict-prototypes]
    _configtest.c: In function ‘main’:
    _configtest.c:5:16: error: size of array ‘test_array’ is negative
    _configtest.c:5:16: warning: variable ‘test_array’ set but not used [-Wunused-but-set-variable]
    _configtest.c:3:5: warning: function declaration isn’t a prototype [-Wstrict-prototypes]
    _configtest.c: In function ‘main’:
    _configtest.c:5:16: error: size of array ‘test_array’ is negative
    _configtest.c:5:16: warning: variable ‘test_array’ set but not used [-Wunused-but-set-variable]
    C compiler: gcc -pthread -fno-strict-aliasing -DNDEBUG -g -fwrapv -O2 -Wall -Wstrict-prototypes -fPIC
    
    compile options: '-Inumpy/core/src/private -Inumpy/core/src -Inumpy/core -Inumpy/core/src/npymath -Inumpy/core/src/multiarray -Inumpy/core/src/umath -Inumpy/core/include -I/usr/include/python2.7 -c'
    gcc: _configtest.c
    _configtest.c:3:5: warning: function declaration isn’t a prototype [-Wstrict-prototypes]
    _configtest.c: In function ‘main’:
    _configtest.c:5:16: warning: variable ‘test_array’ set but not used [-Wunused-but-set-variable]
    removing: _configtest.c _configtest.o _configtest.c _configtest.o _configtest.c _configtest.o _configtest.c _configtest.o _configtest.c _configtest.o _configtest.c _configtest.o _configtest.c _configtest.o _configtest.c _configtest.o _configtest.c _configtest.o _configtest.c _configtest.o _configtest.c _configtest.o _configtest.c _configtest.o _configtest.c _configtest.o
    C compiler: gcc -pthread -fno-strict-aliasing -DNDEBUG -g -fwrapv -O2 -Wall -Wstrict-prototypes -fPIC
    
    compile options: '-Inumpy/core/src/private -Inumpy/core/src -Inumpy/core -Inumpy/core/src/npymath -Inumpy/core/src/multiarray -Inumpy/core/src/umath -Inumpy/core/include -I/usr/include/python2.7 -c'
    gcc: _configtest.c
    _configtest.c:3:5: warning: function declaration isn’t a prototype [-Wstrict-prototypes]
    _configtest.c: In function ‘main’:
    _configtest.c:5:16: warning: variable ‘test_array’ set but not used [-Wunused-but-set-variable]
    removing: _configtest.c _configtest.o
    C compiler: gcc -pthread -fno-strict-aliasing -DNDEBUG -g -fwrapv -O2 -Wall -Wstrict-prototypes -fPIC
    
    compile options: '-Inumpy/core/src/private -Inumpy/core/src -Inumpy/core -Inumpy/core/src/npymath -Inumpy/core/src/multiarray -Inumpy/core/src/umath -Inumpy/core/include -I/usr/include/python2.7 -c'
    gcc: _configtest.c
    _configtest.c:3:5: warning: function declaration isn’t a prototype [-Wstrict-prototypes]
    _configtest.c: In function ‘main’:
    _configtest.c:5:16: warning: variable ‘test_array’ set but not used [-Wunused-but-set-variable]
    removing: _configtest.c _configtest.o
    C compiler: gcc -pthread -fno-strict-aliasing -DNDEBUG -g -fwrapv -O2 -Wall -Wstrict-prototypes -fPIC
    
    compile options: '-Inumpy/core/src/private -Inumpy/core/src -Inumpy/core -Inumpy/core/src/npymath -Inumpy/core/src/multiarray -Inumpy/core/src/umath -Inumpy/core/include -I/usr/include/python2.7 -c'
    gcc: _configtest.c
    _configtest.c:3:5: warning: function declaration isn’t a prototype [-Wstrict-prototypes]
    _configtest.c: In function ‘main’:
    _configtest.c:5:16: warning: variable ‘test_array’ set but not used [-Wunused-but-set-variable]
    removing: _configtest.c _configtest.o
    C compiler: gcc -pthread -fno-strict-aliasing -DNDEBUG -g -fwrapv -O2 -Wall -Wstrict-prototypes -fPIC
    
    compile options: '-Inumpy/core/src/private -Inumpy/core/src -Inumpy/core -Inumpy/core/src/npymath -Inumpy/core/src/multiarray -Inumpy/core/src/umath -Inumpy/core/include -I/usr/include/python2.7 -c'
    gcc: _configtest.c
    _configtest.c:3:5: warning: function declaration isn’t a prototype [-Wstrict-prototypes]
    _configtest.c: In function ‘main’:
    _configtest.c:5:16: warning: variable ‘test_array’ set but not used [-Wunused-but-set-variable]
    removing: _configtest.c _configtest.o
    C compiler: gcc -pthread -fno-strict-aliasing -DNDEBUG -g -fwrapv -O2 -Wall -Wstrict-prototypes -fPIC
    
    compile options: '-Inumpy/core/src/private -Inumpy/core/src -Inumpy/core -Inumpy/core/src/npymath -Inumpy/core/src/multiarray -Inumpy/core/src/umath -Inumpy/core/include -I/usr/include/python2.7 -c'
    gcc: _configtest.c
    _configtest.c:3:5: warning: function declaration isn’t a prototype [-Wstrict-prototypes]
    _configtest.c: In function ‘main’:
    _configtest.c:5:16: warning: variable ‘test_array’ set but not used [-Wunused-but-set-variable]
    removing: _configtest.c _configtest.o
    customize GnuFCompiler
    customize IntelFCompiler
    customize LaheyFCompiler
    customize PGroupFCompiler
    customize AbsoftFCompiler
    customize NAGFCompiler
    customize VastFCompiler
    customize CompaqFCompiler
    customize IntelItaniumFCompiler
    customize IntelEM64TFCompiler
    customize Gnu95FCompiler
    customize G95FCompiler
    customize PathScaleFCompiler
    don't know how to compile Fortran code on platform 'posix'
    C compiler: gcc -pthread -fno-strict-aliasing -DNDEBUG -g -fwrapv -O2 -Wall -Wstrict-prototypes -fPIC
    
    compile options: '-Inumpy/core/src/private -Inumpy/core/src -Inumpy/core -Inumpy/core/src/npymath -Inumpy/core/src/multiarray -Inumpy/core/src/umath -Inumpy/core/include -I/usr/include/python2.7 -c'
    gcc: _configtest.c
    _configtest.c:5:5: warning: function declaration isn’t a prototype [-Wstrict-prototypes]
    _configtest.c: In function ‘main’:
    _configtest.c:7:16: warning: variable ‘test_array’ set but not used [-Wunused-but-set-variable]
    removing: _configtest.c _configtest.o
    C compiler: gcc -pthread -fno-strict-aliasing -DNDEBUG -g -fwrapv -O2 -Wall -Wstrict-prototypes -fPIC
    
    compile options: '-Inumpy/core/src/private -Inumpy/core/src -Inumpy/core -Inumpy/core/src/npymath -Inumpy/core/src/multiarray -Inumpy/core/src/umath -Inumpy/core/include -I/usr/include/python2.7 -c'
    gcc: _configtest.c
    _configtest.c:5:5: warning: function declaration isn’t a prototype [-Wstrict-prototypes]
    _configtest.c: In function ‘main’:
    _configtest.c:7:16: error: size of array ‘test_array’ is negative
    _configtest.c:7:16: warning: variable ‘test_array’ set but not used [-Wunused-but-set-variable]
    _configtest.c:5:5: warning: function declaration isn’t a prototype [-Wstrict-prototypes]
    _configtest.c: In function ‘main’:
    _configtest.c:7:16: error: size of array ‘test_array’ is negative
    _configtest.c:7:16: warning: variable ‘test_array’ set but not used [-Wunused-but-set-variable]
    C compiler: gcc -pthread -fno-strict-aliasing -DNDEBUG -g -fwrapv -O2 -Wall -Wstrict-prototypes -fPIC
    
    compile options: '-Inumpy/core/src/private -Inumpy/core/src -Inumpy/core -Inumpy/core/src/npymath -Inumpy/core/src/multiarray -Inumpy/core/src/umath -Inumpy/core/include -I/usr/include/python2.7 -c'
    gcc: _configtest.c
    _configtest.c:5:5: warning: function declaration isn’t a prototype [-Wstrict-prototypes]
    _configtest.c: In function ‘main’:
    _configtest.c:7:16: warning: variable ‘test_array’ set but not used [-Wunused-but-set-variable]
    removing: _configtest.c _configtest.o _configtest.c _configtest.o
    customize GnuFCompiler
    customize IntelFCompiler
    customize LaheyFCompiler
    customize PGroupFCompiler
    customize AbsoftFCompiler
    customize NAGFCompiler
    customize VastFCompiler
    customize CompaqFCompiler
    customize IntelItaniumFCompiler
    customize IntelEM64TFCompiler
    customize Gnu95FCompiler
    customize G95FCompiler
    customize PathScaleFCompiler
    don't know how to compile Fortran code on platform 'posix'
    customize GnuFCompiler
    customize IntelFCompiler
    customize LaheyFCompiler
    customize PGroupFCompiler
    customize AbsoftFCompiler
    customize NAGFCompiler
    customize VastFCompiler
    customize CompaqFCompiler
    customize IntelItaniumFCompiler
    customize IntelEM64TFCompiler
    customize Gnu95FCompiler
    customize G95FCompiler
    customize PathScaleFCompiler
    don't know how to compile Fortran code on platform 'posix'
    C compiler: gcc -pthread -fno-strict-aliasing -DNDEBUG -g -fwrapv -O2 -Wall -Wstrict-prototypes -fPIC
    
    compile options: '-Inumpy/core/src/private -Inumpy/core/src -Inumpy/core -Inumpy/core/src/npymath -Inumpy/core/src/multiarray -Inumpy/core/src/umath -Inumpy/core/include -I/usr/include/python2.7 -c'
    gcc: _configtest.c
    _configtest.c:4:5: warning: function declaration isn’t a prototype [-Wstrict-prototypes]
    success!
    removing: _configtest.c _configtest.o
    customize GnuFCompiler
    customize IntelFCompiler
    customize LaheyFCompiler
    customize PGroupFCompiler
    customize AbsoftFCompiler
    customize NAGFCompiler
    customize VastFCompiler
    customize CompaqFCompiler
    customize IntelItaniumFCompiler
    customize IntelEM64TFCompiler
    customize Gnu95FCompiler
    customize G95FCompiler
    customize PathScaleFCompiler
    don't know how to compile Fortran code on platform 'posix'
    C compiler: gcc -pthread -fno-strict-aliasing -DNDEBUG -g -fwrapv -O2 -Wall -Wstrict-prototypes -fPIC
    
    compile options: '-Inumpy/core/src/private -Inumpy/core/src -Inumpy/core -Inumpy/core/src/npymath -Inumpy/core/src/multiarray -Inumpy/core/src/umath -Inumpy/core/include -I/usr/include/python2.7 -c'
    gcc: _configtest.c
    _configtest.c:5:5: warning: function declaration isn’t a prototype [-Wstrict-prototypes]
    _configtest.c: In function ‘main’:
    _configtest.c:7:16: warning: variable ‘test_array’ set but not used [-Wunused-but-set-variable]
    removing: _configtest.c _configtest.o
    C compiler: gcc -pthread -fno-strict-aliasing -DNDEBUG -g -fwrapv -O2 -Wall -Wstrict-prototypes -fPIC
    
    compile options: '-Inumpy/core/src/private -Inumpy/core/src -Inumpy/core -Inumpy/core/src/npymath -Inumpy/core/src/multiarray -Inumpy/core/src/umath -Inumpy/core/include -I/usr/include/python2.7 -c'
    gcc: _configtest.c
    _configtest.c:5:5: warning: function declaration isn’t a prototype [-Wstrict-prototypes]
    _configtest.c: In function ‘main’:
    _configtest.c:7:16: warning: variable ‘test_array’ set but not used [-Wunused-but-set-variable]
    removing: _configtest.c _configtest.o
    customize GnuFCompiler
    customize IntelFCompiler
    customize LaheyFCompiler
    customize PGroupFCompiler
    customize AbsoftFCompiler
    customize NAGFCompiler
    customize VastFCompiler
    customize CompaqFCompiler
    customize IntelItaniumFCompiler
    customize IntelEM64TFCompiler
    customize Gnu95FCompiler
    customize G95FCompiler
    customize PathScaleFCompiler
    don't know how to compile Fortran code on platform 'posix'
    C compiler: gcc -pthread -fno-strict-aliasing -DNDEBUG -g -fwrapv -O2 -Wall -Wstrict-prototypes -fPIC
    
    compile options: '-Inumpy/core/src/private -Inumpy/core/src -Inumpy/core -Inumpy/core/src/npymath -Inumpy/core/src/multiarray -Inumpy/core/src/umath -Inumpy/core/include -I/usr/include/python2.7 -c'
    gcc: _configtest.c
    _configtest.c:3:5: warning: function declaration isn’t a prototype [-Wstrict-prototypes]
    _configtest.c: In function ‘main’:
    _configtest.c:5:16: warning: variable ‘test_array’ set but not used [-Wunused-but-set-variable]
    removing: _configtest.c _configtest.o
    C compiler: gcc -pthread -fno-strict-aliasing -DNDEBUG -g -fwrapv -O2 -Wall -Wstrict-prototypes -fPIC
    
    compile options: '-Inumpy/core/src/private -Inumpy/core/src -Inumpy/core -Inumpy/core/src/npymath -Inumpy/core/src/multiarray -Inumpy/core/src/umath -Inumpy/core/include -I/usr/include/python2.7 -c'
    gcc: _configtest.c
    _configtest.c:3:5: warning: function declaration isn’t a prototype [-Wstrict-prototypes]
    _configtest.c: In function ‘main’:
    _configtest.c:5:16: warning: variable ‘test_array’ set but not used [-Wunused-but-set-variable]
    removing: _configtest.c _configtest.o
    customize GnuFCompiler
    customize IntelFCompiler
    customize LaheyFCompiler
    customize PGroupFCompiler
    customize AbsoftFCompiler
    customize NAGFCompiler
    customize VastFCompiler
    customize CompaqFCompiler
    customize IntelItaniumFCompiler
    customize IntelEM64TFCompiler
    customize Gnu95FCompiler
    customize G95FCompiler
    customize PathScaleFCompiler
    don't know how to compile Fortran code on platform 'posix'
    customize GnuFCompiler
    customize IntelFCompiler
    customize LaheyFCompiler
    customize PGroupFCompiler
    customize AbsoftFCompiler
    customize NAGFCompiler
    customize VastFCompiler
    customize CompaqFCompiler
    customize IntelItaniumFCompiler
    customize IntelEM64TFCompiler
    customize Gnu95FCompiler
    customize G95FCompiler
    customize PathScaleFCompiler
    don't know how to compile Fortran code on platform 'posix'
    C compiler: gcc -pthread -fno-strict-aliasing -DNDEBUG -g -fwrapv -O2 -Wall -Wstrict-prototypes -fPIC
    
    compile options: '-Inumpy/core/src/private -Inumpy/core/src -Inumpy/core -Inumpy/core/src/npymath -Inumpy/core/src/multiarray -Inumpy/core/src/umath -Inumpy/core/include -I/usr/include/python2.7 -c'
    gcc: _configtest.c
    _configtest.c:4:5: warning: function declaration isn’t a prototype [-Wstrict-prototypes]
    success!
    removing: _configtest.c _configtest.o
    customize GnuFCompiler
    customize IntelFCompiler
    customize LaheyFCompiler
    customize PGroupFCompiler
    customize AbsoftFCompiler
    customize NAGFCompiler
    customize VastFCompiler
    customize CompaqFCompiler
    customize IntelItaniumFCompiler
    customize IntelEM64TFCompiler
    customize Gnu95FCompiler
    customize G95FCompiler
    customize PathScaleFCompiler
    don't know how to compile Fortran code on platform 'posix'
    customize GnuFCompiler
    customize IntelFCompiler
    customize LaheyFCompiler
    customize PGroupFCompiler
    customize AbsoftFCompiler
    customize NAGFCompiler
    customize VastFCompiler
    customize CompaqFCompiler
    customize IntelItaniumFCompiler
    customize IntelEM64TFCompiler
    customize Gnu95FCompiler
    customize G95FCompiler
    customize PathScaleFCompiler
    don't know how to compile Fortran code on platform 'posix'
    C compiler: gcc -pthread -fno-strict-aliasing -DNDEBUG -g -fwrapv -O2 -Wall -Wstrict-prototypes -fPIC
    
    compile options: '-Inumpy/core/src/private -Inumpy/core/src -Inumpy/core -Inumpy/core/src/npymath -Inumpy/core/src/multiarray -Inumpy/core/src/umath -Inumpy/core/include -I/usr/include/python2.7 -c'
    gcc: _configtest.c
    _configtest.c:1:5: warning: conflicting types for built-in function ‘exp’ [enabled by default]
    gcc -pthread _configtest.o -o _configtest
    _configtest.o: In function `main':
    /home/dghubble/6863-final-project/6863-env/build/numpy/_configtest.c:6: undefined reference to `exp'
    collect2: ld returned 1 exit status
    _configtest.o: In function `main':
    /home/dghubble/6863-final-project/6863-env/build/numpy/_configtest.c:6: undefined reference to `exp'
    collect2: ld returned 1 exit status
    failure.
    removing: _configtest.c _configtest.o
    customize GnuFCompiler
    customize IntelFCompiler
    customize LaheyFCompiler
    customize PGroupFCompiler
    customize AbsoftFCompiler
    customize NAGFCompiler
    customize VastFCompiler
    customize CompaqFCompiler
    customize IntelItaniumFCompiler
    customize IntelEM64TFCompiler
    customize Gnu95FCompiler
    customize G95FCompiler
    customize PathScaleFCompiler
    don't know how to compile Fortran code on platform 'posix'
    customize GnuFCompiler
    customize IntelFCompiler
    customize LaheyFCompiler
    customize PGroupFCompiler
    customize AbsoftFCompiler
    customize NAGFCompiler
    customize VastFCompiler
    customize CompaqFCompiler
    customize IntelItaniumFCompiler
    customize IntelEM64TFCompiler
    customize Gnu95FCompiler
    customize G95FCompiler
    customize PathScaleFCompiler
    don't know how to compile Fortran code on platform 'posix'
    C compiler: gcc -pthread -fno-strict-aliasing -DNDEBUG -g -fwrapv -O2 -Wall -Wstrict-prototypes -fPIC
    
    compile options: '-Inumpy/core/src/private -Inumpy/core/src -Inumpy/core -Inumpy/core/src/npymath -Inumpy/core/src/multiarray -Inumpy/core/src/umath -Inumpy/core/include -I/usr/include/python2.7 -c'
    gcc: _configtest.c
    _configtest.c:1:5: warning: conflicting types for built-in function ‘exp’ [enabled by default]
    gcc -pthread _configtest.o -lm -o _configtest
    success!
    removing: _configtest.c _configtest.o _configtest
    customize GnuFCompiler
    customize IntelFCompiler
    customize LaheyFCompiler
    customize PGroupFCompiler
    customize AbsoftFCompiler
    customize NAGFCompiler
    customize VastFCompiler
    customize CompaqFCompiler
    customize IntelItaniumFCompiler
    customize IntelEM64TFCompiler
    customize Gnu95FCompiler
    customize G95FCompiler
    customize PathScaleFCompiler
    don't know how to compile Fortran code on platform 'posix'
    customize GnuFCompiler
    customize IntelFCompiler
    customize LaheyFCompiler
    customize PGroupFCompiler
    customize AbsoftFCompiler
    customize NAGFCompiler
    customize VastFCompiler
    customize CompaqFCompiler
    customize IntelItaniumFCompiler
    customize IntelEM64TFCompiler
    customize Gnu95FCompiler
    customize G95FCompiler
    customize PathScaleFCompiler
    don't know how to compile Fortran code on platform 'posix'
    C compiler: gcc -pthread -fno-strict-aliasing -DNDEBUG -g -fwrapv -O2 -Wall -Wstrict-prototypes -fPIC
    
    compile options: '-Inumpy/core/src/private -Inumpy/core/src -Inumpy/core -Inumpy/core/src/npymath -Inumpy/core/src/multiarray -Inumpy/core/src/umath -Inumpy/core/include -I/usr/include/python2.7 -c'
    gcc: _configtest.c
    _configtest.c:1:5: warning: conflicting types for built-in function ‘asin’ [enabled by default]
    _configtest.c:2:5: warning: conflicting types for built-in function ‘cos’ [enabled by default]
    _configtest.c:3:5: warning: conflicting types for built-in function ‘log’ [enabled by default]
    _configtest.c:4:5: warning: conflicting types for built-in function ‘fabs’ [enabled by default]
    _configtest.c:5:5: warning: conflicting types for built-in function ‘tanh’ [enabled by default]
    _configtest.c:6:5: warning: conflicting types for built-in function ‘atan’ [enabled by default]
    _configtest.c:7:5: warning: conflicting types for built-in function ‘acos’ [enabled by default]
    _configtest.c:8:5: warning: conflicting types for built-in function ‘floor’ [enabled by default]
    _configtest.c:9:5: warning: conflicting types for built-in function ‘fmod’ [enabled by default]
    _configtest.c:10:5: warning: conflicting types for built-in function ‘sqrt’ [enabled by default]
    _configtest.c:11:5: warning: conflicting types for built-in function ‘cosh’ [enabled by default]
    _configtest.c:12:5: warning: conflicting types for built-in function ‘modf’ [enabled by default]
    _configtest.c:13:5: warning: conflicting types for built-in function ‘sinh’ [enabled by default]
    _configtest.c:14:5: warning: conflicting types for built-in function ‘frexp’ [enabled by default]
    _configtest.c:15:5: warning: conflicting types for built-in function ‘exp’ [enabled by default]
    _configtest.c:16:5: warning: conflicting types for built-in function ‘tan’ [enabled by default]
    _configtest.c:17:5: warning: conflicting types for built-in function ‘ceil’ [enabled by default]
    _configtest.c:18:5: warning: conflicting types for built-in function ‘log10’ [enabled by default]
    _configtest.c:19:5: warning: conflicting types for built-in function ‘sin’ [enabled by default]
    _configtest.c:20:5: warning: conflicting types for built-in function ‘ldexp’ [enabled by default]
    gcc -pthread _configtest.o -lm -o _configtest
    success!
    removing: _configtest.c _configtest.o _configtest
    customize GnuFCompiler
    customize IntelFCompiler
    customize LaheyFCompiler
    customize PGroupFCompiler
    customize AbsoftFCompiler
    customize NAGFCompiler
    customize VastFCompiler
    customize CompaqFCompiler
    customize IntelItaniumFCompiler
    customize IntelEM64TFCompiler
    customize Gnu95FCompiler
    customize G95FCompiler
    customize PathScaleFCompiler
    don't know how to compile Fortran code on platform 'posix'
    customize GnuFCompiler
    customize IntelFCompiler
    customize LaheyFCompiler
    customize PGroupFCompiler
    customize AbsoftFCompiler
    customize NAGFCompiler
    customize VastFCompiler
    customize CompaqFCompiler
    customize IntelItaniumFCompiler
    customize IntelEM64TFCompiler
    customize Gnu95FCompiler
    customize G95FCompiler
    customize PathScaleFCompiler
    don't know how to compile Fortran code on platform 'posix'
    C compiler: gcc -pthread -fno-strict-aliasing -DNDEBUG -g -fwrapv -O2 -Wall -Wstrict-prototypes -fPIC
    
    compile options: '-Inumpy/core/src/private -Inumpy/core/src -Inumpy/core -Inumpy/core/src/npymath -Inumpy/core/src/multiarray -Inumpy/core/src/umath -Inumpy/core/include -I/usr/include/python2.7 -c'
    gcc: _configtest.c
    _configtest.c:5:5: warning: function declaration isn’t a prototype [-Wstrict-prototypes]
    success!
    removing: _configtest.c _configtest.o
    customize GnuFCompiler
    customize IntelFCompiler
    customize LaheyFCompiler
    customize PGroupFCompiler
    customize AbsoftFCompiler
    customize NAGFCompiler
    customize VastFCompiler
    customize CompaqFCompiler
    customize IntelItaniumFCompiler
    customize IntelEM64TFCompiler
    customize Gnu95FCompiler
    customize G95FCompiler
    customize PathScaleFCompiler
    don't know how to compile Fortran code on platform 'posix'
    customize GnuFCompiler
    customize IntelFCompiler
    customize LaheyFCompiler
    customize PGroupFCompiler
    customize AbsoftFCompiler
    customize NAGFCompiler
    customize VastFCompiler
    customize CompaqFCompiler
    customize IntelItaniumFCompiler
    customize IntelEM64TFCompiler
    customize Gnu95FCompiler
    customize G95FCompiler
    customize PathScaleFCompiler
    don't know how to compile Fortran code on platform 'posix'
    C compiler: gcc -pthread -fno-strict-aliasing -DNDEBUG -g -fwrapv -O2 -Wall -Wstrict-prototypes -fPIC
    
    compile options: '-Inumpy/core/src/private -Inumpy/core/src -Inumpy/core -Inumpy/core/src/npymath -Inumpy/core/src/multiarray -Inumpy/core/src/umath -Inumpy/core/include -I/usr/include/python2.7 -c'
    gcc: _configtest.c
    _configtest.c:5:5: warning: function declaration isn’t a prototype [-Wstrict-prototypes]
    success!
    removing: _configtest.c _configtest.o
    customize GnuFCompiler
    customize IntelFCompiler
    customize LaheyFCompiler
    customize PGroupFCompiler
    customize AbsoftFCompiler
    customize NAGFCompiler
    customize VastFCompiler
    customize CompaqFCompiler
    customize IntelItaniumFCompiler
    customize IntelEM64TFCompiler
    customize Gnu95FCompiler
    customize G95FCompiler
    customize PathScaleFCompiler
    don't know how to compile Fortran code on platform 'posix'
    customize GnuFCompiler
    customize IntelFCompiler
    customize LaheyFCompiler
    customize PGroupFCompiler
    customize AbsoftFCompiler
    customize NAGFCompiler
    customize VastFCompiler
    customize CompaqFCompiler
    customize IntelItaniumFCompiler
    customize IntelEM64TFCompiler
    customize Gnu95FCompiler
    customize G95FCompiler
    customize PathScaleFCompiler
    don't know how to compile Fortran code on platform 'posix'
    C compiler: gcc -pthread -fno-strict-aliasing -DNDEBUG -g -fwrapv -O2 -Wall -Wstrict-prototypes -fPIC
    
    compile options: '-Inumpy/core/src/private -Inumpy/core/src -Inumpy/core -Inumpy/core/src/npymath -Inumpy/core/src/multiarray -Inumpy/core/src/umath -Inumpy/core/include -I/usr/include/python2.7 -c'
    gcc: _configtest.c
    _configtest.c:5:5: warning: function declaration isn’t a prototype [-Wstrict-prototypes]
    success!
    removing: _configtest.c _configtest.o
    customize GnuFCompiler
    customize IntelFCompiler
    customize LaheyFCompiler
    customize PGroupFCompiler
    customize AbsoftFCompiler
    customize NAGFCompiler
    customize VastFCompiler
    customize CompaqFCompiler
    customize IntelItaniumFCompiler
    customize IntelEM64TFCompiler
    customize Gnu95FCompiler
    customize G95FCompiler
    customize PathScaleFCompiler
    don't know how to compile Fortran code on platform 'posix'
    customize GnuFCompiler
    customize IntelFCompiler
    customize LaheyFCompiler
    customize PGroupFCompiler
    customize AbsoftFCompiler
    customize NAGFCompiler
    customize VastFCompiler
    customize CompaqFCompiler
    customize IntelItaniumFCompiler
    customize IntelEM64TFCompiler
    customize Gnu95FCompiler
    customize G95FCompiler
    customize PathScaleFCompiler
    don't know how to compile Fortran code on platform 'posix'
    C compiler: gcc -pthread -fno-strict-aliasing -DNDEBUG -g -fwrapv -O2 -Wall -Wstrict-prototypes -fPIC
    
    compile options: '-Inumpy/core/src/private -Inumpy/core/src -Inumpy/core -Inumpy/core/src/npymath -Inumpy/core/src/multiarray -Inumpy/core/src/umath -Inumpy/core/include -I/usr/include/python2.7 -c'
    gcc: _configtest.c
    _configtest.c:5:5: warning: function declaration isn’t a prototype [-Wstrict-prototypes]
    success!
    removing: _configtest.c _configtest.o
    customize GnuFCompiler
    customize IntelFCompiler
    customize LaheyFCompiler
    customize PGroupFCompiler
    customize AbsoftFCompiler
    customize NAGFCompiler
    customize VastFCompiler
    customize CompaqFCompiler
    customize IntelItaniumFCompiler
    customize IntelEM64TFCompiler
    customize Gnu95FCompiler
    customize G95FCompiler
    customize PathScaleFCompiler
    don't know how to compile Fortran code on platform 'posix'
    customize GnuFCompiler
    customize IntelFCompiler
    customize LaheyFCompiler
    customize PGroupFCompiler
    customize AbsoftFCompiler
    customize NAGFCompiler
    customize VastFCompiler
    customize CompaqFCompiler
    customize IntelItaniumFCompiler
    customize IntelEM64TFCompiler
    customize Gnu95FCompiler
    customize G95FCompiler
    customize PathScaleFCompiler
    don't know how to compile Fortran code on platform 'posix'
    C compiler: gcc -pthread -fno-strict-aliasing -DNDEBUG -g -fwrapv -O2 -Wall -Wstrict-prototypes -fPIC
    
    compile options: '-Inumpy/core/src/private -Inumpy/core/src -Inumpy/core -Inumpy/core/src/npymath -Inumpy/core/src/multiarray -Inumpy/core/src/umath -Inumpy/core/include -I/usr/include/python2.7 -c'
    gcc: _configtest.c
    _configtest.c:5:5: warning: function declaration isn’t a prototype [-Wstrict-prototypes]
    success!
    removing: _configtest.c _configtest.o
    customize GnuFCompiler
    customize IntelFCompiler
    customize LaheyFCompiler
    customize PGroupFCompiler
    customize AbsoftFCompiler
    customize NAGFCompiler
    customize VastFCompiler
    customize CompaqFCompiler
    customize IntelItaniumFCompiler
    customize IntelEM64TFCompiler
    customize Gnu95FCompiler
    customize G95FCompiler
    customize PathScaleFCompiler
    don't know how to compile Fortran code on platform 'posix'
    customize GnuFCompiler
    customize IntelFCompiler
    customize LaheyFCompiler
    customize PGroupFCompiler
    customize AbsoftFCompiler
    customize NAGFCompiler
    customize VastFCompiler
    customize CompaqFCompiler
    customize IntelItaniumFCompiler
    customize IntelEM64TFCompiler
    customize Gnu95FCompiler
    customize G95FCompiler
    customize PathScaleFCompiler
    don't know how to compile Fortran code on platform 'posix'
    C compiler: gcc -pthread -fno-strict-aliasing -DNDEBUG -g -fwrapv -O2 -Wall -Wstrict-prototypes -fPIC
    
    compile options: '-Inumpy/core/src/private -Inumpy/core/src -Inumpy/core -Inumpy/core/src/npymath -Inumpy/core/src/multiarray -Inumpy/core/src/umath -Inumpy/core/include -I/usr/include/python2.7 -c'
    gcc: _configtest.c
    _configtest.c:5:5: warning: function declaration isn’t a prototype [-Wstrict-prototypes]
    success!
    removing: _configtest.c _configtest.o
    customize GnuFCompiler
    customize IntelFCompiler
    customize LaheyFCompiler
    customize PGroupFCompiler
    customize AbsoftFCompiler
    customize NAGFCompiler
    customize VastFCompiler
    customize CompaqFCompiler
    customize IntelItaniumFCompiler
    customize IntelEM64TFCompiler
    customize Gnu95FCompiler
    customize G95FCompiler
    customize PathScaleFCompiler
    don't know how to compile Fortran code on platform 'posix'
    customize GnuFCompiler
    customize IntelFCompiler
    customize LaheyFCompiler
    customize PGroupFCompiler
    customize AbsoftFCompiler
    customize NAGFCompiler
    customize VastFCompiler
    customize CompaqFCompiler
    customize IntelItaniumFCompiler
    customize IntelEM64TFCompiler
    customize Gnu95FCompiler
    customize G95FCompiler
    customize PathScaleFCompiler
    don't know how to compile Fortran code on platform 'posix'
    C compiler: gcc -pthread -fno-strict-aliasing -DNDEBUG -g -fwrapv -O2 -Wall -Wstrict-prototypes -fPIC
    
    compile options: '-Inumpy/core/src/private -Inumpy/core/src -Inumpy/core -Inumpy/core/src/npymath -Inumpy/core/src/multiarray -Inumpy/core/src/umath -Inumpy/core/include -I/usr/include/python2.7 -c'
    gcc: _configtest.c
    _configtest.c:5:5: warning: function declaration isn’t a prototype [-Wstrict-prototypes]
    success!
    removing: _configtest.c _configtest.o
    customize GnuFCompiler
    customize IntelFCompiler
    customize LaheyFCompiler
    customize PGroupFCompiler
    customize AbsoftFCompiler
    customize NAGFCompiler
    customize VastFCompiler
    customize CompaqFCompiler
    customize IntelItaniumFCompiler
    customize IntelEM64TFCompiler
    customize Gnu95FCompiler
    customize G95FCompiler
    customize PathScaleFCompiler
    don't know how to compile Fortran code on platform 'posix'
    customize GnuFCompiler
    customize IntelFCompiler
    customize LaheyFCompiler
    customize PGroupFCompiler
    customize AbsoftFCompiler
    customize NAGFCompiler
    customize VastFCompiler
    customize CompaqFCompiler
    customize IntelItaniumFCompiler
    customize IntelEM64TFCompiler
    customize Gnu95FCompiler
    customize G95FCompiler
    customize PathScaleFCompiler
    don't know how to compile Fortran code on platform 'posix'
    C compiler: gcc -pthread -fno-strict-aliasing -DNDEBUG -g -fwrapv -O2 -Wall -Wstrict-prototypes -fPIC
    
    compile options: '-Inumpy/core/src/private -Inumpy/core/src -Inumpy/core -Inumpy/core/src/npymath -Inumpy/core/src/multiarray -Inumpy/core/src/umath -Inumpy/core/include -I/usr/include/python2.7 -c'
    gcc: _configtest.c
    _configtest.c:1:5: warning: conflicting types for built-in function ‘log2’ [enabled by default]
    _configtest.c:2:5: warning: conflicting types for built-in function ‘pow’ [enabled by default]
    _configtest.c:3:5: warning: conflicting types for built-in function ‘exp2’ [enabled by default]
    _configtest.c:4:5: warning: conflicting types for built-in function ‘atan2’ [enabled by default]
    _configtest.c:5:5: warning: conflicting types for built-in function ‘rint’ [enabled by default]
    _configtest.c:6:5: warning: conflicting types for built-in function ‘nextafter’ [enabled by default]
    _configtest.c:7:5: warning: conflicting types for built-in function ‘trunc’ [enabled by default]
    gcc -pthread _configtest.o -lm -o _configtest
    success!
    removing: _configtest.c _configtest.o _configtest
    customize GnuFCompiler
    customize IntelFCompiler
    customize LaheyFCompiler
    customize PGroupFCompiler
    customize AbsoftFCompiler
    customize NAGFCompiler
    customize VastFCompiler
    customize CompaqFCompiler
    customize IntelItaniumFCompiler
    customize IntelEM64TFCompiler
    customize Gnu95FCompiler
    customize G95FCompiler
    customize PathScaleFCompiler
    don't know how to compile Fortran code on platform 'posix'
    customize GnuFCompiler
    customize IntelFCompiler
    customize LaheyFCompiler
    customize PGroupFCompiler
    customize AbsoftFCompiler
    customize NAGFCompiler
    customize VastFCompiler
    customize CompaqFCompiler
    customize IntelItaniumFCompiler
    customize IntelEM64TFCompiler
    customize Gnu95FCompiler
    customize G95FCompiler
    customize PathScaleFCompiler
    don't know how to compile Fortran code on platform 'posix'
    C compiler: gcc -pthread -fno-strict-aliasing -DNDEBUG -g -fwrapv -O2 -Wall -Wstrict-prototypes -fPIC
    
    compile options: '-Inumpy/core/src/private -Inumpy/core/src -Inumpy/core -Inumpy/core/src/npymath -Inumpy/core/src/multiarray -Inumpy/core/src/umath -Inumpy/core/include -I/usr/include/python2.7 -c'
    gcc: _configtest.c
    _configtest.c:1:5: warning: conflicting types for built-in function ‘cosf’ [enabled by default]
    _configtest.c:2:5: warning: conflicting types for built-in function ‘coshf’ [enabled by default]
    _configtest.c:3:5: warning: conflicting types for built-in function ‘rintf’ [enabled by default]
    _configtest.c:4:5: warning: conflicting types for built-in function ‘fabsf’ [enabled by default]
    _configtest.c:5:5: warning: conflicting types for built-in function ‘floorf’ [enabled by default]
    _configtest.c:6:5: warning: conflicting types for built-in function ‘nextafterf’ [enabled by default]
    _configtest.c:7:5: warning: conflicting types for built-in function ‘tanhf’ [enabled by default]
    _configtest.c:8:5: warning: conflicting types for built-in function ‘log10f’ [enabled by default]
    _configtest.c:9:5: warning: conflicting types for built-in function ‘logf’ [enabled by default]
    _configtest.c:10:5: warning: conflicting types for built-in function ‘sinhf’ [enabled by default]
    _configtest.c:11:5: warning: conflicting types for built-in function ‘acosf’ [enabled by default]
    _configtest.c:12:5: warning: conflicting types for built-in function ‘sqrtf’ [enabled by default]
    _configtest.c:13:5: warning: conflicting types for built-in function ‘ldexpf’ [enabled by default]
    _configtest.c:14:5: warning: conflicting types for built-in function ‘hypotf’ [enabled by default]
    _configtest.c:15:5: warning: conflicting types for built-in function ‘log2f’ [enabled by default]
    _configtest.c:16:5: warning: conflicting types for built-in function ‘exp2f’ [enabled by default]
    _configtest.c:17:5: warning: conflicting types for built-in function ‘atanf’ [enabled by default]
    _configtest.c:18:5: warning: conflicting types for built-in function ‘fmodf’ [enabled by default]
    _configtest.c:19:5: warning: conflicting types for built-in function ‘atan2f’ [enabled by default]
    _configtest.c:20:5: warning: conflicting types for built-in function ‘modff’ [enabled by default]
    _configtest.c:21:5: warning: conflicting types for built-in function ‘ceilf’ [enabled by default]
    _configtest.c:22:5: warning: conflicting types for built-in function ‘log1pf’ [enabled by default]
    _configtest.c:23:5: warning: conflicting types for built-in function ‘asinf’ [enabled by default]
    _configtest.c:24:5: warning: conflicting types for built-in function ‘copysignf’ [enabled by default]
    _configtest.c:25:5: warning: conflicting types for built-in function ‘acoshf’ [enabled by default]
    _configtest.c:26:5: warning: conflicting types for built-in function ‘sinf’ [enabled by default]
    _configtest.c:27:5: warning: conflicting types for built-in function ‘tanf’ [enabled by default]
    _configtest.c:28:5: warning: conflicting types for built-in function ‘atanhf’ [enabled by default]
    _configtest.c:29:5: warning: conflicting types for built-in function ‘truncf’ [enabled by default]
    _configtest.c:30:5: warning: conflicting types for built-in function ‘asinhf’ [enabled by default]
    _configtest.c:31:5: warning: conflicting types for built-in function ‘frexpf’ [enabled by default]
    _configtest.c:32:5: warning: conflicting types for built-in function ‘powf’ [enabled by default]
    _configtest.c:33:5: warning: conflicting types for built-in function ‘expf’ [enabled by default]
    _configtest.c:34:5: warning: conflicting types for built-in function ‘expm1f’ [enabled by default]
    gcc -pthread _configtest.o -lm -o _configtest
    success!
    removing: _configtest.c _configtest.o _configtest
    customize GnuFCompiler
    customize IntelFCompiler
    customize LaheyFCompiler
    customize PGroupFCompiler
    customize AbsoftFCompiler
    customize NAGFCompiler
    customize VastFCompiler
    customize CompaqFCompiler
    customize IntelItaniumFCompiler
    customize IntelEM64TFCompiler
    customize Gnu95FCompiler
    customize G95FCompiler
    customize PathScaleFCompiler
    don't know how to compile Fortran code on platform 'posix'
    customize GnuFCompiler
    customize IntelFCompiler
    customize LaheyFCompiler
    customize PGroupFCompiler
    customize AbsoftFCompiler
    customize NAGFCompiler
    customize VastFCompiler
    customize CompaqFCompiler
    customize IntelItaniumFCompiler
    customize IntelEM64TFCompiler
    customize Gnu95FCompiler
    customize G95FCompiler
    customize PathScaleFCompiler
    don't know how to compile Fortran code on platform 'posix'
    C compiler: gcc -pthread -fno-strict-aliasing -DNDEBUG -g -fwrapv -O2 -Wall -Wstrict-prototypes -fPIC
    
    compile options: '-Inumpy/core/src/private -Inumpy/core/src -Inumpy/core -Inumpy/core/src/npymath -Inumpy/core/src/multiarray -Inumpy/core/src/umath -Inumpy/core/include -I/usr/include/python2.7 -c'
    gcc: _configtest.c
    _configtest.c:1:5: warning: conflicting types for built-in function ‘tanhl’ [enabled by default]
    _configtest.c:2:5: warning: conflicting types for built-in function ‘log10l’ [enabled by default]
    _configtest.c:3:5: warning: conflicting types for built-in function ‘nextafterl’ [enabled by default]
    _configtest.c:4:5: warning: conflicting types for built-in function ‘coshl’ [enabled by default]
    _configtest.c:5:5: warning: conflicting types for built-in function ‘cosl’ [enabled by default]
    _configtest.c:6:5: warning: conflicting types for built-in function ‘floorl’ [enabled by default]
    _configtest.c:7:5: warning: conflicting types for built-in function ‘rintl’ [enabled by default]
    _configtest.c:8:5: warning: conflicting types for built-in function ‘fabsl’ [enabled by default]
    _configtest.c:9:5: warning: conflicting types for built-in function ‘acosl’ [enabled by default]
    _configtest.c:10:5: warning: conflicting types for built-in function ‘ldexpl’ [enabled by default]
    _configtest.c:11:5: warning: conflicting types for built-in function ‘sqrtl’ [enabled by default]
    _configtest.c:12:5: warning: conflicting types for built-in function ‘logl’ [enabled by default]
    _configtest.c:13:5: warning: conflicting types for built-in function ‘expm1l’ [enabled by default]
    _configtest.c:14:5: warning: conflicting types for built-in function ‘hypotl’ [enabled by default]
    _configtest.c:15:5: warning: conflicting types for built-in function ‘log2l’ [enabled by default]
    _configtest.c:16:5: warning: conflicting types for built-in function ‘copysignl’ [enabled by default]
    _configtest.c:17:5: warning: conflicting types for built-in function ‘exp2l’ [enabled by default]
    _configtest.c:18:5: warning: conflicting types for built-in function ‘atanl’ [enabled by default]
    _configtest.c:19:5: warning: conflicting types for built-in function ‘frexpl’ [enabled by default]
    _configtest.c:20:5: warning: conflicting types for built-in function ‘atan2l’ [enabled by default]
    _configtest.c:21:5: warning: conflicting types for built-in function ‘sinhl’ [enabled by default]
    _configtest.c:22:5: warning: conflicting types for built-in function ‘fmodl’ [enabled by default]
    _configtest.c:23:5: warning: conflicting types for built-in function ‘log1pl’ [enabled by default]
    _configtest.c:24:5: warning: conflicting types for built-in function ‘asinl’ [enabled by default]
    _configtest.c:25:5: warning: conflicting types for built-in function ‘ceill’ [enabled by default]
    _configtest.c:26:5: warning: conflicting types for built-in function ‘sinl’ [enabled by default]
    _configtest.c:27:5: warning: conflicting types for built-in function ‘acoshl’ [enabled by default]
    _configtest.c:28:5: warning: conflicting types for built-in function ‘atanhl’ [enabled by default]
    _configtest.c:29:5: warning: conflicting types for built-in function ‘tanl’ [enabled by default]
    _configtest.c:30:5: warning: conflicting types for built-in function ‘truncl’ [enabled by default]
    _configtest.c:31:5: warning: conflicting types for built-in function ‘powl’ [enabled by default]
    _configtest.c:32:5: warning: conflicting types for built-in function ‘expl’ [enabled by default]
    _configtest.c:33:5: warning: conflicting types for built-in function ‘modfl’ [enabled by default]
    _configtest.c:34:5: warning: conflicting types for built-in function ‘asinhl’ [enabled by default]
    gcc -pthread _configtest.o -lm -o _configtest
    success!
    removing: _configtest.c _configtest.o _configtest
    customize GnuFCompiler
    customize IntelFCompiler
    customize LaheyFCompiler
    customize PGroupFCompiler
    customize AbsoftFCompiler
    customize NAGFCompiler
    customize VastFCompiler
    customize CompaqFCompiler
    customize IntelItaniumFCompiler
    customize IntelEM64TFCompiler
    customize Gnu95FCompiler
    customize G95FCompiler
    customize PathScaleFCompiler
    don't know how to compile Fortran code on platform 'posix'
    customize GnuFCompiler
    customize IntelFCompiler
    customize LaheyFCompiler
    customize PGroupFCompiler
    customize AbsoftFCompiler
    customize NAGFCompiler
    customize VastFCompiler
    customize CompaqFCompiler
    customize IntelItaniumFCompiler
    customize IntelEM64TFCompiler
    customize Gnu95FCompiler
    customize G95FCompiler
    customize PathScaleFCompiler
    don't know how to compile Fortran code on platform 'posix'
    C compiler: gcc -pthread -fno-strict-aliasing -DNDEBUG -g -fwrapv -O2 -Wall -Wstrict-prototypes -fPIC
    
    compile options: '-Inumpy/core/src/private -Inumpy/core/src -Inumpy/core -Inumpy/core/src/npymath -Inumpy/core/src/multiarray -Inumpy/core/src/umath -Inumpy/core/include -I/usr/include/python2.7 -c'
    gcc: _configtest.c
    _configtest.c:5:5: warning: function declaration isn’t a prototype [-Wstrict-prototypes]
    success!
    removing: _configtest.c _configtest.o
    customize GnuFCompiler
    customize IntelFCompiler
    customize LaheyFCompiler
    customize PGroupFCompiler
    customize AbsoftFCompiler
    customize NAGFCompiler
    customize VastFCompiler
    customize CompaqFCompiler
    customize IntelItaniumFCompiler
    customize IntelEM64TFCompiler
    customize Gnu95FCompiler
    customize G95FCompiler
    customize PathScaleFCompiler
    don't know how to compile Fortran code on platform 'posix'
    customize GnuFCompiler
    customize IntelFCompiler
    customize LaheyFCompiler
    customize PGroupFCompiler
    customize AbsoftFCompiler
    customize NAGFCompiler
    customize VastFCompiler
    customize CompaqFCompiler
    customize IntelItaniumFCompiler
    customize IntelEM64TFCompiler
    customize Gnu95FCompiler
    customize G95FCompiler
    customize PathScaleFCompiler
    don't know how to compile Fortran code on platform 'posix'
    C compiler: gcc -pthread -fno-strict-aliasing -DNDEBUG -g -fwrapv -O2 -Wall -Wstrict-prototypes -fPIC
    
    compile options: '-Inumpy/core/src/private -Inumpy/core/src -Inumpy/core -Inumpy/core/src/npymath -Inumpy/core/src/multiarray -Inumpy/core/src/umath -Inumpy/core/include -I/usr/include/python2.7 -c'
    gcc: _configtest.c
    _configtest.c:5:5: warning: function declaration isn’t a prototype [-Wstrict-prototypes]
    success!
    removing: _configtest.c _configtest.o
    customize GnuFCompiler
    customize IntelFCompiler
    customize LaheyFCompiler
    customize PGroupFCompiler
    customize AbsoftFCompiler
    customize NAGFCompiler
    customize VastFCompiler
    customize CompaqFCompiler
    customize IntelItaniumFCompiler
    customize IntelEM64TFCompiler
    customize Gnu95FCompiler
    customize G95FCompiler
    customize PathScaleFCompiler
    don't know how to compile Fortran code on platform 'posix'
    customize GnuFCompiler
    customize IntelFCompiler
    customize LaheyFCompiler
    customize PGroupFCompiler
    customize AbsoftFCompiler
    customize NAGFCompiler
    customize VastFCompiler
    customize CompaqFCompiler
    customize IntelItaniumFCompiler
    customize IntelEM64TFCompiler
    customize Gnu95FCompiler
    customize G95FCompiler
    customize PathScaleFCompiler
    don't know how to compile Fortran code on platform 'posix'
    C compiler: gcc -pthread -fno-strict-aliasing -DNDEBUG -g -fwrapv -O2 -Wall -Wstrict-prototypes -fPIC
    
    compile options: '-Inumpy/core/src/private -Inumpy/core/src -Inumpy/core -Inumpy/core/src/npymath -Inumpy/core/src/multiarray -Inumpy/core/src/umath -Inumpy/core/include -I/usr/include/python2.7 -c'
    gcc: _configtest.c
    _configtest.c:5:5: warning: function declaration isn’t a prototype [-Wstrict-prototypes]
    success!
    removing: _configtest.c _configtest.o
    customize GnuFCompiler
    customize IntelFCompiler
    customize LaheyFCompiler
    customize PGroupFCompiler
    customize AbsoftFCompiler
    customize NAGFCompiler
    customize VastFCompiler
    customize CompaqFCompiler
    customize IntelItaniumFCompiler
    customize IntelEM64TFCompiler
    customize Gnu95FCompiler
    customize G95FCompiler
    customize PathScaleFCompiler
    don't know how to compile Fortran code on platform 'posix'
    customize GnuFCompiler
    customize IntelFCompiler
    customize LaheyFCompiler
    customize PGroupFCompiler
    customize AbsoftFCompiler
    customize NAGFCompiler
    customize VastFCompiler
    customize CompaqFCompiler
    customize IntelItaniumFCompiler
    customize IntelEM64TFCompiler
    customize Gnu95FCompiler
    customize G95FCompiler
    customize PathScaleFCompiler
    don't know how to compile Fortran code on platform 'posix'
    C compiler: gcc -pthread -fno-strict-aliasing -DNDEBUG -g -fwrapv -O2 -Wall -Wstrict-prototypes -fPIC
    
    compile options: '-Inumpy/core/src/private -Inumpy/core/src -Inumpy/core -Inumpy/core/src/npymath -Inumpy/core/src/multiarray -Inumpy/core/src/umath -Inumpy/core/include -I/usr/include/python2.7 -c'
    gcc: _configtest.c
    _configtest.c:5:5: warning: function declaration isn’t a prototype [-Wstrict-prototypes]
    success!
    removing: _configtest.c _configtest.o
    customize GnuFCompiler
    customize IntelFCompiler
    customize LaheyFCompiler
    customize PGroupFCompiler
    customize AbsoftFCompiler
    customize NAGFCompiler
    customize VastFCompiler
    customize CompaqFCompiler
    customize IntelItaniumFCompiler
    customize IntelEM64TFCompiler
    customize Gnu95FCompiler
    customize G95FCompiler
    customize PathScaleFCompiler
    don't know how to compile Fortran code on platform 'posix'
    customize GnuFCompiler
    customize IntelFCompiler
    customize LaheyFCompiler
    customize PGroupFCompiler
    customize AbsoftFCompiler
    customize NAGFCompiler
    customize VastFCompiler
    customize CompaqFCompiler
    customize IntelItaniumFCompiler
    customize IntelEM64TFCompiler
    customize Gnu95FCompiler
    customize G95FCompiler
    customize PathScaleFCompiler
    don't know how to compile Fortran code on platform 'posix'
    C compiler: gcc -pthread -fno-strict-aliasing -DNDEBUG -g -fwrapv -O2 -Wall -Wstrict-prototypes -fPIC
    
    compile options: '-Inumpy/core/src/private -Inumpy/core/src -Inumpy/core -Inumpy/core/src/npymath -Inumpy/core/src/multiarray -Inumpy/core/src/umath -Inumpy/core/include -I/usr/include/python2.7 -c'
    gcc: _configtest.c
    _configtest.c:5:5: warning: function declaration isn’t a prototype [-Wstrict-prototypes]
    _configtest.c: In function ‘main’:
    _configtest.c:8:12: error: ‘HAVE_DECL_SIGNBIT’ undeclared (first use in this function)
    _configtest.c:8:12: note: each undeclared identifier is reported only once for each function it appears in
    _configtest.c:5:5: warning: function declaration isn’t a prototype [-Wstrict-prototypes]
    _configtest.c: In function ‘main’:
    _configtest.c:8:12: error: ‘HAVE_DECL_SIGNBIT’ undeclared (first use in this function)
    _configtest.c:8:12: note: each undeclared identifier is reported only once for each function it appears in
    failure.
    removing: _configtest.c _configtest.o
    customize GnuFCompiler
    customize IntelFCompiler
    customize LaheyFCompiler
    customize PGroupFCompiler
    customize AbsoftFCompiler
    customize NAGFCompiler
    customize VastFCompiler
    customize CompaqFCompiler
    customize IntelItaniumFCompiler
    customize IntelEM64TFCompiler
    customize Gnu95FCompiler
    customize G95FCompiler
    customize PathScaleFCompiler
    don't know how to compile Fortran code on platform 'posix'
    customize GnuFCompiler
    customize IntelFCompiler
    customize LaheyFCompiler
    customize PGroupFCompiler
    customize AbsoftFCompiler
    customize NAGFCompiler
    customize VastFCompiler
    customize CompaqFCompiler
    customize IntelItaniumFCompiler
    customize IntelEM64TFCompiler
    customize Gnu95FCompiler
    customize G95FCompiler
    customize PathScaleFCompiler
    don't know how to compile Fortran code on platform 'posix'
    C compiler: gcc -pthread -fno-strict-aliasing -DNDEBUG -g -fwrapv -O2 -Wall -Wstrict-prototypes -fPIC
    
    compile options: '-Inumpy/core/src/private -Inumpy/core/src -Inumpy/core -Inumpy/core/src/npymath -Inumpy/core/src/multiarray -Inumpy/core/src/umath -Inumpy/core/include -I/usr/include/python2.7 -c'
    gcc: _configtest.c
    _configtest.c:5:5: warning: function declaration isn’t a prototype [-Wstrict-prototypes]
    success!
    removing: _configtest.c _configtest.o
    customize GnuFCompiler
    customize IntelFCompiler
    customize LaheyFCompiler
    customize PGroupFCompiler
    customize AbsoftFCompiler
    customize NAGFCompiler
    customize VastFCompiler
    customize CompaqFCompiler
    customize IntelItaniumFCompiler
    customize IntelEM64TFCompiler
    customize Gnu95FCompiler
    customize G95FCompiler
    customize PathScaleFCompiler
    don't know how to compile Fortran code on platform 'posix'
    customize GnuFCompiler
    customize IntelFCompiler
    customize LaheyFCompiler
    customize PGroupFCompiler
    customize AbsoftFCompiler
    customize NAGFCompiler
    customize VastFCompiler
    customize CompaqFCompiler
    customize IntelItaniumFCompiler
    customize IntelEM64TFCompiler
    customize Gnu95FCompiler
    customize G95FCompiler
    customize PathScaleFCompiler
    don't know how to compile Fortran code on platform 'posix'
    C compiler: gcc -pthread -fno-strict-aliasing -DNDEBUG -g -fwrapv -O2 -Wall -Wstrict-prototypes -fPIC
    
    compile options: '-Inumpy/core/src/private -Inumpy/core/src -Inumpy/core -Inumpy/core/src/npymath -Inumpy/core/src/multiarray -Inumpy/core/src/umath -Inumpy/core/include -I/usr/include/python2.7 -c'
    gcc: _configtest.c
    _configtest.c:5:5: warning: function declaration isn’t a prototype [-Wstrict-prototypes]
    success!
    removing: _configtest.c _configtest.o
    customize GnuFCompiler
    customize IntelFCompiler
    customize LaheyFCompiler
    customize PGroupFCompiler
    customize AbsoftFCompiler
    customize NAGFCompiler
    customize VastFCompiler
    customize CompaqFCompiler
    customize IntelItaniumFCompiler
    customize IntelEM64TFCompiler
    customize Gnu95FCompiler
    customize G95FCompiler
    customize PathScaleFCompiler
    don't know how to compile Fortran code on platform 'posix'
    customize GnuFCompiler
    customize IntelFCompiler
    customize LaheyFCompiler
    customize PGroupFCompiler
    customize AbsoftFCompiler
    customize NAGFCompiler
    customize VastFCompiler
    customize CompaqFCompiler
    customize IntelItaniumFCompiler
    customize IntelEM64TFCompiler
    customize Gnu95FCompiler
    customize G95FCompiler
    customize PathScaleFCompiler
    don't know how to compile Fortran code on platform 'posix'
    C compiler: gcc -pthread -fno-strict-aliasing -DNDEBUG -g -fwrapv -O2 -Wall -Wstrict-prototypes -fPIC
    
    compile options: '-Inumpy/core/src/private -Inumpy/core/src -Inumpy/core -Inumpy/core/src/npymath -Inumpy/core/src/multiarray -Inumpy/core/src/umath -Inumpy/core/include -I/usr/include/python2.7 -c'
    gcc: _configtest.c
    _configtest.c:5:5: warning: function declaration isn’t a prototype [-Wstrict-prototypes]
    success!
    removing: _configtest.c _configtest.o
    customize GnuFCompiler
    customize IntelFCompiler
    customize LaheyFCompiler
    customize PGroupFCompiler
    customize AbsoftFCompiler
    customize NAGFCompiler
    customize VastFCompiler
    customize CompaqFCompiler
    customize IntelItaniumFCompiler
    customize IntelEM64TFCompiler
    customize Gnu95FCompiler
    customize G95FCompiler
    customize PathScaleFCompiler
    don't know how to compile Fortran code on platform 'posix'
    customize GnuFCompiler
    customize IntelFCompiler
    customize LaheyFCompiler
    customize PGroupFCompiler
    customize AbsoftFCompiler
    customize NAGFCompiler
    customize VastFCompiler
    customize CompaqFCompiler
    customize IntelItaniumFCompiler
    customize IntelEM64TFCompiler
    customize Gnu95FCompiler
    customize G95FCompiler
    customize PathScaleFCompiler
    don't know how to compile Fortran code on platform 'posix'
    C compiler: gcc -pthread -fno-strict-aliasing -DNDEBUG -g -fwrapv -O2 -Wall -Wstrict-prototypes -fPIC
    
    compile options: '-Inumpy/core/src/private -Inumpy/core/src -Inumpy/core -Inumpy/core/src/npymath -Inumpy/core/src/multiarray -Inumpy/core/src/umath -Inumpy/core/include -I/usr/include/python2.7 -c'
    gcc: _configtest.c
    success!
    removing: _configtest.c _configtest.o
    customize GnuFCompiler
    customize IntelFCompiler
    customize LaheyFCompiler
    customize PGroupFCompiler
    customize AbsoftFCompiler
    customize NAGFCompiler
    customize VastFCompiler
    customize CompaqFCompiler
    customize IntelItaniumFCompiler
    customize IntelEM64TFCompiler
    customize Gnu95FCompiler
    customize G95FCompiler
    customize PathScaleFCompiler
    don't know how to compile Fortran code on platform 'posix'
    C compiler: gcc -pthread -fno-strict-aliasing -DNDEBUG -g -fwrapv -O2 -Wall -Wstrict-prototypes -fPIC
    
    compile options: '-Inumpy/core/src/private -Inumpy/core/src -Inumpy/core -Inumpy/core/src/npymath -Inumpy/core/src/multiarray -Inumpy/core/src/umath -Inumpy/core/include -I/usr/include/python2.7 -c'
    gcc: _configtest.c
    _configtest.c:4:5: warning: function declaration isn’t a prototype [-Wstrict-prototypes]
    removing: _configtest.c _configtest.o
    customize GnuFCompiler
    customize IntelFCompiler
    customize LaheyFCompiler
    customize PGroupFCompiler
    customize AbsoftFCompiler
    customize NAGFCompiler
    customize VastFCompiler
    customize CompaqFCompiler
    customize IntelItaniumFCompiler
    customize IntelEM64TFCompiler
    customize Gnu95FCompiler
    customize G95FCompiler
    customize PathScaleFCompiler
    don't know how to compile Fortran code on platform 'posix'
    C compiler: gcc -pthread -fno-strict-aliasing -DNDEBUG -g -fwrapv -O2 -Wall -Wstrict-prototypes -fPIC
    
    compile options: '-Inumpy/core/src/private -Inumpy/core/src -Inumpy/core -Inumpy/core/src/npymath -Inumpy/core/src/multiarray -Inumpy/core/src/umath -Inumpy/core/include -I/usr/include/python2.7 -c'
    gcc: _configtest.c
    _configtest.c:4:5: warning: function declaration isn’t a prototype [-Wstrict-prototypes]
    removing: _configtest.c _configtest.o
    customize GnuFCompiler
    customize IntelFCompiler
    customize LaheyFCompiler
    customize PGroupFCompiler
    customize AbsoftFCompiler
    customize NAGFCompiler
    customize VastFCompiler
    customize CompaqFCompiler
    customize IntelItaniumFCompiler
    customize IntelEM64TFCompiler
    customize Gnu95FCompiler
    customize G95FCompiler
    customize PathScaleFCompiler
    don't know how to compile Fortran code on platform 'posix'
    C compiler: gcc -pthread -fno-strict-aliasing -DNDEBUG -g -fwrapv -O2 -Wall -Wstrict-prototypes -fPIC
    
    compile options: '-Inumpy/core/src/private -Inumpy/core/src -Inumpy/core -Inumpy/core/src/npymath -Inumpy/core/src/multiarray -Inumpy/core/src/umath -Inumpy/core/include -I/usr/include/python2.7 -c'
    gcc: _configtest.c
    _configtest.c:4:5: warning: function declaration isn’t a prototype [-Wstrict-prototypes]
    removing: _configtest.c _configtest.o
    customize GnuFCompiler
    customize IntelFCompiler
    customize LaheyFCompiler
    customize PGroupFCompiler
    customize AbsoftFCompiler
    customize NAGFCompiler
    customize VastFCompiler
    customize CompaqFCompiler
    customize IntelItaniumFCompiler
    customize IntelEM64TFCompiler
    customize Gnu95FCompiler
    customize G95FCompiler
    customize PathScaleFCompiler
    don't know how to compile Fortran code on platform 'posix'
    customize GnuFCompiler
    customize IntelFCompiler
    customize LaheyFCompiler
    customize PGroupFCompiler
    customize AbsoftFCompiler
    customize NAGFCompiler
    customize VastFCompiler
    customize CompaqFCompiler
    customize IntelItaniumFCompiler
    customize IntelEM64TFCompiler
    customize Gnu95FCompiler
    customize G95FCompiler
    customize PathScaleFCompiler
    don't know how to compile Fortran code on platform 'posix'
    C compiler: gcc -pthread -fno-strict-aliasing -DNDEBUG -g -fwrapv -O2 -Wall -Wstrict-prototypes -fPIC
    
    compile options: '-Inumpy/core/src/private -Inumpy/core/src -Inumpy/core -Inumpy/core/src/npymath -Inumpy/core/src/multiarray -Inumpy/core/src/umath -Inumpy/core/include -I/usr/include/python2.7 -c'
    gcc: _configtest.c
    _configtest.c:1:5: warning: conflicting types for built-in function ‘cexp’ [enabled by default]
    _configtest.c:2:5: warning: conflicting types for built-in function ‘clog’ [enabled by default]
    _configtest.c:3:5: warning: conflicting types for built-in function ‘ccos’ [enabled by default]
    _configtest.c:4:5: warning: conflicting types for built-in function ‘cimag’ [enabled by default]
    _configtest.c:5:5: warning: conflicting types for built-in function ‘cabs’ [enabled by default]
    _configtest.c:6:5: warning: conflicting types for built-in function ‘cpow’ [enabled by default]
    _configtest.c:7:5: warning: conflicting types for built-in function ‘csqrt’ [enabled by default]
    _configtest.c:8:5: warning: conflicting types for built-in function ‘carg’ [enabled by default]
    _configtest.c:9:5: warning: conflicting types for built-in function ‘creal’ [enabled by default]
    _configtest.c:10:5: warning: conflicting types for built-in function ‘csin’ [enabled by default]
    gcc -pthread _configtest.o -lm -o _configtest
    success!
    removing: _configtest.c _configtest.o _configtest
    customize GnuFCompiler
    customize IntelFCompiler
    customize LaheyFCompiler
    customize PGroupFCompiler
    customize AbsoftFCompiler
    customize NAGFCompiler
    customize VastFCompiler
    customize CompaqFCompiler
    customize IntelItaniumFCompiler
    customize IntelEM64TFCompiler
    customize Gnu95FCompiler
    customize G95FCompiler
    customize PathScaleFCompiler
    don't know how to compile Fortran code on platform 'posix'
    customize GnuFCompiler
    customize IntelFCompiler
    customize LaheyFCompiler
    customize PGroupFCompiler
    customize AbsoftFCompiler
    customize NAGFCompiler
    customize VastFCompiler
    customize CompaqFCompiler
    customize IntelItaniumFCompiler
    customize IntelEM64TFCompiler
    customize Gnu95FCompiler
    customize G95FCompiler
    customize PathScaleFCompiler
    don't know how to compile Fortran code on platform 'posix'
    C compiler: gcc -pthread -fno-strict-aliasing -DNDEBUG -g -fwrapv -O2 -Wall -Wstrict-prototypes -fPIC
    
    compile options: '-Inumpy/core/src/private -Inumpy/core/src -Inumpy/core -Inumpy/core/src/npymath -Inumpy/core/src/multiarray -Inumpy/core/src/umath -Inumpy/core/include -I/usr/include/python2.7 -c'
    gcc: _configtest.c
    _configtest.c:1:5: warning: conflicting types for built-in function ‘ccosf’ [enabled by default]
    _configtest.c:2:5: warning: conflicting types for built-in function ‘cargf’ [enabled by default]
    _configtest.c:3:5: warning: conflicting types for built-in function ‘csqrtf’ [enabled by default]
    _configtest.c:4:5: warning: conflicting types for built-in function ‘cpowf’ [enabled by default]
    _configtest.c:5:5: warning: conflicting types for built-in function ‘cexpf’ [enabled by default]
    _configtest.c:6:5: warning: conflicting types for built-in function ‘crealf’ [enabled by default]
    _configtest.c:7:5: warning: conflicting types for built-in function ‘csinf’ [enabled by default]
    _configtest.c:8:5: warning: conflicting types for built-in function ‘cabsf’ [enabled by default]
    _configtest.c:9:5: warning: conflicting types for built-in function ‘clogf’ [enabled by default]
    _configtest.c:10:5: warning: conflicting types for built-in function ‘cimagf’ [enabled by default]
    gcc -pthread _configtest.o -lm -o _configtest
    success!
    removing: _configtest.c _configtest.o _configtest
    customize GnuFCompiler
    customize IntelFCompiler
    customize LaheyFCompiler
    customize PGroupFCompiler
    customize AbsoftFCompiler
    customize NAGFCompiler
    customize VastFCompiler
    customize CompaqFCompiler
    customize IntelItaniumFCompiler
    customize IntelEM64TFCompiler
    customize Gnu95FCompiler
    customize G95FCompiler
    customize PathScaleFCompiler
    don't know how to compile Fortran code on platform 'posix'
    customize GnuFCompiler
    customize IntelFCompiler
    customize LaheyFCompiler
    customize PGroupFCompiler
    customize AbsoftFCompiler
    customize NAGFCompiler
    customize VastFCompiler
    customize CompaqFCompiler
    customize IntelItaniumFCompiler
    customize IntelEM64TFCompiler
    customize Gnu95FCompiler
    customize G95FCompiler
    customize PathScaleFCompiler
    don't know how to compile Fortran code on platform 'posix'
    C compiler: gcc -pthread -fno-strict-aliasing -DNDEBUG -g -fwrapv -O2 -Wall -Wstrict-prototypes -fPIC
    
    compile options: '-Inumpy/core/src/private -Inumpy/core/src -Inumpy/core -Inumpy/core/src/npymath -Inumpy/core/src/multiarray -Inumpy/core/src/umath -Inumpy/core/include -I/usr/include/python2.7 -c'
    gcc: _configtest.c
    _configtest.c:1:5: warning: conflicting types for built-in function ‘csqrtl’ [enabled by default]
    _configtest.c:2:5: warning: conflicting types for built-in function ‘cargl’ [enabled by default]
    _configtest.c:3:5: warning: conflicting types for built-in function ‘cexpl’ [enabled by default]
    _configtest.c:4:5: warning: conflicting types for built-in function ‘ccosl’ [enabled by default]
    _configtest.c:5:5: warning: conflicting types for built-in function ‘cpowl’ [enabled by default]
    _configtest.c:6:5: warning: conflicting types for built-in function ‘cimagl’ [enabled by default]
    _configtest.c:7:5: warning: conflicting types for built-in function ‘csinl’ [enabled by default]
    _configtest.c:8:5: warning: conflicting types for built-in function ‘creall’ [enabled by default]
    _configtest.c:9:5: warning: conflicting types for built-in function ‘clogl’ [enabled by default]
    _configtest.c:10:5: warning: conflicting types for built-in function ‘cabsl’ [enabled by default]
    gcc -pthread _configtest.o -lm -o _configtest
    success!
    removing: _configtest.c _configtest.o _configtest
    customize GnuFCompiler
    customize IntelFCompiler
    customize LaheyFCompiler
    customize PGroupFCompiler
    customize AbsoftFCompiler
    customize NAGFCompiler
    customize VastFCompiler
    customize CompaqFCompiler
    customize IntelItaniumFCompiler
    customize IntelEM64TFCompiler
    customize Gnu95FCompiler
    customize G95FCompiler
    customize PathScaleFCompiler
    don't know how to compile Fortran code on platform 'posix'
    customize GnuFCompiler
    customize IntelFCompiler
    customize LaheyFCompiler
    customize PGroupFCompiler
    customize AbsoftFCompiler
    customize NAGFCompiler
    customize VastFCompiler
    customize CompaqFCompiler
    customize IntelItaniumFCompiler
    customize IntelEM64TFCompiler
    customize Gnu95FCompiler
    customize G95FCompiler
    customize PathScaleFCompiler
    don't know how to compile Fortran code on platform 'posix'
    C compiler: gcc -pthread -fno-strict-aliasing -DNDEBUG -g -fwrapv -O2 -Wall -Wstrict-prototypes -fPIC
    
    compile options: '-Inumpy/core/src/private -Inumpy/core/src -Inumpy/core -Inumpy/core/src/npymath -Inumpy/core/src/multiarray -Inumpy/core/src/umath -Inumpy/core/include -I/usr/include/python2.7 -c'
    gcc: _configtest.c
    success!
    removing: _configtest.c _configtest.o
    customize GnuFCompiler
    customize IntelFCompiler
    customize LaheyFCompiler
    customize PGroupFCompiler
    customize AbsoftFCompiler
    customize NAGFCompiler
    customize VastFCompiler
    customize CompaqFCompiler
    customize IntelItaniumFCompiler
    customize IntelEM64TFCompiler
    customize Gnu95FCompiler
    customize G95FCompiler
    customize PathScaleFCompiler
    don't know how to compile Fortran code on platform 'posix'
    customize GnuFCompiler
    customize IntelFCompiler
    customize LaheyFCompiler
    customize PGroupFCompiler
    customize AbsoftFCompiler
    customize NAGFCompiler
    customize VastFCompiler
    customize CompaqFCompiler
    customize IntelItaniumFCompiler
    customize IntelEM64TFCompiler
    customize Gnu95FCompiler
    customize G95FCompiler
    customize PathScaleFCompiler
    don't know how to compile Fortran code on platform 'posix'
    C compiler: gcc -pthread -fno-strict-aliasing -DNDEBUG -g -fwrapv -O2 -Wall -Wstrict-prototypes -fPIC
    
    compile options: '-Inumpy/core/src/private -Inumpy/core/src -Inumpy/core -Inumpy/core/src/npymath -Inumpy/core/src/multiarray -Inumpy/core/src/umath -Inumpy/core/include -I/usr/include/python2.7 -c'
    gcc: _configtest.c
    _configtest.c:4:5: warning: function declaration isn’t a prototype [-Wstrict-prototypes]
    success!
    removing: _configtest.c _configtest.o
    customize GnuFCompiler
    customize IntelFCompiler
    customize LaheyFCompiler
    customize PGroupFCompiler
    customize AbsoftFCompiler
    customize NAGFCompiler
    customize VastFCompiler
    customize CompaqFCompiler
    customize IntelItaniumFCompiler
    customize IntelEM64TFCompiler
    customize Gnu95FCompiler
    customize G95FCompiler
    customize PathScaleFCompiler
    don't know how to compile Fortran code on platform 'posix'
    C compiler: gcc -pthread -fno-strict-aliasing -DNDEBUG -g -fwrapv -O2 -Wall -Wstrict-prototypes -fPIC
    
    compile options: '-Inumpy/core/src/private -Inumpy/core/src -Inumpy/core -Inumpy/core/src/npymath -Inumpy/core/src/multiarray -Inumpy/core/src/umath -Inumpy/core/include -I/usr/include/python2.7 -c'
    gcc: _configtest.c
    removing: _configtest.c _configtest.o
    ('File:', 'build/src.linux-x86_64-2.7/numpy/core/include/numpy/config.h')
    #define HAVE_ENDIAN_H 1
    #define SIZEOF_PY_INTPTR_T 8
    #define SIZEOF_PY_LONG_LONG 8
    #define MATHLIB m
    #define HAVE_SIN
    #define HAVE_COS
    #define HAVE_TAN
    #define HAVE_SINH
    #define HAVE_COSH
    #define HAVE_TANH
    #define HAVE_FABS
    #define HAVE_FLOOR
    #define HAVE_CEIL
    #define HAVE_SQRT
    #define HAVE_LOG10
    #define HAVE_LOG
    #define HAVE_EXP
    #define HAVE_ASIN
    #define HAVE_ACOS
    #define HAVE_ATAN
    #define HAVE_FMOD
    #define HAVE_MODF
    #define HAVE_FREXP
    #define HAVE_LDEXP
    #define HAVE_RINT
    #define HAVE_TRUNC
    #define HAVE_EXP2
    #define HAVE_LOG2
    #define HAVE_ATAN2
    #define HAVE_POW
    #define HAVE_NEXTAFTER
    #define HAVE_SINF
    #define HAVE_COSF
    #define HAVE_TANF
    #define HAVE_SINHF
    #define HAVE_COSHF
    #define HAVE_TANHF
    #define HAVE_FABSF
    #define HAVE_FLOORF
    #define HAVE_CEILF
    #define HAVE_RINTF
    #define HAVE_TRUNCF
    #define HAVE_SQRTF
    #define HAVE_LOG10F
    #define HAVE_LOGF
    #define HAVE_LOG1PF
    #define HAVE_EXPF
    #define HAVE_EXPM1F
    #define HAVE_ASINF
    #define HAVE_ACOSF
    #define HAVE_ATANF
    #define HAVE_ASINHF
    #define HAVE_ACOSHF
    #define HAVE_ATANHF
    #define HAVE_HYPOTF
    #define HAVE_ATAN2F
    #define HAVE_POWF
    #define HAVE_FMODF
    #define HAVE_MODFF
    #define HAVE_FREXPF
    #define HAVE_LDEXPF
    #define HAVE_EXP2F
    #define HAVE_LOG2F
    #define HAVE_COPYSIGNF
    #define HAVE_NEXTAFTERF
    #define HAVE_SINL
    #define HAVE_COSL
    #define HAVE_TANL
    #define HAVE_SINHL
    #define HAVE_COSHL
    #define HAVE_TANHL
    #define HAVE_FABSL
    #define HAVE_FLOORL
    #define HAVE_CEILL
    #define HAVE_RINTL
    #define HAVE_TRUNCL
    #define HAVE_SQRTL
    #define HAVE_LOG10L
    #define HAVE_LOGL
    #define HAVE_LOG1PL
    #define HAVE_EXPL
    #define HAVE_EXPM1L
    #define HAVE_ASINL
    #define HAVE_ACOSL
    #define HAVE_ATANL
    #define HAVE_ASINHL
    #define HAVE_ACOSHL
    #define HAVE_ATANHL
    #define HAVE_HYPOTL
    #define HAVE_ATAN2L
    #define HAVE_POWL
    #define HAVE_FMODL
    #define HAVE_MODFL
    #define HAVE_FREXPL
    #define HAVE_LDEXPL
    #define HAVE_EXP2L
    #define HAVE_LOG2L
    #define HAVE_COPYSIGNL
    #define HAVE_NEXTAFTERL
    #define HAVE_DECL_SIGNBIT
    #define HAVE_COMPLEX_H
    #define HAVE_CREAL
    #define HAVE_CIMAG
    #define HAVE_CABS
    #define HAVE_CARG
    #define HAVE_CEXP
    #define HAVE_CSQRT
    #define HAVE_CLOG
    #define HAVE_CCOS
    #define HAVE_CSIN
    #define HAVE_CPOW
    #define HAVE_CREALF
    #define HAVE_CIMAGF
    #define HAVE_CABSF
    #define HAVE_CARGF
    #define HAVE_CEXPF
    #define HAVE_CSQRTF
    #define HAVE_CLOGF
    #define HAVE_CCOSF
    #define HAVE_CSINF
    #define HAVE_CPOWF
    #define HAVE_CREALL
    #define HAVE_CIMAGL
    #define HAVE_CABSL
    #define HAVE_CARGL
    #define HAVE_CEXPL
    #define HAVE_CSQRTL
    #define HAVE_CLOGL
    #define HAVE_CCOSL
    #define HAVE_CSINL
    #define HAVE_CPOWL
    #define HAVE_LDOUBLE_INTEL_EXTENDED_16_BYTES_LE 1
    #ifndef __cplusplus
    /* #undef inline */
    #endif
    
    #ifndef _NPY_NPY_CONFIG_H_
    #error config.h should never be included directly, include npy_config.h instead
    #endif
    
    EOF
      adding 'build/src.linux-x86_64-2.7/numpy/core/include/numpy/config.h' to sources.
    Generating build/src.linux-x86_64-2.7/numpy/core/include/numpy/_numpyconfig.h
    customize GnuFCompiler
    customize IntelFCompiler
    customize LaheyFCompiler
    customize PGroupFCompiler
    customize AbsoftFCompiler
    customize NAGFCompiler
    customize VastFCompiler
    customize CompaqFCompiler
    customize IntelItaniumFCompiler
    customize IntelEM64TFCompiler
    customize Gnu95FCompiler
    customize G95FCompiler
    customize PathScaleFCompiler
    don't know how to compile Fortran code on platform 'posix'
    customize GnuFCompiler
    customize IntelFCompiler
    customize LaheyFCompiler
    customize PGroupFCompiler
    customize AbsoftFCompiler
    customize NAGFCompiler
    customize VastFCompiler
    customize CompaqFCompiler
    customize IntelItaniumFCompiler
    customize IntelEM64TFCompiler
    customize Gnu95FCompiler
    customize G95FCompiler
    customize PathScaleFCompiler
    don't know how to compile Fortran code on platform 'posix'
    C compiler: gcc -pthread -fno-strict-aliasing -DNDEBUG -g -fwrapv -O2 -Wall -Wstrict-prototypes -fPIC
    
    compile options: '-Inumpy/core/src/private -Inumpy/core/src -Inumpy/core -Inumpy/core/src/npymath -Inumpy/core/src/multiarray -Inumpy/core/src/umath -Inumpy/core/include -I/usr/include/python2.7 -c'
    gcc: _configtest.c
    _configtest.c:1:5: warning: conflicting types for built-in function ‘exp’ [enabled by default]
    gcc -pthread _configtest.o -o _configtest
    _configtest.o: In function `main':
    /home/dghubble/6863-final-project/6863-env/build/numpy/_configtest.c:6: undefined reference to `exp'
    collect2: ld returned 1 exit status
    _configtest.o: In function `main':
    /home/dghubble/6863-final-project/6863-env/build/numpy/_configtest.c:6: undefined reference to `exp'
    collect2: ld returned 1 exit status
    failure.
    removing: _configtest.c _configtest.o
    customize GnuFCompiler
    customize IntelFCompiler
    customize LaheyFCompiler
    customize PGroupFCompiler
    customize AbsoftFCompiler
    customize NAGFCompiler
    customize VastFCompiler
    customize CompaqFCompiler
    customize IntelItaniumFCompiler
    customize IntelEM64TFCompiler
    customize Gnu95FCompiler
    customize G95FCompiler
    customize PathScaleFCompiler
    don't know how to compile Fortran code on platform 'posix'
    customize GnuFCompiler
    customize IntelFCompiler
    customize LaheyFCompiler
    customize PGroupFCompiler
    customize AbsoftFCompiler
    customize NAGFCompiler
    customize VastFCompiler
    customize CompaqFCompiler
    customize IntelItaniumFCompiler
    customize IntelEM64TFCompiler
    customize Gnu95FCompiler
    customize G95FCompiler
    customize PathScaleFCompiler
    don't know how to compile Fortran code on platform 'posix'
    C compiler: gcc -pthread -fno-strict-aliasing -DNDEBUG -g -fwrapv -O2 -Wall -Wstrict-prototypes -fPIC
    
    compile options: '-Inumpy/core/src/private -Inumpy/core/src -Inumpy/core -Inumpy/core/src/npymath -Inumpy/core/src/multiarray -Inumpy/core/src/umath -Inumpy/core/include -I/usr/include/python2.7 -c'
    gcc: _configtest.c
    _configtest.c:1:5: warning: conflicting types for built-in function ‘exp’ [enabled by default]
    gcc -pthread _configtest.o -lm -o _configtest
    success!
    removing: _configtest.c _configtest.o _configtest
    customize GnuFCompiler
    customize IntelFCompiler
    customize LaheyFCompiler
    customize PGroupFCompiler
    customize AbsoftFCompiler
    customize NAGFCompiler
    customize VastFCompiler
    customize CompaqFCompiler
    customize IntelItaniumFCompiler
    customize IntelEM64TFCompiler
    customize Gnu95FCompiler
    customize G95FCompiler
    customize PathScaleFCompiler
    don't know how to compile Fortran code on platform 'posix'
    customize GnuFCompiler
    customize IntelFCompiler
    customize LaheyFCompiler
    customize PGroupFCompiler
    customize AbsoftFCompiler
    customize NAGFCompiler
    customize VastFCompiler
    customize CompaqFCompiler
    customize IntelItaniumFCompiler
    customize IntelEM64TFCompiler
    customize Gnu95FCompiler
    customize G95FCompiler
    customize PathScaleFCompiler
    don't know how to compile Fortran code on platform 'posix'
    C compiler: gcc -pthread -fno-strict-aliasing -DNDEBUG -g -fwrapv -O2 -Wall -Wstrict-prototypes -fPIC
    
    compile options: '-Inumpy/core/src/private -Inumpy/core/src -Inumpy/core -Inumpy/core/src/npymath -Inumpy/core/src/multiarray -Inumpy/core/src/umath -Inumpy/core/include -I/usr/include/python2.7 -c'
    gcc: _configtest.c
    _configtest.c:4:5: warning: function declaration isn’t a prototype [-Wstrict-prototypes]
    success!
    removing: _configtest.c _configtest.o
    customize GnuFCompiler
    customize IntelFCompiler
    customize LaheyFCompiler
    customize PGroupFCompiler
    customize AbsoftFCompiler
    customize NAGFCompiler
    customize VastFCompiler
    customize CompaqFCompiler
    customize IntelItaniumFCompiler
    customize IntelEM64TFCompiler
    customize Gnu95FCompiler
    customize G95FCompiler
    customize PathScaleFCompiler
    don't know how to compile Fortran code on platform 'posix'
    customize GnuFCompiler
    customize IntelFCompiler
    customize LaheyFCompiler
    customize PGroupFCompiler
    customize AbsoftFCompiler
    customize NAGFCompiler
    customize VastFCompiler
    customize CompaqFCompiler
    customize IntelItaniumFCompiler
    customize IntelEM64TFCompiler
    customize Gnu95FCompiler
    customize G95FCompiler
    customize PathScaleFCompiler
    don't know how to compile Fortran code on platform 'posix'
    C compiler: gcc -pthread -fno-strict-aliasing -DNDEBUG -g -fwrapv -O2 -Wall -Wstrict-prototypes -fPIC
    
    compile options: '-Inumpy/core/src/private -Inumpy/core/src -Inumpy/core -Inumpy/core/src/npymath -Inumpy/core/src/multiarray -Inumpy/core/src/umath -Inumpy/core/include -I/usr/include/python2.7 -c'
    gcc: _configtest.c
    _configtest.c:3:1: warning: function declaration isn’t a prototype [-Wstrict-prototypes]
    _configtest.c: In function ‘main’:
    _configtest.c:5:18: warning: extra tokens at end of #ifndef directive [enabled by default]
    _configtest.c:8:1: warning: control reaches end of non-void function [-Wreturn-type]
    success!
    removing: _configtest.c _configtest.o
    File: build/src.linux-x86_64-2.7/numpy/core/include/numpy/_numpyconfig.h
    #define NPY_HAVE_ENDIAN_H 1
    #define NPY_SIZEOF_SHORT SIZEOF_SHORT
    #define NPY_SIZEOF_INT SIZEOF_INT
    #define NPY_SIZEOF_LONG SIZEOF_LONG
    #define NPY_SIZEOF_FLOAT 4
    #define NPY_SIZEOF_COMPLEX_FLOAT 8
    #define NPY_SIZEOF_DOUBLE 8
    #define NPY_SIZEOF_COMPLEX_DOUBLE 16
    #define NPY_SIZEOF_LONGDOUBLE 16
    #define NPY_SIZEOF_COMPLEX_LONGDOUBLE 32
    #define NPY_SIZEOF_PY_INTPTR_T 8
    #define NPY_SIZEOF_PY_LONG_LONG 8
    #define NPY_SIZEOF_LONGLONG 8
    #define NPY_NO_SMP 0
    #define NPY_HAVE_DECL_ISNAN
    #define NPY_HAVE_DECL_ISINF
    #define NPY_HAVE_DECL_ISFINITE
    #define NPY_HAVE_DECL_SIGNBIT
    #define NPY_USE_C99_COMPLEX
    #define NPY_HAVE_COMPLEX_DOUBLE 1
    #define NPY_HAVE_COMPLEX_FLOAT 1
    #define NPY_HAVE_COMPLEX_LONG_DOUBLE 1
    #define NPY_USE_C99_FORMATS 1
    #define NPY_VISIBILITY_HIDDEN __attribute__((visibility("hidden")))
    #define NPY_ABI_VERSION 0x01000009
    #define NPY_API_VERSION 0x00000006
    
    #ifndef __STDC_FORMAT_MACROS
    #define __STDC_FORMAT_MACROS 1
    #endif
    
    EOF
      adding 'build/src.linux-x86_64-2.7/numpy/core/include/numpy/_numpyconfig.h' to sources.
    executing numpy/core/code_generators/generate_numpy_api.py
      adding 'build/src.linux-x86_64-2.7/numpy/core/include/numpy/__multiarray_api.h' to sources.
    conv_template:> build/src.linux-x86_64-2.7/numpy/core/src/_sortmodule.c
    numpy.core - nothing done with h_files = ['build/src.linux-x86_64-2.7/numpy/core/include/numpy/config.h', 'build/src.linux-x86_64-2.7/numpy/core/include/numpy/_numpyconfig.h', 'build/src.linux-x86_64-2.7/numpy/core/include/numpy/__multiarray_api.h']
    building extension "numpy.core.multiarray" sources
    non-existing path in 'numpy/core': 'build/src.linux-x86_64-2.7/numpy/core/src/multiarray'
    conv_template:> build/src.linux-x86_64-2.7/numpy/core/src/multiarray/scalartypes.c
    conv_template:> build/src.linux-x86_64-2.7/numpy/core/src/multiarray/arraytypes.c
    conv_template:> build/src.linux-x86_64-2.7/numpy/core/src/multiarray/nditer.c
    conv_template:> build/src.linux-x86_64-2.7/numpy/core/src/multiarray/lowlevel_strided_loops.c
    conv_template:> build/src.linux-x86_64-2.7/numpy/core/src/multiarray/einsum.c
      adding 'build/src.linux-x86_64-2.7/numpy/core/include/numpy/config.h' to sources.
      adding 'build/src.linux-x86_64-2.7/numpy/core/include/numpy/_numpyconfig.h' to sources.
    executing numpy/core/code_generators/generate_numpy_api.py
      adding 'build/src.linux-x86_64-2.7/numpy/core/include/numpy/__multiarray_api.h' to sources.
    numpy.core - nothing done with h_files = ['build/src.linux-x86_64-2.7/numpy/core/include/numpy/config.h', 'build/src.linux-x86_64-2.7/numpy/core/include/numpy/_numpyconfig.h', 'build/src.linux-x86_64-2.7/numpy/core/include/numpy/__multiarray_api.h']
    building extension "numpy.core.umath" sources
      adding 'build/src.linux-x86_64-2.7/numpy/core/include/numpy/config.h' to sources.
      adding 'build/src.linux-x86_64-2.7/numpy/core/include/numpy/_numpyconfig.h' to sources.
    executing numpy/core/code_generators/generate_ufunc_api.py
      adding 'build/src.linux-x86_64-2.7/numpy/core/include/numpy/__ufunc_api.h' to sources.
    non-existing path in 'numpy/core': 'build/src.linux-x86_64-2.7/numpy/core/src/umath'
    conv_template:> build/src.linux-x86_64-2.7/numpy/core/src/umath/loops.c
    conv_template:> build/src.linux-x86_64-2.7/numpy/core/src/umath/umathmodule.c
    conv_template:> build/src.linux-x86_64-2.7/numpy/core/src/umath/funcs.inc
      adding 'build/src.linux-x86_64-2.7/numpy/core/src/umath' to include_dirs.
    numpy.core - nothing done with h_files = ['build/src.linux-x86_64-2.7/numpy/core/src/umath/funcs.inc', 'build/src.linux-x86_64-2.7/numpy/core/include/numpy/config.h', 'build/src.linux-x86_64-2.7/numpy/core/include/numpy/_numpyconfig.h', 'build/src.linux-x86_64-2.7/numpy/core/include/numpy/__ufunc_api.h']
    building extension "numpy.core.scalarmath" sources
      adding 'build/src.linux-x86_64-2.7/numpy/core/include/numpy/config.h' to sources.
      adding 'build/src.linux-x86_64-2.7/numpy/core/include/numpy/_numpyconfig.h' to sources.
    executing numpy/core/code_generators/generate_numpy_api.py
      adding 'build/src.linux-x86_64-2.7/numpy/core/include/numpy/__multiarray_api.h' to sources.
    executing numpy/core/code_generators/generate_ufunc_api.py
      adding 'build/src.linux-x86_64-2.7/numpy/core/include/numpy/__ufunc_api.h' to sources.
    conv_template:> build/src.linux-x86_64-2.7/numpy/core/src/scalarmathmodule.c
    numpy.core - nothing done with h_files = ['build/src.linux-x86_64-2.7/numpy/core/include/numpy/config.h', 'build/src.linux-x86_64-2.7/numpy/core/include/numpy/_numpyconfig.h', 'build/src.linux-x86_64-2.7/numpy/core/include/numpy/__multiarray_api.h', 'build/src.linux-x86_64-2.7/numpy/core/include/numpy/__ufunc_api.h']
    building extension "numpy.core._dotblas" sources
    building extension "numpy.core.umath_tests" sources
    conv_template:> build/src.linux-x86_64-2.7/numpy/core/src/umath/umath_tests.c
    building extension "numpy.core.multiarray_tests" sources
    conv_template:> build/src.linux-x86_64-2.7/numpy/core/src/multiarray/multiarray_tests.c
    building extension "numpy.lib._compiled_base" sources
    building extension "numpy.numarray._capi" sources
    building extension "numpy.fft.fftpack_lite" sources
    building extension "numpy.linalg.lapack_lite" sources
    ### Warning:  Using unoptimized lapack ###
      adding 'numpy/linalg/lapack_litemodule.c' to sources.
      adding 'numpy/linalg/python_xerbla.c' to sources.
      adding 'numpy/linalg/zlapack_lite.c' to sources.
      adding 'numpy/linalg/dlapack_lite.c' to sources.
      adding 'numpy/linalg/blas_lite.c' to sources.
      adding 'numpy/linalg/dlamch.c' to sources.
      adding 'numpy/linalg/f2c_lite.c' to sources.
    building extension "numpy.random.mtrand" sources
    customize GnuFCompiler
    customize IntelFCompiler
    customize LaheyFCompiler
    customize PGroupFCompiler
    customize AbsoftFCompiler
    customize NAGFCompiler
    customize VastFCompiler
    customize CompaqFCompiler
    customize IntelItaniumFCompiler
    customize IntelEM64TFCompiler
    customize Gnu95FCompiler
    customize G95FCompiler
    customize PathScaleFCompiler
    don't know how to compile Fortran code on platform 'posix'
    C compiler: gcc -pthread -fno-strict-aliasing -DNDEBUG -g -fwrapv -O2 -Wall -Wstrict-prototypes -fPIC
    
    compile options: '-Inumpy/core/src/private -Inumpy/core/src -Inumpy/core -Inumpy/core/src/npymath -Inumpy/core/src/multiarray -Inumpy/core/src/umath -Inumpy/core/include -I/usr/include/python2.7 -c'
    gcc: _configtest.c
    gcc -pthread _configtest.o -o _configtest
    _configtest
    failure.
    removing: _configtest.c _configtest.o _configtest
    building data_files sources
    build_src: building npy-pkg config files
    
Downloading/unpacking python-dateutil==2.1 (from -r pip-env-reqs.txt (line 8))
  Downloading python-dateutil-2.1.tar.gz (152Kb): 152Kb downloaded
  Running setup.py egg_info for package python-dateutil
    
Downloading/unpacking six==1.2.0 (from -r pip-env-reqs.txt (line 9))
  Downloading six-1.2.0.tar.gz
  Running setup.py egg_info for package six
    
Requirement already satisfied (use --upgrade to upgrade): wsgiref==0.1.2 in /usr/lib/python2.7 (from -r pip-env-reqs.txt (line 10))
Installing collected packages: BeautifulSoup, ipython, numpy, python-dateutil, six
  Running setup.py install for BeautifulSoup
    
  Running setup.py install for ipython
    
    Installing ipcontroller script to /home/dghubble/6863-final-project/6863-env/bin
    Installing iptest script to /home/dghubble/6863-final-project/6863-env/bin
    Installing ipcluster script to /home/dghubble/6863-final-project/6863-env/bin
    Installing ipython script to /home/dghubble/6863-final-project/6863-env/bin
    Installing pycolor script to /home/dghubble/6863-final-project/6863-env/bin
    Installing iplogger script to /home/dghubble/6863-final-project/6863-env/bin
    Installing irunner script to /home/dghubble/6863-final-project/6863-env/bin
    Installing ipengine script to /home/dghubble/6863-final-project/6863-env/bin
  Running setup.py install for numpy
    Running from numpy source directory./bin/sh: 1: svnversion: not found
    non-existing path in 'numpy/distutils': 'site.cfg'
    F2PY Version 2
    blas_opt_info:
    blas_mkl_info:
      libraries mkl,vml,guide not found in /home/dghubble/6863-final-project/6863-env/lib
      libraries mkl,vml,guide not found in /usr/local/lib
      libraries mkl,vml,guide not found in /usr/lib
      NOT AVAILABLE
    
    atlas_blas_threads_info:
    Setting PTATLAS=ATLAS
      libraries ptf77blas,ptcblas,atlas not found in /home/dghubble/6863-final-project/6863-env/lib
      libraries ptf77blas,ptcblas,atlas not found in /usr/local/lib
      libraries ptf77blas,ptcblas,atlas not found in /usr/lib
      NOT AVAILABLE
    
    atlas_blas_info:
      libraries f77blas,cblas,atlas not found in /home/dghubble/6863-final-project/6863-env/lib
      libraries f77blas,cblas,atlas not found in /usr/local/lib
      libraries f77blas,cblas,atlas not found in /usr/lib
      NOT AVAILABLE
    
    /home/dghubble/6863-final-project/6863-env/build/numpy/numpy/distutils/system_info.py:1425: UserWarning:
        Atlas (http://math-atlas.sourceforge.net/) libraries not found.
        Directories to search for the libraries can be specified in the
        numpy/distutils/site.cfg file (section [atlas]) or by setting
        the ATLAS environment variable.
      warnings.warn(AtlasNotFoundError.__doc__)
    blas_info:
      libraries blas not found in /home/dghubble/6863-final-project/6863-env/lib
      libraries blas not found in /usr/local/lib
      libraries blas not found in /usr/lib
      NOT AVAILABLE
    
    /home/dghubble/6863-final-project/6863-env/build/numpy/numpy/distutils/system_info.py:1434: UserWarning:
        Blas (http://www.netlib.org/blas/) libraries not found.
        Directories to search for the libraries can be specified in the
        numpy/distutils/site.cfg file (section [blas]) or by setting
        the BLAS environment variable.
      warnings.warn(BlasNotFoundError.__doc__)
    blas_src_info:
      NOT AVAILABLE
    
    /home/dghubble/6863-final-project/6863-env/build/numpy/numpy/distutils/system_info.py:1437: UserWarning:
        Blas (http://www.netlib.org/blas/) sources not found.
        Directories to search for the sources can be specified in the
        numpy/distutils/site.cfg file (section [blas_src]) or by setting
        the BLAS_SRC environment variable.
      warnings.warn(BlasSrcNotFoundError.__doc__)
      NOT AVAILABLE
    
    /bin/sh: 1: svnversion: not found
    lapack_opt_info:
    lapack_mkl_info:
    mkl_info:
      libraries mkl,vml,guide not found in /home/dghubble/6863-final-project/6863-env/lib
      libraries mkl,vml,guide not found in /usr/local/lib
      libraries mkl,vml,guide not found in /usr/lib
      NOT AVAILABLE
    
      NOT AVAILABLE
    
    atlas_threads_info:
    Setting PTATLAS=ATLAS
      libraries ptf77blas,ptcblas,atlas not found in /home/dghubble/6863-final-project/6863-env/lib
      libraries lapack_atlas not found in /home/dghubble/6863-final-project/6863-env/lib
      libraries ptf77blas,ptcblas,atlas not found in /usr/local/lib
      libraries lapack_atlas not found in /usr/local/lib
      libraries ptf77blas,ptcblas,atlas not found in /usr/lib
      libraries lapack_atlas not found in /usr/lib
    numpy.distutils.system_info.atlas_threads_info
      NOT AVAILABLE
    
    atlas_info:
      libraries f77blas,cblas,atlas not found in /home/dghubble/6863-final-project/6863-env/lib
      libraries lapack_atlas not found in /home/dghubble/6863-final-project/6863-env/lib
      libraries f77blas,cblas,atlas not found in /usr/local/lib
      libraries lapack_atlas not found in /usr/local/lib
      libraries f77blas,cblas,atlas not found in /usr/lib
      libraries lapack_atlas not found in /usr/lib
    numpy.distutils.system_info.atlas_info
      NOT AVAILABLE
    
    /home/dghubble/6863-final-project/6863-env/build/numpy/numpy/distutils/system_info.py:1340: UserWarning:
        Atlas (http://math-atlas.sourceforge.net/) libraries not found.
        Directories to search for the libraries can be specified in the
        numpy/distutils/site.cfg file (section [atlas]) or by setting
        the ATLAS environment variable.
      warnings.warn(AtlasNotFoundError.__doc__)
    lapack_info:
      libraries lapack not found in /home/dghubble/6863-final-project/6863-env/lib
      libraries lapack not found in /usr/local/lib
      libraries lapack not found in /usr/lib
      NOT AVAILABLE
    
    /home/dghubble/6863-final-project/6863-env/build/numpy/numpy/distutils/system_info.py:1351: UserWarning:
        Lapack (http://www.netlib.org/lapack/) libraries not found.
        Directories to search for the libraries can be specified in the
        numpy/distutils/site.cfg file (section [lapack]) or by setting
        the LAPACK environment variable.
      warnings.warn(LapackNotFoundError.__doc__)
    lapack_src_info:
      NOT AVAILABLE
    
    /home/dghubble/6863-final-project/6863-env/build/numpy/numpy/distutils/system_info.py:1354: UserWarning:
        Lapack (http://www.netlib.org/lapack/) sources not found.
        Directories to search for the sources can be specified in the
        numpy/distutils/site.cfg file (section [lapack_src]) or by setting
        the LAPACK_SRC environment variable.
      warnings.warn(LapackSrcNotFoundError.__doc__)
      NOT AVAILABLE
    
    unifing config_cc, config, build_clib, build_ext, build commands --compiler options
    unifing config_fc, config, build_clib, build_ext, build commands --fcompiler options
    build_src
    building py_modules sources
    building library "npymath" sources
    customize GnuFCompiler
    Could not locate executable g77
    Could not locate executable f77
    customize IntelFCompiler
    Could not locate executable ifort
    Could not locate executable ifc
    customize LaheyFCompiler
    Could not locate executable lf95
    customize PGroupFCompiler
    Could not locate executable pgfortran
    customize AbsoftFCompiler
    Could not locate executable f90
    customize NAGFCompiler
    Could not locate executable f95
    customize VastFCompiler
    customize CompaqFCompiler
    Could not locate executable fort
    customize IntelItaniumFCompiler
    Could not locate executable efort
    Could not locate executable efc
    customize IntelEM64TFCompiler
    customize Gnu95FCompiler
    Could not locate executable gfortran
    customize G95FCompiler
    Could not locate executable g95
    customize PathScaleFCompiler
    Could not locate executable pathf95
    don't know how to compile Fortran code on platform 'posix'
    C compiler: gcc -pthread -fno-strict-aliasing -DNDEBUG -g -fwrapv -O2 -Wall -Wstrict-prototypes -fPIC
    
    compile options: '-Inumpy/core/src/private -Inumpy/core/src -Inumpy/core -Inumpy/core/src/npymath -Inumpy/core/src/multiarray -Inumpy/core/src/umath -Inumpy/core/include -I/usr/include/python2.7 -c'
    gcc: _configtest.c
    gcc -pthread _configtest.o -o _configtest
    success!
    removing: _configtest.c _configtest.o _configtest
    customize GnuFCompiler
    customize IntelFCompiler
    customize LaheyFCompiler
    customize PGroupFCompiler
    customize AbsoftFCompiler
    customize NAGFCompiler
    customize VastFCompiler
    customize CompaqFCompiler
    customize IntelItaniumFCompiler
    customize IntelEM64TFCompiler
    customize Gnu95FCompiler
    customize G95FCompiler
    customize PathScaleFCompiler
    don't know how to compile Fortran code on platform 'posix'
    customize GnuFCompiler
    customize IntelFCompiler
    customize LaheyFCompiler
    customize PGroupFCompiler
    customize AbsoftFCompiler
    customize NAGFCompiler
    customize VastFCompiler
    customize CompaqFCompiler
    customize IntelItaniumFCompiler
    customize IntelEM64TFCompiler
    customize Gnu95FCompiler
    customize G95FCompiler
    customize PathScaleFCompiler
    don't know how to compile Fortran code on platform 'posix'
    C compiler: gcc -pthread -fno-strict-aliasing -DNDEBUG -g -fwrapv -O2 -Wall -Wstrict-prototypes -fPIC
    
    compile options: '-Inumpy/core/src/private -Inumpy/core/src -Inumpy/core -Inumpy/core/src/npymath -Inumpy/core/src/multiarray -Inumpy/core/src/umath -Inumpy/core/include -I/usr/include/python2.7 -c'
    gcc: _configtest.c
    _configtest.c:1:5: warning: conflicting types for built-in function ‘exp’ [enabled by default]
    gcc -pthread _configtest.o -o _configtest
    _configtest.o: In function `main':
    /home/dghubble/6863-final-project/6863-env/build/numpy/_configtest.c:6: undefined reference to `exp'
    collect2: ld returned 1 exit status
    _configtest.o: In function `main':
    /home/dghubble/6863-final-project/6863-env/build/numpy/_configtest.c:6: undefined reference to `exp'
    collect2: ld returned 1 exit status
    failure.
    removing: _configtest.c _configtest.o
    customize GnuFCompiler
    customize IntelFCompiler
    customize LaheyFCompiler
    customize PGroupFCompiler
    customize AbsoftFCompiler
    customize NAGFCompiler
    customize VastFCompiler
    customize CompaqFCompiler
    customize IntelItaniumFCompiler
    customize IntelEM64TFCompiler
    customize Gnu95FCompiler
    customize G95FCompiler
    customize PathScaleFCompiler
    don't know how to compile Fortran code on platform 'posix'
    customize GnuFCompiler
    customize IntelFCompiler
    customize LaheyFCompiler
    customize PGroupFCompiler
    customize AbsoftFCompiler
    customize NAGFCompiler
    customize VastFCompiler
    customize CompaqFCompiler
    customize IntelItaniumFCompiler
    customize IntelEM64TFCompiler
    customize Gnu95FCompiler
    customize G95FCompiler
    customize PathScaleFCompiler
    don't know how to compile Fortran code on platform 'posix'
    C compiler: gcc -pthread -fno-strict-aliasing -DNDEBUG -g -fwrapv -O2 -Wall -Wstrict-prototypes -fPIC
    
    compile options: '-Inumpy/core/src/private -Inumpy/core/src -Inumpy/core -Inumpy/core/src/npymath -Inumpy/core/src/multiarray -Inumpy/core/src/umath -Inumpy/core/include -I/usr/include/python2.7 -c'
    gcc: _configtest.c
    _configtest.c:1:5: warning: conflicting types for built-in function ‘exp’ [enabled by default]
    gcc -pthread _configtest.o -lm -o _configtest
    success!
    removing: _configtest.c _configtest.o _configtest
    building extension "numpy.core._sort" sources
      adding 'build/src.linux-x86_64-2.7/numpy/core/include/numpy/config.h' to sources.
      adding 'build/src.linux-x86_64-2.7/numpy/core/include/numpy/_numpyconfig.h' to sources.
    executing numpy/core/code_generators/generate_numpy_api.py
      adding 'build/src.linux-x86_64-2.7/numpy/core/include/numpy/__multiarray_api.h' to sources.
    numpy.core - nothing done with h_files = ['build/src.linux-x86_64-2.7/numpy/core/include/numpy/config.h', 'build/src.linux-x86_64-2.7/numpy/core/include/numpy/_numpyconfig.h', 'build/src.linux-x86_64-2.7/numpy/core/include/numpy/__multiarray_api.h']
    building extension "numpy.core.multiarray" sources
      adding 'build/src.linux-x86_64-2.7/numpy/core/include/numpy/config.h' to sources.
      adding 'build/src.linux-x86_64-2.7/numpy/core/include/numpy/_numpyconfig.h' to sources.
    executing numpy/core/code_generators/generate_numpy_api.py
      adding 'build/src.linux-x86_64-2.7/numpy/core/include/numpy/__multiarray_api.h' to sources.
    numpy.core - nothing done with h_files = ['build/src.linux-x86_64-2.7/numpy/core/include/numpy/config.h', 'build/src.linux-x86_64-2.7/numpy/core/include/numpy/_numpyconfig.h', 'build/src.linux-x86_64-2.7/numpy/core/include/numpy/__multiarray_api.h']
    building extension "numpy.core.umath" sources
      adding 'build/src.linux-x86_64-2.7/numpy/core/include/numpy/config.h' to sources.
      adding 'build/src.linux-x86_64-2.7/numpy/core/include/numpy/_numpyconfig.h' to sources.
    executing numpy/core/code_generators/generate_ufunc_api.py
      adding 'build/src.linux-x86_64-2.7/numpy/core/include/numpy/__ufunc_api.h' to sources.
      adding 'build/src.linux-x86_64-2.7/numpy/core/src/umath' to include_dirs.
    numpy.core - nothing done with h_files = ['build/src.linux-x86_64-2.7/numpy/core/src/umath/funcs.inc', 'build/src.linux-x86_64-2.7/numpy/core/include/numpy/config.h', 'build/src.linux-x86_64-2.7/numpy/core/include/numpy/_numpyconfig.h', 'build/src.linux-x86_64-2.7/numpy/core/include/numpy/__ufunc_api.h']
    building extension "numpy.core.scalarmath" sources
      adding 'build/src.linux-x86_64-2.7/numpy/core/include/numpy/config.h' to sources.
      adding 'build/src.linux-x86_64-2.7/numpy/core/include/numpy/_numpyconfig.h' to sources.
    executing numpy/core/code_generators/generate_numpy_api.py
      adding 'build/src.linux-x86_64-2.7/numpy/core/include/numpy/__multiarray_api.h' to sources.
    executing numpy/core/code_generators/generate_ufunc_api.py
      adding 'build/src.linux-x86_64-2.7/numpy/core/include/numpy/__ufunc_api.h' to sources.
    numpy.core - nothing done with h_files = ['build/src.linux-x86_64-2.7/numpy/core/include/numpy/config.h', 'build/src.linux-x86_64-2.7/numpy/core/include/numpy/_numpyconfig.h', 'build/src.linux-x86_64-2.7/numpy/core/include/numpy/__multiarray_api.h', 'build/src.linux-x86_64-2.7/numpy/core/include/numpy/__ufunc_api.h']
    building extension "numpy.core._dotblas" sources
    building extension "numpy.core.umath_tests" sources
    building extension "numpy.core.multiarray_tests" sources
    building extension "numpy.lib._compiled_base" sources
    building extension "numpy.numarray._capi" sources
    building extension "numpy.fft.fftpack_lite" sources
    building extension "numpy.linalg.lapack_lite" sources
    ### Warning:  Using unoptimized lapack ###
      adding 'numpy/linalg/lapack_litemodule.c' to sources.
      adding 'numpy/linalg/python_xerbla.c' to sources.
      adding 'numpy/linalg/zlapack_lite.c' to sources.
      adding 'numpy/linalg/dlapack_lite.c' to sources.
      adding 'numpy/linalg/blas_lite.c' to sources.
      adding 'numpy/linalg/dlamch.c' to sources.
      adding 'numpy/linalg/f2c_lite.c' to sources.
    building extension "numpy.random.mtrand" sources
    customize GnuFCompiler
    customize IntelFCompiler
    customize LaheyFCompiler
    customize PGroupFCompiler
    customize AbsoftFCompiler
    customize NAGFCompiler
    customize VastFCompiler
    customize CompaqFCompiler
    customize IntelItaniumFCompiler
    customize IntelEM64TFCompiler
    customize Gnu95FCompiler
    customize G95FCompiler
    customize PathScaleFCompiler
    don't know how to compile Fortran code on platform 'posix'
    C compiler: gcc -pthread -fno-strict-aliasing -DNDEBUG -g -fwrapv -O2 -Wall -Wstrict-prototypes -fPIC
    
    compile options: '-Inumpy/core/src/private -Inumpy/core/src -Inumpy/core -Inumpy/core/src/npymath -Inumpy/core/src/multiarray -Inumpy/core/src/umath -Inumpy/core/include -I/usr/include/python2.7 -c'
    gcc: _configtest.c
    gcc -pthread _configtest.o -o _configtest
    _configtest
    failure.
    removing: _configtest.c _configtest.o _configtest
    building data_files sources
    build_src: building npy-pkg config files
    customize UnixCCompiler
    customize UnixCCompiler using build_clib
    building 'npymath' library
    compiling C sources
    C compiler: gcc -pthread -fno-strict-aliasing -DNDEBUG -g -fwrapv -O2 -Wall -Wstrict-prototypes -fPIC
    
    compile options: '-Inumpy/core/include -Ibuild/src.linux-x86_64-2.7/numpy/core/include/numpy -Inumpy/core/src/private -Inumpy/core/src -Inumpy/core -Inumpy/core/src/npymath -Inumpy/core/src/multiarray -Inumpy/core/src/umath -Inumpy/core/include -I/usr/include/python2.7 -Ibuild/src.linux-x86_64-2.7/numpy/core/src/multiarray -Ibuild/src.linux-x86_64-2.7/numpy/core/src/umath -c'
    gcc: numpy/core/src/npymath/halffloat.c
    gcc: build/src.linux-x86_64-2.7/numpy/core/src/npymath/ieee754.c
    gcc: build/src.linux-x86_64-2.7/numpy/core/src/npymath/npy_math.c
    gcc: build/src.linux-x86_64-2.7/numpy/core/src/npymath/npy_math_complex.c
    ar: adding 4 object files to build/temp.linux-x86_64-2.7/libnpymath.a
    customize UnixCCompiler
    customize UnixCCompiler using build_ext
    building 'numpy.core._sort' extension
    compiling C sources
    C compiler: gcc -pthread -fno-strict-aliasing -DNDEBUG -g -fwrapv -O2 -Wall -Wstrict-prototypes -fPIC
    
    compile options: '-Inumpy/core/include -Ibuild/src.linux-x86_64-2.7/numpy/core/include/numpy -Inumpy/core/src/private -Inumpy/core/src -Inumpy/core -Inumpy/core/src/npymath -Inumpy/core/src/multiarray -Inumpy/core/src/umath -Inumpy/core/include -I/usr/include/python2.7 -Ibuild/src.linux-x86_64-2.7/numpy/core/src/multiarray -Ibuild/src.linux-x86_64-2.7/numpy/core/src/umath -c'
    gcc: build/src.linux-x86_64-2.7/numpy/core/src/_sortmodule.c
    gcc -pthread -shared -Wl,-O1 -Wl,-Bsymbolic-functions -Wl,-Bsymbolic-functions -Wl,-z,relro build/temp.linux-x86_64-2.7/build/src.linux-x86_64-2.7/numpy/core/src/_sortmodule.o -Lbuild/temp.linux-x86_64-2.7 -lnpymath -lm -o build/lib.linux-x86_64-2.7/numpy/core/_sort.so
    building 'numpy.core.multiarray' extension
    compiling C sources
    C compiler: gcc -pthread -fno-strict-aliasing -DNDEBUG -g -fwrapv -O2 -Wall -Wstrict-prototypes -fPIC
    
    compile options: '-Inumpy/core/include -Ibuild/src.linux-x86_64-2.7/numpy/core/include/numpy -Inumpy/core/src/private -Inumpy/core/src -Inumpy/core -Inumpy/core/src/npymath -Inumpy/core/src/multiarray -Inumpy/core/src/umath -Inumpy/core/include -I/usr/include/python2.7 -Ibuild/src.linux-x86_64-2.7/numpy/core/src/multiarray -Ibuild/src.linux-x86_64-2.7/numpy/core/src/umath -c'
    gcc: numpy/core/src/multiarray/multiarraymodule_onefile.c
    In file included from numpy/core/src/multiarray/multiarraymodule_onefile.c:19:0:
    numpy/core/src/multiarray/descriptor.c: In function ‘_convert_from_dict’:
    numpy/core/src/multiarray/descriptor.c:978:9: warning: unused variable ‘has_out_of_order_fields’ [-Wunused-variable]
    numpy/core/src/multiarray/multiarraymodule_onefile.c: At top level:
    numpy/core/src/multiarray/ucsnarrow.c:31:1: warning: ‘PyUCS2Buffer_FromUCS4’ defined but not used [-Wunused-function]
    numpy/core/src/multiarray/ucsnarrow.c:63:1: warning: ‘PyUCS2Buffer_AsUCS4’ defined but not used [-Wunused-function]
    numpy/core/src/multiarray/scalartypes.c.src:2629:1: warning: ‘longlong_arrtype_hash’ defined but not used [-Wunused-function]
    numpy/core/src/multiarray/mapping.c:74:1: warning: ‘_array_ass_item’ defined but not used [-Wunused-function]
    build/src.linux-x86_64-2.7/numpy/core/include/numpy/__ufunc_api.h:226:1: warning: ‘_import_umath’ defined but not used [-Wunused-function]
    gcc -pthread -shared -Wl,-O1 -Wl,-Bsymbolic-functions -Wl,-Bsymbolic-functions -Wl,-z,relro build/temp.linux-x86_64-2.7/numpy/core/src/multiarray/multiarraymodule_onefile.o -Lbuild/temp.linux-x86_64-2.7 -lnpymath -lm -o build/lib.linux-x86_64-2.7/numpy/core/multiarray.so
    building 'numpy.core.umath' extension
    compiling C sources
    C compiler: gcc -pthread -fno-strict-aliasing -DNDEBUG -g -fwrapv -O2 -Wall -Wstrict-prototypes -fPIC
    
    compile options: '-Ibuild/src.linux-x86_64-2.7/numpy/core/src/umath -Inumpy/core/include -Ibuild/src.linux-x86_64-2.7/numpy/core/include/numpy -Inumpy/core/src/private -Inumpy/core/src -Inumpy/core -Inumpy/core/src/npymath -Inumpy/core/src/multiarray -Inumpy/core/src/umath -Inumpy/core/include -I/usr/include/python2.7 -Ibuild/src.linux-x86_64-2.7/numpy/core/src/multiarray -Ibuild/src.linux-x86_64-2.7/numpy/core/src/umath -c'
    gcc: numpy/core/src/umath/umathmodule_onefile.c
    numpy/core/include/numpy/npy_3kcompat.h:391:1: warning: ‘simple_capsule_dtor’ defined but not used [-Wunused-function]
    numpy/core/src/private/lowlevel_strided_loops.h:36:1: warning: ‘PyArray_FreeStridedTransferData’ declared ‘static’ but never defined [-Wunused-function]
    numpy/core/src/private/lowlevel_strided_loops.h:43:1: warning: ‘PyArray_CopyStridedTransferData’ declared ‘static’ but never defined [-Wunused-function]
    numpy/core/src/private/lowlevel_strided_loops.h:63:1: warning: ‘PyArray_GetStridedCopyFn’ declared ‘static’ but never defined [-Wunused-function]
    numpy/core/src/private/lowlevel_strided_loops.h:77:1: warning: ‘PyArray_GetStridedCopySwapFn’ declared ‘static’ but never defined [-Wunused-function]
    numpy/core/src/private/lowlevel_strided_loops.h:91:1: warning: ‘PyArray_GetStridedCopySwapPairFn’ declared ‘static’ but never defined [-Wunused-function]
    numpy/core/src/private/lowlevel_strided_loops.h:105:1: warning: ‘PyArray_GetStridedZeroPadCopyFn’ declared ‘static’ but never defined [-Wunused-function]
    numpy/core/src/private/lowlevel_strided_loops.h:118:1: warning: ‘PyArray_GetStridedNumericCastFn’ declared ‘static’ but never defined [-Wunused-function]
    numpy/core/src/private/lowlevel_strided_loops.h:168:1: warning: ‘PyArray_GetDTypeTransferFunction’ declared ‘static’ but never defined [-Wunused-function]
    numpy/core/src/private/lowlevel_strided_loops.h:220:1: warning: ‘PyArray_TransferNDimToStrided’ declared ‘static’ but never defined [-Wunused-function]
    numpy/core/src/private/lowlevel_strided_loops.h:230:1: warning: ‘PyArray_TransferStridedToNDim’ declared ‘static’ but never defined [-Wunused-function]
    gcc -pthread -shared -Wl,-O1 -Wl,-Bsymbolic-functions -Wl,-Bsymbolic-functions -Wl,-z,relro build/temp.linux-x86_64-2.7/numpy/core/src/umath/umathmodule_onefile.o -Lbuild/temp.linux-x86_64-2.7 -lnpymath -lm -o build/lib.linux-x86_64-2.7/numpy/core/umath.so
    building 'numpy.core.scalarmath' extension
    compiling C sources
    C compiler: gcc -pthread -fno-strict-aliasing -DNDEBUG -g -fwrapv -O2 -Wall -Wstrict-prototypes -fPIC
    
    compile options: '-Inumpy/core/include -Ibuild/src.linux-x86_64-2.7/numpy/core/include/numpy -Inumpy/core/src/private -Inumpy/core/src -Inumpy/core -Inumpy/core/src/npymath -Inumpy/core/src/multiarray -Inumpy/core/src/umath -Inumpy/core/include -I/usr/include/python2.7 -Ibuild/src.linux-x86_64-2.7/numpy/core/src/multiarray -Ibuild/src.linux-x86_64-2.7/numpy/core/src/umath -c'
    gcc: build/src.linux-x86_64-2.7/numpy/core/src/scalarmathmodule.c
    numpy/core/src/scalarmathmodule.c.src: In function ‘slonglong_overflow’:
    numpy/core/src/scalarmathmodule.c.src:67:40: warning: variable ‘z’ set but not used [-Wunused-but-set-variable]
    numpy/core/src/scalarmathmodule.c.src:67:37: warning: variable ‘y’ set but not used [-Wunused-but-set-variable]
    numpy/core/src/scalarmathmodule.c.src:67:34: warning: variable ‘x’ set but not used [-Wunused-but-set-variable]
    numpy/core/src/scalarmathmodule.c.src:67:31: warning: variable ‘w’ set but not used [-Wunused-but-set-variable]
    numpy/core/src/scalarmathmodule.c.src:66:18: warning: variable ‘b’ set but not used [-Wunused-but-set-variable]
    numpy/core/src/scalarmathmodule.c.src:66:15: warning: variable ‘a’ set but not used [-Wunused-but-set-variable]
    numpy/core/src/scalarmathmodule.c.src: In function ‘ubyte_power’:
    numpy/core/src/scalarmathmodule.c.src:851:15: warning: variable ‘out1’ set but not used [-Wunused-but-set-variable]
    numpy/core/src/scalarmathmodule.c.src: In function ‘ushort_power’:
    numpy/core/src/scalarmathmodule.c.src:851:15: warning: variable ‘out1’ set but not used [-Wunused-but-set-variable]
    numpy/core/src/scalarmathmodule.c.src: In function ‘uint_power’:
    numpy/core/src/scalarmathmodule.c.src:851:16: warning: variable ‘out1’ set but not used [-Wunused-but-set-variable]
    numpy/core/src/scalarmathmodule.c.src: In function ‘ulong_power’:
    numpy/core/src/scalarmathmodule.c.src:851:16: warning: variable ‘out1’ set but not used [-Wunused-but-set-variable]
    numpy/core/src/scalarmathmodule.c.src: In function ‘ulonglong_power’:
    numpy/core/src/scalarmathmodule.c.src:851:16: warning: variable ‘out1’ set but not used [-Wunused-but-set-variable]
    numpy/core/src/scalarmathmodule.c.src: In function ‘half_power’:
    numpy/core/src/scalarmathmodule.c.src:851:14: warning: variable ‘out1’ set but not used [-Wunused-but-set-variable]
    numpy/core/src/scalarmathmodule.c.src: In function ‘float_power’:
    numpy/core/src/scalarmathmodule.c.src:851:15: warning: variable ‘out1’ set but not used [-Wunused-but-set-variable]
    numpy/core/src/scalarmathmodule.c.src: In function ‘double_power’:
    numpy/core/src/scalarmathmodule.c.src:851:16: warning: variable ‘out1’ set but not used [-Wunused-but-set-variable]
    numpy/core/src/scalarmathmodule.c.src: In function ‘longdouble_power’:
    numpy/core/src/scalarmathmodule.c.src:851:20: warning: variable ‘out1’ set but not used [-Wunused-but-set-variable]
    numpy/core/src/scalarmathmodule.c.src: In function ‘cfloat_power’:
    numpy/core/src/scalarmathmodule.c.src:847:16: warning: variable ‘out1’ set but not used [-Wunused-but-set-variable]
    numpy/core/src/scalarmathmodule.c.src: In function ‘cdouble_power’:
    numpy/core/src/scalarmathmodule.c.src:847:17: warning: variable ‘out1’ set but not used [-Wunused-but-set-variable]
    numpy/core/src/scalarmathmodule.c.src: In function ‘clongdouble_power’:
    numpy/core/src/scalarmathmodule.c.src:847:21: warning: variable ‘out1’ set but not used [-Wunused-but-set-variable]
    numpy/core/src/scalarmathmodule.c.src: At top level:
    numpy/core/src/scalarmathmodule.c.src:1060:1: warning: function declaration isn’t a prototype [-Wstrict-prototypes]
    numpy/core/include/numpy/npy_3kcompat.h:391:1: warning: ‘simple_capsule_dtor’ defined but not used [-Wunused-function]
    gcc -pthread -shared -Wl,-O1 -Wl,-Bsymbolic-functions -Wl,-Bsymbolic-functions -Wl,-z,relro build/temp.linux-x86_64-2.7/build/src.linux-x86_64-2.7/numpy/core/src/scalarmathmodule.o -Lbuild/temp.linux-x86_64-2.7 -lnpymath -lm -o build/lib.linux-x86_64-2.7/numpy/core/scalarmath.so
    building 'numpy.core.umath_tests' extension
    compiling C sources
    C compiler: gcc -pthread -fno-strict-aliasing -DNDEBUG -g -fwrapv -O2 -Wall -Wstrict-prototypes -fPIC
    
    compile options: '-Inumpy/core/include -Ibuild/src.linux-x86_64-2.7/numpy/core/include/numpy -Inumpy/core/src/private -Inumpy/core/src -Inumpy/core -Inumpy/core/src/npymath -Inumpy/core/src/multiarray -Inumpy/core/src/umath -Inumpy/core/include -I/usr/include/python2.7 -Ibuild/src.linux-x86_64-2.7/numpy/core/src/multiarray -Ibuild/src.linux-x86_64-2.7/numpy/core/src/umath -c'
    gcc: build/src.linux-x86_64-2.7/numpy/core/src/umath/umath_tests.c
    numpy/core/include/numpy/npy_3kcompat.h:391:1: warning: ‘simple_capsule_dtor’ defined but not used [-Wunused-function]
    gcc -pthread -shared -Wl,-O1 -Wl,-Bsymbolic-functions -Wl,-Bsymbolic-functions -Wl,-z,relro build/temp.linux-x86_64-2.7/build/src.linux-x86_64-2.7/numpy/core/src/umath/umath_tests.o -Lbuild/temp.linux-x86_64-2.7 -o build/lib.linux-x86_64-2.7/numpy/core/umath_tests.so
    building 'numpy.core.multiarray_tests' extension
    compiling C sources
    C compiler: gcc -pthread -fno-strict-aliasing -DNDEBUG -g -fwrapv -O2 -Wall -Wstrict-prototypes -fPIC
    
    compile options: '-Inumpy/core/include -Ibuild/src.linux-x86_64-2.7/numpy/core/include/numpy -Inumpy/core/src/private -Inumpy/core/src -Inumpy/core -Inumpy/core/src/npymath -Inumpy/core/src/multiarray -Inumpy/core/src/umath -Inumpy/core/include -I/usr/include/python2.7 -Ibuild/src.linux-x86_64-2.7/numpy/core/src/multiarray -Ibuild/src.linux-x86_64-2.7/numpy/core/src/umath -c'
    gcc: build/src.linux-x86_64-2.7/numpy/core/src/multiarray/multiarray_tests.c
    numpy/core/include/numpy/npy_3kcompat.h:391:1: warning: ‘simple_capsule_dtor’ defined but not used [-Wunused-function]
    gcc -pthread -shared -Wl,-O1 -Wl,-Bsymbolic-functions -Wl,-Bsymbolic-functions -Wl,-z,relro build/temp.linux-x86_64-2.7/build/src.linux-x86_64-2.7/numpy/core/src/multiarray/multiarray_tests.o -Lbuild/temp.linux-x86_64-2.7 -o build/lib.linux-x86_64-2.7/numpy/core/multiarray_tests.so
    building 'numpy.lib._compiled_base' extension
    compiling C sources
    C compiler: gcc -pthread -fno-strict-aliasing -DNDEBUG -g -fwrapv -O2 -Wall -Wstrict-prototypes -fPIC
    
    compile options: '-Inumpy/core/include -Ibuild/src.linux-x86_64-2.7/numpy/core/include/numpy -Inumpy/core/src/private -Inumpy/core/src -Inumpy/core -Inumpy/core/src/npymath -Inumpy/core/src/multiarray -Inumpy/core/src/umath -Inumpy/core/include -I/usr/include/python2.7 -Ibuild/src.linux-x86_64-2.7/numpy/core/src/multiarray -Ibuild/src.linux-x86_64-2.7/numpy/core/src/umath -c'
    gcc: numpy/lib/src/_compiled_base.c
    numpy/lib/src/_compiled_base.c: In function ‘arr_bincount’:
    numpy/lib/src/_compiled_base.c:120:9: warning: assignment from incompatible pointer type [enabled by default]
    numpy/lib/src/_compiled_base.c: In function ‘pack_or_unpack_bits’:
    numpy/lib/src/_compiled_base.c:1315:17: warning: assignment from incompatible pointer type [enabled by default]
    numpy/lib/src/_compiled_base.c:1355:9: warning: assignment from incompatible pointer type [enabled by default]
    numpy/lib/src/_compiled_base.c: At top level:
    numpy/core/include/numpy/npy_3kcompat.h:391:1: warning: ‘simple_capsule_dtor’ defined but not used [-Wunused-function]
    gcc -pthread -shared -Wl,-O1 -Wl,-Bsymbolic-functions -Wl,-Bsymbolic-functions -Wl,-z,relro build/temp.linux-x86_64-2.7/numpy/lib/src/_compiled_base.o -Lbuild/temp.linux-x86_64-2.7 -o build/lib.linux-x86_64-2.7/numpy/lib/_compiled_base.so
    building 'numpy.numarray._capi' extension
    compiling C sources
    C compiler: gcc -pthread -fno-strict-aliasing -DNDEBUG -g -fwrapv -O2 -Wall -Wstrict-prototypes -fPIC
    
    compile options: '-Inumpy/core/include -Ibuild/src.linux-x86_64-2.7/numpy/core/include/numpy -Inumpy/core/src/private -Inumpy/core/src -Inumpy/core -Inumpy/core/src/npymath -Inumpy/core/src/multiarray -Inumpy/core/src/umath -Inumpy/core/include -I/usr/include/python2.7 -Ibuild/src.linux-x86_64-2.7/numpy/core/src/multiarray -Ibuild/src.linux-x86_64-2.7/numpy/core/src/umath -c'
    gcc: numpy/numarray/_capi.c
    numpy/core/include/numpy/npy_3kcompat.h:391:1: warning: ‘simple_capsule_dtor’ defined but not used [-Wunused-function]
    gcc -pthread -shared -Wl,-O1 -Wl,-Bsymbolic-functions -Wl,-Bsymbolic-functions -Wl,-z,relro build/temp.linux-x86_64-2.7/numpy/numarray/_capi.o -Lbuild/temp.linux-x86_64-2.7 -o build/lib.linux-x86_64-2.7/numpy/numarray/_capi.so
    building 'numpy.fft.fftpack_lite' extension
    compiling C sources
    C compiler: gcc -pthread -fno-strict-aliasing -DNDEBUG -g -fwrapv -O2 -Wall -Wstrict-prototypes -fPIC
    
    compile options: '-Inumpy/core/include -Ibuild/src.linux-x86_64-2.7/numpy/core/include/numpy -Inumpy/core/src/private -Inumpy/core/src -Inumpy/core -Inumpy/core/src/npymath -Inumpy/core/src/multiarray -Inumpy/core/src/umath -Inumpy/core/include -I/usr/include/python2.7 -Ibuild/src.linux-x86_64-2.7/numpy/core/src/multiarray -Ibuild/src.linux-x86_64-2.7/numpy/core/src/umath -c'
    gcc: numpy/fft/fftpack.c
    gcc: numpy/fft/fftpack_litemodule.c
    gcc -pthread -shared -Wl,-O1 -Wl,-Bsymbolic-functions -Wl,-Bsymbolic-functions -Wl,-z,relro build/temp.linux-x86_64-2.7/numpy/fft/fftpack_litemodule.o build/temp.linux-x86_64-2.7/numpy/fft/fftpack.o -Lbuild/temp.linux-x86_64-2.7 -o build/lib.linux-x86_64-2.7/numpy/fft/fftpack_lite.so
    building 'numpy.linalg.lapack_lite' extension
    compiling C sources
    C compiler: gcc -pthread -fno-strict-aliasing -DNDEBUG -g -fwrapv -O2 -Wall -Wstrict-prototypes -fPIC
    
    compile options: '-Inumpy/core/include -Ibuild/src.linux-x86_64-2.7/numpy/core/include/numpy -Inumpy/core/src/private -Inumpy/core/src -Inumpy/core -Inumpy/core/src/npymath -Inumpy/core/src/multiarray -Inumpy/core/src/umath -Inumpy/core/include -I/usr/include/python2.7 -Ibuild/src.linux-x86_64-2.7/numpy/core/src/multiarray -Ibuild/src.linux-x86_64-2.7/numpy/core/src/umath -c'
    gcc: numpy/linalg/dlapack_lite.c
    numpy/linalg/dlapack_lite.c: In function ‘dbdsqr_’:
    numpy/linalg/dlapack_lite.c:590:23: warning: variable ‘sminlo’ set but not used [-Wunused-but-set-variable]
    gcc: numpy/linalg/blas_lite.c
    numpy/linalg/blas_lite.c: In function ‘dgemm_’:
    numpy/linalg/blas_lite.c:325:20: warning: variable ‘ncola’ set but not used [-Wunused-but-set-variable]
    numpy/linalg/blas_lite.c: In function ‘zgemm_’:
    numpy/linalg/blas_lite.c:4747:20: warning: variable ‘ncola’ set but not used [-Wunused-but-set-variable]
    gcc: numpy/linalg/zlapack_lite.c
    numpy/linalg/zlapack_lite.c: In function ‘zlaed7_’:
    numpy/linalg/zlapack_lite.c:9998:59: warning: variable ‘ind2’ set but not used [-Wunused-but-set-variable]
    numpy/linalg/zlapack_lite.c:9998:53: warning: variable ‘ind1’ set but not used [-Wunused-but-set-variable]
    gcc: numpy/linalg/lapack_litemodule.c
    gcc: numpy/linalg/python_xerbla.c
    gcc: numpy/linalg/f2c_lite.c
    gcc: numpy/linalg/dlamch.c
    numpy/linalg/dlamch.c: In function ‘dlamc4_’:
    numpy/linalg/dlamch.c:720:13: warning: variable ‘i__1’ set but not used [-Wunused-but-set-variable]
    numpy/linalg/dlamch.c: In function ‘dlamc5_’:
    numpy/linalg/dlamch.c:834:13: warning: variable ‘i__1’ set but not used [-Wunused-but-set-variable]
    gcc -pthread -shared -Wl,-O1 -Wl,-Bsymbolic-functions -Wl,-Bsymbolic-functions -Wl,-z,relro build/temp.linux-x86_64-2.7/numpy/linalg/lapack_litemodule.o build/temp.linux-x86_64-2.7/numpy/linalg/python_xerbla.o build/temp.linux-x86_64-2.7/numpy/linalg/zlapack_lite.o build/temp.linux-x86_64-2.7/numpy/linalg/dlapack_lite.o build/temp.linux-x86_64-2.7/numpy/linalg/blas_lite.o build/temp.linux-x86_64-2.7/numpy/linalg/dlamch.o build/temp.linux-x86_64-2.7/numpy/linalg/f2c_lite.o -Lbuild/temp.linux-x86_64-2.7 -o build/lib.linux-x86_64-2.7/numpy/linalg/lapack_lite.so
    building 'numpy.random.mtrand' extension
    compiling C sources
    C compiler: gcc -pthread -fno-strict-aliasing -DNDEBUG -g -fwrapv -O2 -Wall -Wstrict-prototypes -fPIC
    
    compile options: '-Inumpy/core/include -Ibuild/src.linux-x86_64-2.7/numpy/core/include/numpy -Inumpy/core/src/private -Inumpy/core/src -Inumpy/core -Inumpy/core/src/npymath -Inumpy/core/src/multiarray -Inumpy/core/src/umath -Inumpy/core/include -I/usr/include/python2.7 -Ibuild/src.linux-x86_64-2.7/numpy/core/src/multiarray -Ibuild/src.linux-x86_64-2.7/numpy/core/src/umath -c'
    gcc: numpy/random/mtrand/distributions.c
    gcc: numpy/random/mtrand/mtrand.c
    numpy/random/mtrand/mtrand.c: In function ‘__pyx_pf_6mtrand_11RandomState_2seed’:
    numpy/random/mtrand/mtrand.c:4876:12: warning: variable ‘__pyx_v_errcode’ set but not used [-Wunused-but-set-variable]
    gcc: numpy/random/mtrand/initarray.c
    build/src.linux-x86_64-2.7/numpy/core/include/numpy/__multiarray_api.h:1532:1: warning: ‘_import_array’ defined but not used [-Wunused-function]
    gcc: numpy/random/mtrand/randomkit.c
    gcc -pthread -shared -Wl,-O1 -Wl,-Bsymbolic-functions -Wl,-Bsymbolic-functions -Wl,-z,relro build/temp.linux-x86_64-2.7/numpy/random/mtrand/mtrand.o build/temp.linux-x86_64-2.7/numpy/random/mtrand/randomkit.o build/temp.linux-x86_64-2.7/numpy/random/mtrand/initarray.o build/temp.linux-x86_64-2.7/numpy/random/mtrand/distributions.o -Lbuild/temp.linux-x86_64-2.7 -o build/lib.linux-x86_64-2.7/numpy/random/mtrand.so
    Creating build/scripts.linux-x86_64-2.7/f2py
      adding 'build/scripts.linux-x86_64-2.7/f2py' to scripts
    changing mode of build/scripts.linux-x86_64-2.7/f2py from 664 to 775
    
    changing mode of /home/dghubble/6863-final-project/6863-env/bin/f2py to 775
  Running setup.py install for python-dateutil
    
  Running setup.py install for six
    
Successfully installed BeautifulSoup ipython numpy python-dateutil six
Cleaning up...

(6863-env)dghubble@LMercury:~/6863-final-project$ ls
6863-env       date_models.py     queries          temporal_analyzer.py
catalogs.py    event_models.py    query_models.py  texts
config.py      find_temporals.py  README.md        timex.py
datastores.py  pip-env-reqs.txt   shelved_data     util.py

(6863-env)dghubble@LMercury:~/6863-final-project$ python
Python 2.7.3 (default, Aug  1 2012, 05:14:39) 
[GCC 4.6.3] on linux2
Type "help", "copyright", "credits" or "license" for more information.
>>> import nltk
>>> nltk.download()
showing info http://nltk.github.com/nltk_data/
True
# This is where you use the GUI
>>> ^C

(6863-env)dghubble@LMercury:~/6863-final-project$ 
